{"/home/stormhierta/.openclaw/workspace/openclaw-self-evolution/src/config.ts": {"path":"/home/stormhierta/.openclaw/workspace/openclaw-self-evolution/src/config.ts","statementMap":{"0":{"start":{"line":17,"column":38},"end":{"line":21,"column":11}},"1":{"start":{"line":26,"column":43},"end":{"line":41,"column":11}},"2":{"start":{"line":46,"column":32},"end":{"line":50,"column":11}},"3":{"start":{"line":55,"column":35},"end":{"line":59,"column":11}},"4":{"start":{"line":68,"column":32},"end":{"line":72,"column":11}},"5":{"start":{"line":74,"column":37},"end":{"line":82,"column":11}},"6":{"start":{"line":114,"column":2},"end":{"line":114,"column":61}},"7":{"start":{"line":123,"column":2},"end":{"line":123,"column":97}},"8":{"start":{"line":131,"column":2},"end":{"line":131,"column":60}},"9":{"start":{"line":140,"column":2},"end":{"line":140,"column":65}}},"fnMap":{"0":{"name":"parseConfig","decl":{"start":{"line":113,"column":16},"end":{"line":113,"column":27}},"loc":{"start":{"line":113,"column":40},"end":{"line":115,"column":1}}},"1":{"name":"safeParseConfig","decl":{"start":{"line":122,"column":16},"end":{"line":122,"column":31}},"loc":{"start":{"line":122,"column":44},"end":{"line":124,"column":1}}},"2":{"name":"getDefaultConfig","decl":{"start":{"line":130,"column":16},"end":{"line":130,"column":32}},"loc":{"start":{"line":130,"column":32},"end":{"line":132,"column":1}}},"3":{"name":"mergeWithDefaults","decl":{"start":{"line":139,"column":16},"end":{"line":139,"column":33}},"loc":{"start":{"line":139,"column":67},"end":{"line":141,"column":1}}}},"branchMap":{},"s":{"0":0,"1":0,"2":0,"3":0,"4":0,"5":0,"6":0,"7":0,"8":0,"9":0},"f":{"0":0,"1":0,"2":0,"3":0},"b":{}}
,"/home/stormhierta/.openclaw/workspace/openclaw-self-evolution/src/index.ts": {"path":"/home/stormhierta/.openclaw/workspace/openclaw-self-evolution/src/index.ts","statementMap":{"0":{"start":{"line":61,"column":23},"end":{"line":61,"column":30}},"1":{"start":{"line":67,"column":54},"end":{"line":67,"column":58}},"2":{"start":{"line":69,"column":48},"end":{"line":69,"column":52}},"3":{"start":{"line":71,"column":44},"end":{"line":71,"column":48}},"4":{"start":{"line":73,"column":44},"end":{"line":73,"column":48}},"5":{"start":{"line":75,"column":34},"end":{"line":75,"column":38}},"6":{"start":{"line":76,"column":38},"end":{"line":76,"column":42}},"7":{"start":{"line":78,"column":48},"end":{"line":78,"column":52}},"8":{"start":{"line":80,"column":52},"end":{"line":80,"column":56}},"9":{"start":{"line":86,"column":2},"end":{"line":86,"column":22}},"10":{"start":{"line":93,"column":2},"end":{"line":93,"column":27}},"11":{"start":{"line":100,"column":2},"end":{"line":100,"column":26}},"12":{"start":{"line":107,"column":2},"end":{"line":107,"column":24}},"13":{"start":{"line":114,"column":2},"end":{"line":114,"column":26}},"14":{"start":{"line":121,"column":2},"end":{"line":121,"column":28}},"15":{"start":{"line":130,"column":2},"end":{"line":202,"column":4}},"16":{"start":{"line":144,"column":6},"end":{"line":200,"column":7}},"17":{"start":{"line":145,"column":8},"end":{"line":151,"column":9}},"18":{"start":{"line":146,"column":10},"end":{"line":150,"column":13}},"19":{"start":{"line":153,"column":26},"end":{"line":153,"column":62}},"20":{"start":{"line":155,"column":8},"end":{"line":193,"column":9}},"21":{"start":{"line":157,"column":27},"end":{"line":157,"column":71}},"22":{"start":{"line":158,"column":10},"end":{"line":171,"column":13}},"23":{"start":{"line":174,"column":28},"end":{"line":174,"column":67}},"24":{"start":{"line":175,"column":10},"end":{"line":192,"column":13}},"25":{"start":{"line":179,"column":45},"end":{"line":191,"column":14}},"26":{"start":{"line":195,"column":8},"end":{"line":199,"column":11}},"27":{"start":{"line":217,"column":2},"end":{"line":217,"column":50}},"28":{"start":{"line":229,"column":2},"end":{"line":229,"column":51}},"29":{"start":{"line":241,"column":2},"end":{"line":241,"column":50}},"30":{"start":{"line":253,"column":2},"end":{"line":253,"column":63}},"31":{"start":{"line":265,"column":2},"end":{"line":265,"column":55}},"32":{"start":{"line":277,"column":2},"end":{"line":277,"column":54}},"33":{"start":{"line":289,"column":2},"end":{"line":289,"column":52}},"34":{"start":{"line":301,"column":2},"end":{"line":301,"column":57}},"35":{"start":{"line":313,"column":2},"end":{"line":313,"column":55}},"36":{"start":{"line":325,"column":2},"end":{"line":450,"column":4}},"37":{"start":{"line":354,"column":24},"end":{"line":354,"column":48}},"38":{"start":{"line":355,"column":24},"end":{"line":355,"column":48}},"39":{"start":{"line":356,"column":30},"end":{"line":356,"column":86}},"40":{"start":{"line":359,"column":6},"end":{"line":365,"column":7}},"41":{"start":{"line":360,"column":8},"end":{"line":364,"column":11}},"42":{"start":{"line":368,"column":6},"end":{"line":374,"column":7}},"43":{"start":{"line":369,"column":8},"end":{"line":373,"column":11}},"44":{"start":{"line":377,"column":24},"end":{"line":382,"column":null}},"45":{"start":{"line":386,"column":6},"end":{"line":392,"column":7}},"46":{"start":{"line":387,"column":8},"end":{"line":391,"column":11}},"47":{"start":{"line":396,"column":6},"end":{"line":404,"column":7}},"48":{"start":{"line":397,"column":8},"end":{"line":397,"column":58}},"49":{"start":{"line":399,"column":8},"end":{"line":403,"column":11}},"50":{"start":{"line":407,"column":25},"end":{"line":407,"column":47}},"51":{"start":{"line":408,"column":24},"end":{"line":408,"column":62}},"52":{"start":{"line":409,"column":43},"end":{"line":417,"column":8}},"53":{"start":{"line":418,"column":31},"end":{"line":418,"column":65}},"54":{"start":{"line":421,"column":31},"end":{"line":421,"column":35}},"55":{"start":{"line":422,"column":6},"end":{"line":433,"column":7}},"56":{"start":{"line":423,"column":46},"end":{"line":431,"column":10}},"57":{"start":{"line":432,"column":8},"end":{"line":432,"column":65}},"58":{"start":{"line":436,"column":25},"end":{"line":436,"column":95}},"59":{"start":{"line":437,"column":6},"end":{"line":448,"column":9}},"60":{"start":{"line":458,"column":2},"end":{"line":582,"column":4}},"61":{"start":{"line":481,"column":24},"end":{"line":481,"column":48}},"62":{"start":{"line":484,"column":6},"end":{"line":490,"column":7}},"63":{"start":{"line":485,"column":8},"end":{"line":489,"column":11}},"64":{"start":{"line":493,"column":24},"end":{"line":498,"column":null}},"65":{"start":{"line":502,"column":6},"end":{"line":508,"column":7}},"66":{"start":{"line":503,"column":8},"end":{"line":507,"column":11}},"67":{"start":{"line":510,"column":6},"end":{"line":580,"column":7}},"68":{"start":{"line":512,"column":8},"end":{"line":518,"column":9}},"69":{"start":{"line":513,"column":10},"end":{"line":517,"column":13}},"70":{"start":{"line":521,"column":31},"end":{"line":521,"column":57}},"71":{"start":{"line":522,"column":25},"end":{"line":522,"column":61}},"72":{"start":{"line":523,"column":27},"end":{"line":523,"column":49}},"73":{"start":{"line":524,"column":31},"end":{"line":524,"column":69}},"74":{"start":{"line":525,"column":36},"end":{"line":525,"column":95}},"75":{"start":{"line":526,"column":24},"end":{"line":526,"column":94}},"76":{"start":{"line":529,"column":8},"end":{"line":535,"column":9}},"77":{"start":{"line":530,"column":10},"end":{"line":534,"column":13}},"78":{"start":{"line":536,"column":39},"end":{"line":536,"column":63}},"79":{"start":{"line":537,"column":36},"end":{"line":537,"column":109}},"80":{"start":{"line":538,"column":35},"end":{"line":538,"column":65}},"81":{"start":{"line":539,"column":32},"end":{"line":539,"column":59}},"82":{"start":{"line":540,"column":31},"end":{"line":545,"column":null}},"83":{"start":{"line":548,"column":26},"end":{"line":552,"column":null}},"84":{"start":{"line":556,"column":31},"end":{"line":556,"column":69}},"85":{"start":{"line":558,"column":31},"end":{"line":558,"column":104}},"86":{"start":{"line":559,"column":20},"end":{"line":563,"column":10}},"87":{"start":{"line":566,"column":8},"end":{"line":572,"column":11}},"88":{"start":{"line":575,"column":8},"end":{"line":579,"column":11}},"89":{"start":{"line":590,"column":2},"end":{"line":687,"column":4}},"90":{"start":{"line":608,"column":6},"end":{"line":685,"column":7}},"91":{"start":{"line":610,"column":8},"end":{"line":616,"column":9}},"92":{"start":{"line":611,"column":10},"end":{"line":615,"column":13}},"93":{"start":{"line":620,"column":28},"end":{"line":620,"column":58}},"94":{"start":{"line":621,"column":35},"end":{"line":621,"column":68}},"95":{"start":{"line":622,"column":26},"end":{"line":626,"column":null}},"96":{"start":{"line":630,"column":8},"end":{"line":677,"column":9}},"97":{"start":{"line":631,"column":22},"end":{"line":631,"column":70}},"98":{"start":{"line":632,"column":10},"end":{"line":634,"column":11}},"99":{"start":{"line":633,"column":12},"end":{"line":633,"column":67}},"100":{"start":{"line":635,"column":10},"end":{"line":647,"column":13}},"101":{"start":{"line":648,"column":15},"end":{"line":677,"column":9}},"102":{"start":{"line":649,"column":23},"end":{"line":649,"column":86}},"103":{"start":{"line":650,"column":10},"end":{"line":661,"column":13}},"104":{"start":{"line":651,"column":35},"end":{"line":660,"column":14}},"105":{"start":{"line":663,"column":23},"end":{"line":663,"column":49}},"106":{"start":{"line":664,"column":25},"end":{"line":664,"column":42}},"107":{"start":{"line":665,"column":10},"end":{"line":676,"column":13}},"108":{"start":{"line":666,"column":37},"end":{"line":675,"column":14}},"109":{"start":{"line":680,"column":8},"end":{"line":684,"column":11}},"110":{"start":{"line":695,"column":27},"end":{"line":695,"column":70}},"111":{"start":{"line":696,"column":2},"end":{"line":701,"column":3}},"112":{"start":{"line":697,"column":22},"end":{"line":697,"column":86}},"113":{"start":{"line":698,"column":4},"end":{"line":700,"column":5}},"114":{"start":{"line":699,"column":6},"end":{"line":699,"column":33}},"115":{"start":{"line":703,"column":16},"end":{"line":703,"column":40}},"116":{"start":{"line":704,"column":2},"end":{"line":709,"column":3}},"117":{"start":{"line":705,"column":20},"end":{"line":705,"column":31}},"118":{"start":{"line":706,"column":4},"end":{"line":708,"column":5}},"119":{"start":{"line":707,"column":6},"end":{"line":707,"column":35}},"120":{"start":{"line":710,"column":2},"end":{"line":710,"column":39}},"121":{"start":{"line":718,"column":2},"end":{"line":868,"column":4}},"122":{"start":{"line":742,"column":24},"end":{"line":742,"column":48}},"123":{"start":{"line":743,"column":27},"end":{"line":743,"column":63}},"124":{"start":{"line":744,"column":25},"end":{"line":744,"column":62}},"125":{"start":{"line":747,"column":6},"end":{"line":753,"column":7}},"126":{"start":{"line":748,"column":8},"end":{"line":752,"column":11}},"127":{"start":{"line":756,"column":24},"end":{"line":761,"column":null}},"128":{"start":{"line":765,"column":6},"end":{"line":771,"column":7}},"129":{"start":{"line":766,"column":8},"end":{"line":770,"column":11}},"130":{"start":{"line":775,"column":6},"end":{"line":783,"column":7}},"131":{"start":{"line":776,"column":8},"end":{"line":776,"column":56}},"132":{"start":{"line":778,"column":8},"end":{"line":782,"column":11}},"133":{"start":{"line":785,"column":6},"end":{"line":866,"column":7}},"134":{"start":{"line":787,"column":28},"end":{"line":787,"column":65}},"135":{"start":{"line":790,"column":8},"end":{"line":796,"column":9}},"136":{"start":{"line":791,"column":10},"end":{"line":795,"column":13}},"137":{"start":{"line":800,"column":8},"end":{"line":806,"column":9}},"138":{"start":{"line":801,"column":10},"end":{"line":805,"column":13}},"139":{"start":{"line":807,"column":140},"end":{"line":807,"column":142}},"140":{"start":{"line":808,"column":8},"end":{"line":812,"column":9}},"141":{"start":{"line":810,"column":10},"end":{"line":810,"column":49}},"142":{"start":{"line":811,"column":10},"end":{"line":811,"column":45}},"143":{"start":{"line":814,"column":8},"end":{"line":817,"column":9}},"144":{"start":{"line":815,"column":10},"end":{"line":815,"column":54}},"145":{"start":{"line":816,"column":10},"end":{"line":816,"column":62}},"146":{"start":{"line":819,"column":35},"end":{"line":819,"column":65}},"147":{"start":{"line":820,"column":32},"end":{"line":820,"column":59}},"148":{"start":{"line":825,"column":8},"end":{"line":831,"column":9}},"149":{"start":{"line":826,"column":10},"end":{"line":830,"column":13}},"150":{"start":{"line":832,"column":39},"end":{"line":832,"column":63}},"151":{"start":{"line":833,"column":36},"end":{"line":836,"column":null}},"152":{"start":{"line":839,"column":24},"end":{"line":844,"column":null}},"153":{"start":{"line":850,"column":25},"end":{"line":850,"column":90}},"154":{"start":{"line":853,"column":8},"end":{"line":858,"column":11}},"155":{"start":{"line":861,"column":8},"end":{"line":865,"column":11}},"156":{"start":{"line":876,"column":2},"end":{"line":1021,"column":4}},"157":{"start":{"line":895,"column":24},"end":{"line":895,"column":48}},"158":{"start":{"line":898,"column":6},"end":{"line":900,"column":7}},"159":{"start":{"line":899,"column":8},"end":{"line":899,"column":115}},"160":{"start":{"line":902,"column":31},"end":{"line":902,"column":47}},"161":{"start":{"line":905,"column":24},"end":{"line":910,"column":null}},"162":{"start":{"line":915,"column":6},"end":{"line":923,"column":7}},"163":{"start":{"line":916,"column":8},"end":{"line":916,"column":56}},"164":{"start":{"line":918,"column":8},"end":{"line":922,"column":11}},"165":{"start":{"line":926,"column":36},"end":{"line":934,"column":8}},"166":{"start":{"line":937,"column":25},"end":{"line":937,"column":47}},"167":{"start":{"line":938,"column":24},"end":{"line":938,"column":62}},"168":{"start":{"line":939,"column":31},"end":{"line":939,"column":58}},"169":{"start":{"line":942,"column":29},"end":{"line":942,"column":96}},"170":{"start":{"line":943,"column":50},"end":{"line":952,"column":8}},"171":{"start":{"line":955,"column":24},"end":{"line":955,"column":60}},"172":{"start":{"line":956,"column":6},"end":{"line":1012,"column":7}},"173":{"start":{"line":958,"column":8},"end":{"line":964,"column":9}},"174":{"start":{"line":959,"column":10},"end":{"line":963,"column":13}},"175":{"start":{"line":966,"column":8},"end":{"line":1011,"column":9}},"176":{"start":{"line":968,"column":28},"end":{"line":968,"column":70}},"177":{"start":{"line":969,"column":10},"end":{"line":975,"column":11}},"178":{"start":{"line":970,"column":12},"end":{"line":974,"column":15}},"179":{"start":{"line":978,"column":29},"end":{"line":978,"column":51}},"180":{"start":{"line":979,"column":32},"end":{"line":979,"column":77}},"181":{"start":{"line":984,"column":32},"end":{"line":984,"column":89}},"182":{"start":{"line":985,"column":29},"end":{"line":985,"column":93}},"183":{"start":{"line":988,"column":10},"end":{"line":1004,"column":13}},"184":{"start":{"line":1006,"column":10},"end":{"line":1010,"column":13}},"185":{"start":{"line":1015,"column":6},"end":{"line":1019,"column":9}},"186":{"start":{"line":1030,"column":2},"end":{"line":1069,"column":4}},"187":{"start":{"line":1039,"column":6},"end":{"line":1067,"column":7}},"188":{"start":{"line":1040,"column":8},"end":{"line":1046,"column":9}},"189":{"start":{"line":1041,"column":10},"end":{"line":1045,"column":13}},"190":{"start":{"line":1048,"column":23},"end":{"line":1048,"column":58}},"191":{"start":{"line":1050,"column":8},"end":{"line":1060,"column":11}},"192":{"start":{"line":1062,"column":8},"end":{"line":1066,"column":11}},"193":{"start":{"line":1078,"column":2},"end":{"line":1147,"column":4}},"194":{"start":{"line":1096,"column":6},"end":{"line":1145,"column":7}},"195":{"start":{"line":1098,"column":8},"end":{"line":1104,"column":9}},"196":{"start":{"line":1099,"column":10},"end":{"line":1103,"column":13}},"197":{"start":{"line":1106,"column":26},"end":{"line":1106,"column":62}},"198":{"start":{"line":1107,"column":22},"end":{"line":1107,"column":70}},"199":{"start":{"line":1110,"column":31},"end":{"line":1110,"column":87}},"200":{"start":{"line":1112,"column":8},"end":{"line":1118,"column":9}},"201":{"start":{"line":1113,"column":10},"end":{"line":1117,"column":13}},"202":{"start":{"line":1121,"column":24},"end":{"line":1121,"column":71}},"203":{"start":{"line":1124,"column":29},"end":{"line":1124,"column":84}},"204":{"start":{"line":1124,"column":49},"end":{"line":1124,"column":76}},"205":{"start":{"line":1125,"column":29},"end":{"line":1125,"column":84}},"206":{"start":{"line":1125,"column":49},"end":{"line":1125,"column":76}},"207":{"start":{"line":1126,"column":29},"end":{"line":1126,"column":84}},"208":{"start":{"line":1126,"column":49},"end":{"line":1126,"column":76}},"209":{"start":{"line":1128,"column":8},"end":{"line":1138,"column":11}},"210":{"start":{"line":1137,"column":51},"end":{"line":1137,"column":71}},"211":{"start":{"line":1140,"column":8},"end":{"line":1144,"column":11}},"212":{"start":{"line":1171,"column":22},"end":{"line":1171,"column":25}},"213":{"start":{"line":1172,"column":23},"end":{"line":1172,"column":101}},"214":{"start":{"line":1174,"column":2},"end":{"line":1182,"column":7}},"215":{"start":{"line":1181,"column":6},"end":{"line":1181,"column":91}},"216":{"start":{"line":1184,"column":2},"end":{"line":1191,"column":7}},"217":{"start":{"line":1190,"column":6},"end":{"line":1190,"column":94}},"218":{"start":{"line":1193,"column":2},"end":{"line":1199,"column":7}},"219":{"start":{"line":1198,"column":6},"end":{"line":1198,"column":92}},"220":{"start":{"line":1201,"column":16},"end":{"line":1201,"column":88}},"221":{"start":{"line":1202,"column":2},"end":{"line":1224,"column":7}},"222":{"start":{"line":1206,"column":6},"end":{"line":1209,"column":7}},"223":{"start":{"line":1207,"column":8},"end":{"line":1207,"column":70}},"224":{"start":{"line":1208,"column":8},"end":{"line":1208,"column":15}},"225":{"start":{"line":1210,"column":6},"end":{"line":1223,"column":7}},"226":{"start":{"line":1211,"column":24},"end":{"line":1211,"column":54}},"227":{"start":{"line":1212,"column":8},"end":{"line":1220,"column":9}},"228":{"start":{"line":1213,"column":10},"end":{"line":1213,"column":57}},"229":{"start":{"line":1215,"column":10},"end":{"line":1215,"column":75}},"230":{"start":{"line":1216,"column":10},"end":{"line":1219,"column":11}},"231":{"start":{"line":1217,"column":12},"end":{"line":1217,"column":91}},"232":{"start":{"line":1218,"column":12},"end":{"line":1218,"column":121}},"233":{"start":{"line":1222,"column":8},"end":{"line":1222,"column":114}},"234":{"start":{"line":1226,"column":2},"end":{"line":1247,"column":7}},"235":{"start":{"line":1232,"column":6},"end":{"line":1235,"column":7}},"236":{"start":{"line":1233,"column":8},"end":{"line":1233,"column":70}},"237":{"start":{"line":1234,"column":8},"end":{"line":1234,"column":15}},"238":{"start":{"line":1236,"column":19},"end":{"line":1236,"column":39}},"239":{"start":{"line":1237,"column":6},"end":{"line":1240,"column":7}},"240":{"start":{"line":1238,"column":8},"end":{"line":1238,"column":66}},"241":{"start":{"line":1239,"column":8},"end":{"line":1239,"column":15}},"242":{"start":{"line":1241,"column":6},"end":{"line":1246,"column":7}},"243":{"start":{"line":1242,"column":25},"end":{"line":1242,"column":70}},"244":{"start":{"line":1243,"column":8},"end":{"line":1243,"column":79}},"245":{"start":{"line":1245,"column":8},"end":{"line":1245,"column":116}},"246":{"start":{"line":1249,"column":2},"end":{"line":1270,"column":7}},"247":{"start":{"line":1255,"column":6},"end":{"line":1258,"column":7}},"248":{"start":{"line":1256,"column":8},"end":{"line":1256,"column":70}},"249":{"start":{"line":1257,"column":8},"end":{"line":1257,"column":15}},"250":{"start":{"line":1259,"column":19},"end":{"line":1259,"column":39}},"251":{"start":{"line":1260,"column":6},"end":{"line":1263,"column":7}},"252":{"start":{"line":1261,"column":8},"end":{"line":1261,"column":66}},"253":{"start":{"line":1262,"column":8},"end":{"line":1262,"column":15}},"254":{"start":{"line":1264,"column":6},"end":{"line":1269,"column":7}},"255":{"start":{"line":1265,"column":25},"end":{"line":1265,"column":69}},"256":{"start":{"line":1266,"column":8},"end":{"line":1266,"column":79}},"257":{"start":{"line":1268,"column":8},"end":{"line":1268,"column":115}},"258":{"start":{"line":1277,"column":22},"end":{"line":1277,"column":25}},"259":{"start":{"line":1278,"column":21},"end":{"line":1278,"column":95}},"260":{"start":{"line":1280,"column":2},"end":{"line":1287,"column":7}},"261":{"start":{"line":1286,"column":6},"end":{"line":1286,"column":91}},"262":{"start":{"line":1289,"column":2},"end":{"line":1295,"column":7}},"263":{"start":{"line":1294,"column":6},"end":{"line":1294,"column":90}},"264":{"start":{"line":1297,"column":2},"end":{"line":1303,"column":7}},"265":{"start":{"line":1302,"column":6},"end":{"line":1302,"column":94}},"266":{"start":{"line":1310,"column":22},"end":{"line":1310,"column":25}},"267":{"start":{"line":1311,"column":23},"end":{"line":1311,"column":108}},"268":{"start":{"line":1313,"column":2},"end":{"line":1320,"column":7}},"269":{"start":{"line":1319,"column":6},"end":{"line":1319,"column":91}},"270":{"start":{"line":1322,"column":2},"end":{"line":1328,"column":7}},"271":{"start":{"line":1327,"column":6},"end":{"line":1327,"column":92}},"272":{"start":{"line":1330,"column":2},"end":{"line":1337,"column":7}},"273":{"start":{"line":1336,"column":6},"end":{"line":1336,"column":95}},"274":{"start":{"line":1348,"column":46},"end":{"line":1348,"column":49}},"275":{"start":{"line":1350,"column":2},"end":{"line":1350,"column":81}},"276":{"start":{"line":1353,"column":2},"end":{"line":1359,"column":3}},"277":{"start":{"line":1354,"column":4},"end":{"line":1354,"column":48}},"278":{"start":{"line":1355,"column":4},"end":{"line":1355,"column":70}},"279":{"start":{"line":1357,"column":4},"end":{"line":1357,"column":77}},"280":{"start":{"line":1358,"column":4},"end":{"line":1358,"column":16}},"281":{"start":{"line":1361,"column":2},"end":{"line":1364,"column":3}},"282":{"start":{"line":1362,"column":4},"end":{"line":1362,"column":78}},"283":{"start":{"line":1363,"column":4},"end":{"line":1363,"column":11}},"284":{"start":{"line":1367,"column":2},"end":{"line":1367,"column":62}},"285":{"start":{"line":1368,"column":2},"end":{"line":1368,"column":75}},"286":{"start":{"line":1371,"column":2},"end":{"line":1371,"column":52}},"287":{"start":{"line":1374,"column":2},"end":{"line":1374,"column":52}},"288":{"start":{"line":1375,"column":2},"end":{"line":1375,"column":36}},"289":{"start":{"line":1378,"column":21},"end":{"line":1378,"column":59}},"290":{"start":{"line":1379,"column":26},"end":{"line":1379,"column":59}},"291":{"start":{"line":1380,"column":2},"end":{"line":1380,"column":71}},"292":{"start":{"line":1381,"column":2},"end":{"line":1381,"column":31}},"293":{"start":{"line":1382,"column":2},"end":{"line":1382,"column":69}},"294":{"start":{"line":1383,"column":2},"end":{"line":1383,"column":33}},"295":{"start":{"line":1384,"column":2},"end":{"line":1384,"column":100}},"296":{"start":{"line":1387,"column":2},"end":{"line":1387,"column":56}},"297":{"start":{"line":1388,"column":2},"end":{"line":1388,"column":93}},"298":{"start":{"line":1392,"column":2},"end":{"line":1412,"column":3}},"299":{"start":{"line":1393,"column":4},"end":{"line":1399,"column":6}},"300":{"start":{"line":1401,"column":4},"end":{"line":1411,"column":5}},"301":{"start":{"line":1402,"column":6},"end":{"line":1407,"column":9}},"302":{"start":{"line":1408,"column":6},"end":{"line":1408,"column":81}},"303":{"start":{"line":1410,"column":6},"end":{"line":1410,"column":102}},"304":{"start":{"line":1415,"column":2},"end":{"line":1448,"column":3}},"305":{"start":{"line":1416,"column":4},"end":{"line":1416,"column":65}},"306":{"start":{"line":1418,"column":4},"end":{"line":1418,"column":40}},"307":{"start":{"line":1419,"column":4},"end":{"line":1419,"column":42}},"308":{"start":{"line":1420,"column":4},"end":{"line":1420,"column":40}},"309":{"start":{"line":1421,"column":4},"end":{"line":1421,"column":53}},"310":{"start":{"line":1422,"column":4},"end":{"line":1422,"column":51}},"311":{"start":{"line":1423,"column":4},"end":{"line":1423,"column":48}},"312":{"start":{"line":1424,"column":4},"end":{"line":1424,"column":44}},"313":{"start":{"line":1425,"column":4},"end":{"line":1425,"column":54}},"314":{"start":{"line":1426,"column":4},"end":{"line":1426,"column":50}},"315":{"start":{"line":1429,"column":4},"end":{"line":1438,"column":5}},"316":{"start":{"line":1430,"column":6},"end":{"line":1430,"column":42}},"317":{"start":{"line":1432,"column":6},"end":{"line":1432,"column":57}},"318":{"start":{"line":1433,"column":6},"end":{"line":1433,"column":50}},"319":{"start":{"line":1434,"column":6},"end":{"line":1434,"column":80}},"320":{"start":{"line":1436,"column":6},"end":{"line":1436,"column":88}},"321":{"start":{"line":1441,"column":4},"end":{"line":1447,"column":5}},"322":{"start":{"line":1442,"column":6},"end":{"line":1442,"column":40}},"323":{"start":{"line":1443,"column":6},"end":{"line":1443,"column":66}},"324":{"start":{"line":1445,"column":6},"end":{"line":1445,"column":86}},"325":{"start":{"line":1451,"column":2},"end":{"line":1451,"column":62}},"326":{"start":{"line":1453,"column":2},"end":{"line":1455,"column":5}},"327":{"start":{"line":1457,"column":2},"end":{"line":1459,"column":5}},"328":{"start":{"line":1461,"column":2},"end":{"line":1463,"column":5}},"329":{"start":{"line":1465,"column":2},"end":{"line":1467,"column":5}},"330":{"start":{"line":1469,"column":2},"end":{"line":1471,"column":5}},"331":{"start":{"line":1473,"column":2},"end":{"line":1475,"column":5}},"332":{"start":{"line":1477,"column":2},"end":{"line":1479,"column":5}},"333":{"start":{"line":1481,"column":2},"end":{"line":1483,"column":5}},"334":{"start":{"line":1486,"column":2},"end":{"line":1486,"column":59}},"335":{"start":{"line":1488,"column":2},"end":{"line":1493,"column":5}},"336":{"start":{"line":1495,"column":2},"end":{"line":1500,"column":5}},"337":{"start":{"line":1502,"column":2},"end":{"line":1507,"column":5}},"338":{"start":{"line":1509,"column":2},"end":{"line":1509,"column":63}}},"fnMap":{"0":{"name":"getConfig","decl":{"start":{"line":85,"column":16},"end":{"line":85,"column":25}},"loc":{"start":{"line":85,"column":25},"end":{"line":87,"column":1}}},"1":{"name":"getTrajectoryHandler","decl":{"start":{"line":92,"column":16},"end":{"line":92,"column":36}},"loc":{"start":{"line":92,"column":36},"end":{"line":94,"column":1}}},"2":{"name":"getTrajectoryLogger","decl":{"start":{"line":99,"column":16},"end":{"line":99,"column":35}},"loc":{"start":{"line":99,"column":35},"end":{"line":101,"column":1}}},"3":{"name":"getOutcomeLabeler","decl":{"start":{"line":106,"column":16},"end":{"line":106,"column":33}},"loc":{"start":{"line":106,"column":33},"end":{"line":108,"column":1}}},"4":{"name":"getEvolutionTrigger","decl":{"start":{"line":113,"column":16},"end":{"line":113,"column":35}},"loc":{"start":{"line":113,"column":35},"end":{"line":115,"column":1}}},"5":{"name":"getScheduler","decl":{"start":{"line":120,"column":16},"end":{"line":120,"column":28}},"loc":{"start":{"line":120,"column":28},"end":{"line":122,"column":1}}},"6":{"name":"createCheckEvolutionNeedTool","decl":{"start":{"line":129,"column":9},"end":{"line":129,"column":37}},"loc":{"start":{"line":129,"column":61},"end":{"line":203,"column":1}}},"7":{"name":"(anonymous_7)","decl":{"start":{"line":143,"column":13},"end":{"line":143,"column":18}},"loc":{"start":{"line":143,"column":74},"end":{"line":201,"column":5}}},"8":{"name":"(anonymous_8)","decl":{"start":{"line":179,"column":37},"end":{"line":179,"column":38}},"loc":{"start":{"line":179,"column":45},"end":{"line":191,"column":14}}},"9":{"name":"handleLlmInput","decl":{"start":{"line":213,"column":15},"end":{"line":213,"column":29}},"loc":{"start":{"line":215,"column":19},"end":{"line":218,"column":1}}},"10":{"name":"handleLlmOutput","decl":{"start":{"line":225,"column":15},"end":{"line":225,"column":30}},"loc":{"start":{"line":227,"column":19},"end":{"line":230,"column":1}}},"11":{"name":"handleAgentEnd","decl":{"start":{"line":237,"column":15},"end":{"line":237,"column":29}},"loc":{"start":{"line":239,"column":19},"end":{"line":242,"column":1}}},"12":{"name":"handleBeforeToolCall","decl":{"start":{"line":249,"column":15},"end":{"line":249,"column":35}},"loc":{"start":{"line":251,"column":18},"end":{"line":254,"column":1}}},"13":{"name":"handleAfterToolCall","decl":{"start":{"line":261,"column":15},"end":{"line":261,"column":34}},"loc":{"start":{"line":263,"column":18},"end":{"line":266,"column":1}}},"14":{"name":"handleSessionStart","decl":{"start":{"line":273,"column":15},"end":{"line":273,"column":33}},"loc":{"start":{"line":275,"column":21},"end":{"line":278,"column":1}}},"15":{"name":"handleSessionEnd","decl":{"start":{"line":285,"column":15},"end":{"line":285,"column":31}},"loc":{"start":{"line":287,"column":21},"end":{"line":290,"column":1}}},"16":{"name":"handleSubagentSpawned","decl":{"start":{"line":297,"column":15},"end":{"line":297,"column":36}},"loc":{"start":{"line":299,"column":22},"end":{"line":302,"column":1}}},"17":{"name":"handleSubagentEnded","decl":{"start":{"line":309,"column":15},"end":{"line":309,"column":34}},"loc":{"start":{"line":311,"column":22},"end":{"line":314,"column":1}}},"18":{"name":"createProposeSkillEditTool","decl":{"start":{"line":324,"column":9},"end":{"line":324,"column":35}},"loc":{"start":{"line":324,"column":59},"end":{"line":451,"column":1}}},"19":{"name":"(anonymous_19)","decl":{"start":{"line":353,"column":13},"end":{"line":353,"column":18}},"loc":{"start":{"line":353,"column":74},"end":{"line":449,"column":5}}},"20":{"name":"createRunEvolutionTool","decl":{"start":{"line":457,"column":9},"end":{"line":457,"column":31}},"loc":{"start":{"line":457,"column":55},"end":{"line":583,"column":1}}},"21":{"name":"(anonymous_21)","decl":{"start":{"line":480,"column":13},"end":{"line":480,"column":18}},"loc":{"start":{"line":480,"column":74},"end":{"line":581,"column":5}}},"22":{"name":"createEvolutionStatusTool","decl":{"start":{"line":589,"column":9},"end":{"line":589,"column":34}},"loc":{"start":{"line":589,"column":58},"end":{"line":688,"column":1}}},"23":{"name":"(anonymous_23)","decl":{"start":{"line":607,"column":13},"end":{"line":607,"column":18}},"loc":{"start":{"line":607,"column":74},"end":{"line":686,"column":5}}},"24":{"name":"(anonymous_24)","decl":{"start":{"line":651,"column":27},"end":{"line":651,"column":28}},"loc":{"start":{"line":651,"column":35},"end":{"line":660,"column":14}}},"25":{"name":"(anonymous_25)","decl":{"start":{"line":666,"column":29},"end":{"line":666,"column":30}},"loc":{"start":{"line":666,"column":37},"end":{"line":675,"column":14}}},"26":{"name":"extractSkillDescription","decl":{"start":{"line":694,"column":9},"end":{"line":694,"column":32}},"loc":{"start":{"line":694,"column":53},"end":{"line":711,"column":1}}},"27":{"name":"createDatasetBuildTool","decl":{"start":{"line":717,"column":9},"end":{"line":717,"column":31}},"loc":{"start":{"line":717,"column":55},"end":{"line":869,"column":1}}},"28":{"name":"(anonymous_28)","decl":{"start":{"line":741,"column":13},"end":{"line":741,"column":18}},"loc":{"start":{"line":741,"column":74},"end":{"line":867,"column":5}}},"29":{"name":"createBenchmarkRunTool","decl":{"start":{"line":875,"column":9},"end":{"line":875,"column":31}},"loc":{"start":{"line":875,"column":55},"end":{"line":1022,"column":1}}},"30":{"name":"(anonymous_30)","decl":{"start":{"line":894,"column":13},"end":{"line":894,"column":18}},"loc":{"start":{"line":894,"column":74},"end":{"line":1020,"column":5}}},"31":{"name":"createRunSchedulerCycleTool","decl":{"start":{"line":1029,"column":9},"end":{"line":1029,"column":36}},"loc":{"start":{"line":1029,"column":61},"end":{"line":1070,"column":1}}},"32":{"name":"(anonymous_32)","decl":{"start":{"line":1038,"column":13},"end":{"line":1038,"column":18}},"loc":{"start":{"line":1038,"column":75},"end":{"line":1068,"column":5}}},"33":{"name":"createLabelTrajectoriesTool","decl":{"start":{"line":1077,"column":9},"end":{"line":1077,"column":36}},"loc":{"start":{"line":1077,"column":60},"end":{"line":1148,"column":1}}},"34":{"name":"(anonymous_34)","decl":{"start":{"line":1095,"column":13},"end":{"line":1095,"column":18}},"loc":{"start":{"line":1095,"column":74},"end":{"line":1146,"column":5}}},"35":{"name":"(anonymous_35)","decl":{"start":{"line":1124,"column":44},"end":{"line":1124,"column":45}},"loc":{"start":{"line":1124,"column":49},"end":{"line":1124,"column":76}}},"36":{"name":"(anonymous_36)","decl":{"start":{"line":1125,"column":44},"end":{"line":1125,"column":45}},"loc":{"start":{"line":1125,"column":49},"end":{"line":1125,"column":76}}},"37":{"name":"(anonymous_37)","decl":{"start":{"line":1126,"column":44},"end":{"line":1126,"column":45}},"loc":{"start":{"line":1126,"column":49},"end":{"line":1126,"column":76}}},"38":{"name":"(anonymous_38)","decl":{"start":{"line":1137,"column":39},"end":{"line":1137,"column":40}},"loc":{"start":{"line":1137,"column":51},"end":{"line":1137,"column":71}}},"39":{"name":"registerEvolutionCli","decl":{"start":{"line":1170,"column":9},"end":{"line":1170,"column":29}},"loc":{"start":{"line":1170,"column":45},"end":{"line":1271,"column":1}}},"40":{"name":"(anonymous_40)","decl":{"start":{"line":1180,"column":12},"end":{"line":1180,"column":17}},"loc":{"start":{"line":1180,"column":66},"end":{"line":1182,"column":5}}},"41":{"name":"(anonymous_41)","decl":{"start":{"line":1189,"column":12},"end":{"line":1189,"column":17}},"loc":{"start":{"line":1189,"column":66},"end":{"line":1191,"column":5}}},"42":{"name":"(anonymous_42)","decl":{"start":{"line":1197,"column":12},"end":{"line":1197,"column":17}},"loc":{"start":{"line":1197,"column":50},"end":{"line":1199,"column":5}}},"43":{"name":"(anonymous_43)","decl":{"start":{"line":1205,"column":12},"end":{"line":1205,"column":17}},"loc":{"start":{"line":1205,"column":23},"end":{"line":1224,"column":5}}},"44":{"name":"(anonymous_44)","decl":{"start":{"line":1231,"column":12},"end":{"line":1231,"column":17}},"loc":{"start":{"line":1231,"column":66},"end":{"line":1247,"column":5}}},"45":{"name":"(anonymous_45)","decl":{"start":{"line":1254,"column":12},"end":{"line":1254,"column":17}},"loc":{"start":{"line":1254,"column":66},"end":{"line":1270,"column":5}}},"46":{"name":"registerDatasetCli","decl":{"start":{"line":1276,"column":9},"end":{"line":1276,"column":27}},"loc":{"start":{"line":1276,"column":43},"end":{"line":1304,"column":1}}},"47":{"name":"(anonymous_47)","decl":{"start":{"line":1285,"column":12},"end":{"line":1285,"column":17}},"loc":{"start":{"line":1285,"column":66},"end":{"line":1287,"column":5}}},"48":{"name":"(anonymous_48)","decl":{"start":{"line":1293,"column":12},"end":{"line":1293,"column":17}},"loc":{"start":{"line":1293,"column":66},"end":{"line":1295,"column":5}}},"49":{"name":"(anonymous_49)","decl":{"start":{"line":1301,"column":12},"end":{"line":1301,"column":17}},"loc":{"start":{"line":1301,"column":66},"end":{"line":1303,"column":5}}},"50":{"name":"registerBenchmarkCli","decl":{"start":{"line":1309,"column":9},"end":{"line":1309,"column":29}},"loc":{"start":{"line":1309,"column":45},"end":{"line":1338,"column":1}}},"51":{"name":"(anonymous_51)","decl":{"start":{"line":1318,"column":12},"end":{"line":1318,"column":17}},"loc":{"start":{"line":1318,"column":66},"end":{"line":1320,"column":5}}},"52":{"name":"(anonymous_52)","decl":{"start":{"line":1326,"column":12},"end":{"line":1326,"column":17}},"loc":{"start":{"line":1326,"column":66},"end":{"line":1328,"column":5}}},"53":{"name":"(anonymous_53)","decl":{"start":{"line":1335,"column":12},"end":{"line":1335,"column":17}},"loc":{"start":{"line":1335,"column":66},"end":{"line":1337,"column":5}}},"54":{"name":"register","decl":{"start":{"line":1347,"column":15},"end":{"line":1347,"column":23}},"loc":{"start":{"line":1347,"column":46},"end":{"line":1510,"column":1}}}},"branchMap":{"0":{"loc":{"start":{"line":145,"column":8},"end":{"line":151,"column":9}},"type":"if","locations":[{"start":{"line":145,"column":8},"end":{"line":151,"column":9}}]},"1":{"loc":{"start":{"line":155,"column":8},"end":{"line":193,"column":9}},"type":"if","locations":[{"start":{"line":155,"column":8},"end":{"line":193,"column":9}},{"start":{"line":172,"column":15},"end":{"line":193,"column":9}}]},"2":{"loc":{"start":{"line":197,"column":17},"end":{"line":197,"column":65}},"type":"cond-expr","locations":[{"start":{"line":197,"column":40},"end":{"line":197,"column":51}},{"start":{"line":197,"column":54},"end":{"line":197,"column":65}}]},"3":{"loc":{"start":{"line":359,"column":6},"end":{"line":365,"column":7}},"type":"if","locations":[{"start":{"line":359,"column":6},"end":{"line":365,"column":7}}]},"4":{"loc":{"start":{"line":359,"column":10},"end":{"line":359,"column":80}},"type":"binary-expr","locations":[{"start":{"line":359,"column":10},"end":{"line":359,"column":20}},{"start":{"line":359,"column":24},"end":{"line":359,"column":53}},{"start":{"line":359,"column":57},"end":{"line":359,"column":80}}]},"5":{"loc":{"start":{"line":368,"column":6},"end":{"line":374,"column":7}},"type":"if","locations":[{"start":{"line":368,"column":6},"end":{"line":374,"column":7}}]},"6":{"loc":{"start":{"line":368,"column":10},"end":{"line":368,"column":80}},"type":"binary-expr","locations":[{"start":{"line":368,"column":10},"end":{"line":368,"column":20}},{"start":{"line":368,"column":24},"end":{"line":368,"column":53}},{"start":{"line":368,"column":57},"end":{"line":368,"column":80}}]},"7":{"loc":{"start":{"line":378,"column":8},"end":{"line":378,"column":31}},"type":"binary-expr","locations":[{"start":{"line":378,"column":8},"end":{"line":378,"column":24}},{"start":{"line":378,"column":28},"end":{"line":378,"column":31}}]},"8":{"loc":{"start":{"line":386,"column":6},"end":{"line":392,"column":7}},"type":"if","locations":[{"start":{"line":386,"column":6},"end":{"line":392,"column":7}}]},"9":{"loc":{"start":{"line":401,"column":47},"end":{"line":401,"column":95}},"type":"cond-expr","locations":[{"start":{"line":401,"column":70},"end":{"line":401,"column":81}},{"start":{"line":401,"column":84},"end":{"line":401,"column":95}}]},"10":{"loc":{"start":{"line":422,"column":6},"end":{"line":433,"column":7}},"type":"if","locations":[{"start":{"line":422,"column":6},"end":{"line":433,"column":7}}]},"11":{"loc":{"start":{"line":422,"column":10},"end":{"line":422,"column":81}},"type":"binary-expr","locations":[{"start":{"line":422,"column":10},"end":{"line":422,"column":34}},{"start":{"line":422,"column":38},"end":{"line":422,"column":81}}]},"12":{"loc":{"start":{"line":444,"column":30},"end":{"line":444,"column":63}},"type":"binary-expr","locations":[{"start":{"line":444,"column":30},"end":{"line":444,"column":55}},{"start":{"line":444,"column":59},"end":{"line":444,"column":63}}]},"13":{"loc":{"start":{"line":445,"column":24},"end":{"line":445,"column":58}},"type":"binary-expr","locations":[{"start":{"line":445,"column":24},"end":{"line":445,"column":50}},{"start":{"line":445,"column":54},"end":{"line":445,"column":58}}]},"14":{"loc":{"start":{"line":484,"column":6},"end":{"line":490,"column":7}},"type":"if","locations":[{"start":{"line":484,"column":6},"end":{"line":490,"column":7}}]},"15":{"loc":{"start":{"line":484,"column":10},"end":{"line":484,"column":80}},"type":"binary-expr","locations":[{"start":{"line":484,"column":10},"end":{"line":484,"column":20}},{"start":{"line":484,"column":24},"end":{"line":484,"column":53}},{"start":{"line":484,"column":57},"end":{"line":484,"column":80}}]},"16":{"loc":{"start":{"line":494,"column":8},"end":{"line":494,"column":31}},"type":"binary-expr","locations":[{"start":{"line":494,"column":8},"end":{"line":494,"column":24}},{"start":{"line":494,"column":28},"end":{"line":494,"column":31}}]},"17":{"loc":{"start":{"line":502,"column":6},"end":{"line":508,"column":7}},"type":"if","locations":[{"start":{"line":502,"column":6},"end":{"line":508,"column":7}}]},"18":{"loc":{"start":{"line":512,"column":8},"end":{"line":518,"column":9}},"type":"if","locations":[{"start":{"line":512,"column":8},"end":{"line":518,"column":9}}]},"19":{"loc":{"start":{"line":529,"column":8},"end":{"line":535,"column":9}},"type":"if","locations":[{"start":{"line":529,"column":8},"end":{"line":535,"column":9}}]},"20":{"loc":{"start":{"line":558,"column":31},"end":{"line":558,"column":104}},"type":"cond-expr","locations":[{"start":{"line":558,"column":73},"end":{"line":558,"column":92}},{"start":{"line":558,"column":95},"end":{"line":558,"column":104}}]},"21":{"loc":{"start":{"line":577,"column":17},"end":{"line":577,"column":80}},"type":"cond-expr","locations":[{"start":{"line":577,"column":41},"end":{"line":577,"column":65}},{"start":{"line":577,"column":69},"end":{"line":577,"column":80}}]},"22":{"loc":{"start":{"line":577,"column":41},"end":{"line":577,"column":65}},"type":"binary-expr","locations":[{"start":{"line":577,"column":41},"end":{"line":577,"column":50}},{"start":{"line":577,"column":54},"end":{"line":577,"column":65}}]},"23":{"loc":{"start":{"line":610,"column":8},"end":{"line":616,"column":9}},"type":"if","locations":[{"start":{"line":610,"column":8},"end":{"line":616,"column":9}}]},"24":{"loc":{"start":{"line":630,"column":8},"end":{"line":677,"column":9}},"type":"if","locations":[{"start":{"line":630,"column":8},"end":{"line":677,"column":9}},{"start":{"line":648,"column":15},"end":{"line":677,"column":9}}]},"25":{"loc":{"start":{"line":632,"column":10},"end":{"line":634,"column":11}},"type":"if","locations":[{"start":{"line":632,"column":10},"end":{"line":634,"column":11}}]},"26":{"loc":{"start":{"line":648,"column":15},"end":{"line":677,"column":9}},"type":"if","locations":[{"start":{"line":648,"column":15},"end":{"line":677,"column":9}},{"start":{"line":662,"column":15},"end":{"line":677,"column":9}}]},"27":{"loc":{"start":{"line":682,"column":17},"end":{"line":682,"column":80}},"type":"cond-expr","locations":[{"start":{"line":682,"column":41},"end":{"line":682,"column":65}},{"start":{"line":682,"column":69},"end":{"line":682,"column":80}}]},"28":{"loc":{"start":{"line":682,"column":41},"end":{"line":682,"column":65}},"type":"binary-expr","locations":[{"start":{"line":682,"column":41},"end":{"line":682,"column":50}},{"start":{"line":682,"column":54},"end":{"line":682,"column":65}}]},"29":{"loc":{"start":{"line":696,"column":2},"end":{"line":701,"column":3}},"type":"if","locations":[{"start":{"line":696,"column":2},"end":{"line":701,"column":3}}]},"30":{"loc":{"start":{"line":698,"column":4},"end":{"line":700,"column":5}},"type":"if","locations":[{"start":{"line":698,"column":4},"end":{"line":700,"column":5}}]},"31":{"loc":{"start":{"line":706,"column":4},"end":{"line":708,"column":5}},"type":"if","locations":[{"start":{"line":706,"column":4},"end":{"line":708,"column":5}}]},"32":{"loc":{"start":{"line":706,"column":8},"end":{"line":706,"column":73}},"type":"binary-expr","locations":[{"start":{"line":706,"column":8},"end":{"line":706,"column":15}},{"start":{"line":706,"column":19},"end":{"line":706,"column":43}},{"start":{"line":706,"column":47},"end":{"line":706,"column":73}}]},"33":{"loc":{"start":{"line":743,"column":27},"end":{"line":743,"column":63}},"type":"binary-expr","locations":[{"start":{"line":743,"column":27},"end":{"line":743,"column":54}},{"start":{"line":743,"column":58},"end":{"line":743,"column":63}}]},"34":{"loc":{"start":{"line":747,"column":6},"end":{"line":753,"column":7}},"type":"if","locations":[{"start":{"line":747,"column":6},"end":{"line":753,"column":7}}]},"35":{"loc":{"start":{"line":757,"column":8},"end":{"line":757,"column":31}},"type":"binary-expr","locations":[{"start":{"line":757,"column":8},"end":{"line":757,"column":24}},{"start":{"line":757,"column":28},"end":{"line":757,"column":31}}]},"36":{"loc":{"start":{"line":765,"column":6},"end":{"line":771,"column":7}},"type":"if","locations":[{"start":{"line":765,"column":6},"end":{"line":771,"column":7}}]},"37":{"loc":{"start":{"line":780,"column":47},"end":{"line":780,"column":95}},"type":"cond-expr","locations":[{"start":{"line":780,"column":70},"end":{"line":780,"column":81}},{"start":{"line":780,"column":84},"end":{"line":780,"column":95}}]},"38":{"loc":{"start":{"line":790,"column":8},"end":{"line":796,"column":9}},"type":"if","locations":[{"start":{"line":790,"column":8},"end":{"line":796,"column":9}}]},"39":{"loc":{"start":{"line":800,"column":8},"end":{"line":806,"column":9}},"type":"if","locations":[{"start":{"line":800,"column":8},"end":{"line":806,"column":9}}]},"40":{"loc":{"start":{"line":800,"column":12},"end":{"line":800,"column":63}},"type":"binary-expr","locations":[{"start":{"line":800,"column":12},"end":{"line":800,"column":33}},{"start":{"line":800,"column":37},"end":{"line":800,"column":63}}]},"41":{"loc":{"start":{"line":808,"column":8},"end":{"line":812,"column":9}},"type":"if","locations":[{"start":{"line":808,"column":8},"end":{"line":812,"column":9}}]},"42":{"loc":{"start":{"line":814,"column":8},"end":{"line":817,"column":9}},"type":"if","locations":[{"start":{"line":814,"column":8},"end":{"line":817,"column":9}}]},"43":{"loc":{"start":{"line":814,"column":12},"end":{"line":814,"column":63}},"type":"binary-expr","locations":[{"start":{"line":814,"column":12},"end":{"line":814,"column":33}},{"start":{"line":814,"column":37},"end":{"line":814,"column":63}}]},"44":{"loc":{"start":{"line":816,"column":45},"end":{"line":816,"column":61}},"type":"binary-expr","locations":[{"start":{"line":816,"column":45},"end":{"line":816,"column":55}},{"start":{"line":816,"column":59},"end":{"line":816,"column":61}}]},"45":{"loc":{"start":{"line":825,"column":8},"end":{"line":831,"column":9}},"type":"if","locations":[{"start":{"line":825,"column":8},"end":{"line":831,"column":9}}]},"46":{"loc":{"start":{"line":863,"column":17},"end":{"line":863,"column":65}},"type":"cond-expr","locations":[{"start":{"line":863,"column":40},"end":{"line":863,"column":51}},{"start":{"line":863,"column":54},"end":{"line":863,"column":65}}]},"47":{"loc":{"start":{"line":898,"column":6},"end":{"line":900,"column":7}},"type":"if","locations":[{"start":{"line":898,"column":6},"end":{"line":900,"column":7}}]},"48":{"loc":{"start":{"line":898,"column":10},"end":{"line":898,"column":80}},"type":"binary-expr","locations":[{"start":{"line":898,"column":10},"end":{"line":898,"column":20}},{"start":{"line":898,"column":24},"end":{"line":898,"column":53}},{"start":{"line":898,"column":57},"end":{"line":898,"column":80}}]},"49":{"loc":{"start":{"line":906,"column":8},"end":{"line":906,"column":31}},"type":"binary-expr","locations":[{"start":{"line":906,"column":8},"end":{"line":906,"column":24}},{"start":{"line":906,"column":28},"end":{"line":906,"column":31}}]},"50":{"loc":{"start":{"line":920,"column":63},"end":{"line":920,"column":111}},"type":"cond-expr","locations":[{"start":{"line":920,"column":86},"end":{"line":920,"column":97}},{"start":{"line":920,"column":100},"end":{"line":920,"column":111}}]},"51":{"loc":{"start":{"line":956,"column":6},"end":{"line":1012,"column":7}},"type":"if","locations":[{"start":{"line":956,"column":6},"end":{"line":1012,"column":7}}]},"52":{"loc":{"start":{"line":958,"column":8},"end":{"line":964,"column":9}},"type":"if","locations":[{"start":{"line":958,"column":8},"end":{"line":964,"column":9}}]},"53":{"loc":{"start":{"line":969,"column":10},"end":{"line":975,"column":11}},"type":"if","locations":[{"start":{"line":969,"column":10},"end":{"line":975,"column":11}}]},"54":{"loc":{"start":{"line":990,"column":21},"end":{"line":990,"column":64}},"type":"binary-expr","locations":[{"start":{"line":990,"column":21},"end":{"line":990,"column":43}},{"start":{"line":990,"column":47},"end":{"line":990,"column":64}}]},"55":{"loc":{"start":{"line":1009,"column":62},"end":{"line":1009,"column":110}},"type":"cond-expr","locations":[{"start":{"line":1009,"column":85},"end":{"line":1009,"column":96}},{"start":{"line":1009,"column":99},"end":{"line":1009,"column":110}}]},"56":{"loc":{"start":{"line":1040,"column":8},"end":{"line":1046,"column":9}},"type":"if","locations":[{"start":{"line":1040,"column":8},"end":{"line":1046,"column":9}}]},"57":{"loc":{"start":{"line":1064,"column":17},"end":{"line":1064,"column":65}},"type":"cond-expr","locations":[{"start":{"line":1064,"column":40},"end":{"line":1064,"column":51}},{"start":{"line":1064,"column":54},"end":{"line":1064,"column":65}}]},"58":{"loc":{"start":{"line":1098,"column":8},"end":{"line":1104,"column":9}},"type":"if","locations":[{"start":{"line":1098,"column":8},"end":{"line":1104,"column":9}}]},"59":{"loc":{"start":{"line":1107,"column":22},"end":{"line":1107,"column":70}},"type":"cond-expr","locations":[{"start":{"line":1107,"column":55},"end":{"line":1107,"column":65}},{"start":{"line":1107,"column":68},"end":{"line":1107,"column":70}}]},"60":{"loc":{"start":{"line":1112,"column":8},"end":{"line":1118,"column":9}},"type":"if","locations":[{"start":{"line":1112,"column":8},"end":{"line":1118,"column":9}}]},"61":{"loc":{"start":{"line":1131,"column":21},"end":{"line":1131,"column":38}},"type":"binary-expr","locations":[{"start":{"line":1131,"column":21},"end":{"line":1131,"column":30}},{"start":{"line":1131,"column":34},"end":{"line":1131,"column":38}}]},"62":{"loc":{"start":{"line":1142,"column":17},"end":{"line":1142,"column":65}},"type":"cond-expr","locations":[{"start":{"line":1142,"column":40},"end":{"line":1142,"column":51}},{"start":{"line":1142,"column":54},"end":{"line":1142,"column":65}}]},"63":{"loc":{"start":{"line":1206,"column":6},"end":{"line":1209,"column":7}},"type":"if","locations":[{"start":{"line":1206,"column":6},"end":{"line":1209,"column":7}}]},"64":{"loc":{"start":{"line":1212,"column":8},"end":{"line":1220,"column":9}},"type":"if","locations":[{"start":{"line":1212,"column":8},"end":{"line":1220,"column":9}},{"start":{"line":1214,"column":15},"end":{"line":1220,"column":9}}]},"65":{"loc":{"start":{"line":1222,"column":62},"end":{"line":1222,"column":110}},"type":"cond-expr","locations":[{"start":{"line":1222,"column":85},"end":{"line":1222,"column":96}},{"start":{"line":1222,"column":99},"end":{"line":1222,"column":110}}]},"66":{"loc":{"start":{"line":1232,"column":6},"end":{"line":1235,"column":7}},"type":"if","locations":[{"start":{"line":1232,"column":6},"end":{"line":1235,"column":7}}]},"67":{"loc":{"start":{"line":1237,"column":6},"end":{"line":1240,"column":7}},"type":"if","locations":[{"start":{"line":1237,"column":6},"end":{"line":1240,"column":7}}]},"68":{"loc":{"start":{"line":1245,"column":64},"end":{"line":1245,"column":112}},"type":"cond-expr","locations":[{"start":{"line":1245,"column":87},"end":{"line":1245,"column":98}},{"start":{"line":1245,"column":101},"end":{"line":1245,"column":112}}]},"69":{"loc":{"start":{"line":1255,"column":6},"end":{"line":1258,"column":7}},"type":"if","locations":[{"start":{"line":1255,"column":6},"end":{"line":1258,"column":7}}]},"70":{"loc":{"start":{"line":1260,"column":6},"end":{"line":1263,"column":7}},"type":"if","locations":[{"start":{"line":1260,"column":6},"end":{"line":1263,"column":7}}]},"71":{"loc":{"start":{"line":1268,"column":63},"end":{"line":1268,"column":111}},"type":"cond-expr","locations":[{"start":{"line":1268,"column":86},"end":{"line":1268,"column":97}},{"start":{"line":1268,"column":100},"end":{"line":1268,"column":111}}]},"72":{"loc":{"start":{"line":1354,"column":31},"end":{"line":1354,"column":46}},"type":"binary-expr","locations":[{"start":{"line":1354,"column":31},"end":{"line":1354,"column":40}},{"start":{"line":1354,"column":44},"end":{"line":1354,"column":46}}]},"73":{"loc":{"start":{"line":1361,"column":2},"end":{"line":1364,"column":3}},"type":"if","locations":[{"start":{"line":1361,"column":2},"end":{"line":1364,"column":3}}]},"74":{"loc":{"start":{"line":1392,"column":2},"end":{"line":1412,"column":3}},"type":"if","locations":[{"start":{"line":1392,"column":2},"end":{"line":1412,"column":3}}]},"75":{"loc":{"start":{"line":1392,"column":6},"end":{"line":1392,"column":71}},"type":"binary-expr","locations":[{"start":{"line":1392,"column":6},"end":{"line":1392,"column":20}},{"start":{"line":1392,"column":24},"end":{"line":1392,"column":33}},{"start":{"line":1392,"column":37},"end":{"line":1392,"column":51}},{"start":{"line":1392,"column":55},"end":{"line":1392,"column":71}}]},"76":{"loc":{"start":{"line":1401,"column":4},"end":{"line":1411,"column":5}},"type":"if","locations":[{"start":{"line":1401,"column":4},"end":{"line":1411,"column":5}},{"start":{"line":1409,"column":11},"end":{"line":1411,"column":5}}]},"77":{"loc":{"start":{"line":1415,"column":2},"end":{"line":1448,"column":3}},"type":"if","locations":[{"start":{"line":1415,"column":2},"end":{"line":1448,"column":3}}]}},"s":{"0":0,"1":0,"2":0,"3":0,"4":0,"5":0,"6":0,"7":0,"8":0,"9":0,"10":0,"11":0,"12":0,"13":0,"14":0,"15":0,"16":0,"17":0,"18":0,"19":0,"20":0,"21":0,"22":0,"23":0,"24":0,"25":0,"26":0,"27":0,"28":0,"29":0,"30":0,"31":0,"32":0,"33":0,"34":0,"35":0,"36":0,"37":0,"38":0,"39":0,"40":0,"41":0,"42":0,"43":0,"44":0,"45":0,"46":0,"47":0,"48":0,"49":0,"50":0,"51":0,"52":0,"53":0,"54":0,"55":0,"56":0,"57":0,"58":0,"59":0,"60":0,"61":0,"62":0,"63":0,"64":0,"65":0,"66":0,"67":0,"68":0,"69":0,"70":0,"71":0,"72":0,"73":0,"74":0,"75":0,"76":0,"77":0,"78":0,"79":0,"80":0,"81":0,"82":0,"83":0,"84":0,"85":0,"86":0,"87":0,"88":0,"89":0,"90":0,"91":0,"92":0,"93":0,"94":0,"95":0,"96":0,"97":0,"98":0,"99":0,"100":0,"101":0,"102":0,"103":0,"104":0,"105":0,"106":0,"107":0,"108":0,"109":0,"110":0,"111":0,"112":0,"113":0,"114":0,"115":0,"116":0,"117":0,"118":0,"119":0,"120":0,"121":0,"122":0,"123":0,"124":0,"125":0,"126":0,"127":0,"128":0,"129":0,"130":0,"131":0,"132":0,"133":0,"134":0,"135":0,"136":0,"137":0,"138":0,"139":0,"140":0,"141":0,"142":0,"143":0,"144":0,"145":0,"146":0,"147":0,"148":0,"149":0,"150":0,"151":0,"152":0,"153":0,"154":0,"155":0,"156":0,"157":0,"158":0,"159":0,"160":0,"161":0,"162":0,"163":0,"164":0,"165":0,"166":0,"167":0,"168":0,"169":0,"170":0,"171":0,"172":0,"173":0,"174":0,"175":0,"176":0,"177":0,"178":0,"179":0,"180":0,"181":0,"182":0,"183":0,"184":0,"185":0,"186":0,"187":0,"188":0,"189":0,"190":0,"191":0,"192":0,"193":0,"194":0,"195":0,"196":0,"197":0,"198":0,"199":0,"200":0,"201":0,"202":0,"203":0,"204":0,"205":0,"206":0,"207":0,"208":0,"209":0,"210":0,"211":0,"212":0,"213":0,"214":0,"215":0,"216":0,"217":0,"218":0,"219":0,"220":0,"221":0,"222":0,"223":0,"224":0,"225":0,"226":0,"227":0,"228":0,"229":0,"230":0,"231":0,"232":0,"233":0,"234":0,"235":0,"236":0,"237":0,"238":0,"239":0,"240":0,"241":0,"242":0,"243":0,"244":0,"245":0,"246":0,"247":0,"248":0,"249":0,"250":0,"251":0,"252":0,"253":0,"254":0,"255":0,"256":0,"257":0,"258":0,"259":0,"260":0,"261":0,"262":0,"263":0,"264":0,"265":0,"266":0,"267":0,"268":0,"269":0,"270":0,"271":0,"272":0,"273":0,"274":0,"275":0,"276":0,"277":0,"278":0,"279":0,"280":0,"281":0,"282":0,"283":0,"284":0,"285":0,"286":0,"287":0,"288":0,"289":0,"290":0,"291":0,"292":0,"293":0,"294":0,"295":0,"296":0,"297":0,"298":0,"299":0,"300":0,"301":0,"302":0,"303":0,"304":0,"305":0,"306":0,"307":0,"308":0,"309":0,"310":0,"311":0,"312":0,"313":0,"314":0,"315":0,"316":0,"317":0,"318":0,"319":0,"320":0,"321":0,"322":0,"323":0,"324":0,"325":0,"326":0,"327":0,"328":0,"329":0,"330":0,"331":0,"332":0,"333":0,"334":0,"335":0,"336":0,"337":0,"338":0},"f":{"0":0,"1":0,"2":0,"3":0,"4":0,"5":0,"6":0,"7":0,"8":0,"9":0,"10":0,"11":0,"12":0,"13":0,"14":0,"15":0,"16":0,"17":0,"18":0,"19":0,"20":0,"21":0,"22":0,"23":0,"24":0,"25":0,"26":0,"27":0,"28":0,"29":0,"30":0,"31":0,"32":0,"33":0,"34":0,"35":0,"36":0,"37":0,"38":0,"39":0,"40":0,"41":0,"42":0,"43":0,"44":0,"45":0,"46":0,"47":0,"48":0,"49":0,"50":0,"51":0,"52":0,"53":0,"54":0},"b":{"0":[0],"1":[0,0],"2":[0,0],"3":[0],"4":[0,0,0],"5":[0],"6":[0,0,0],"7":[0,0],"8":[0],"9":[0,0],"10":[0],"11":[0,0],"12":[0,0],"13":[0,0],"14":[0],"15":[0,0,0],"16":[0,0],"17":[0],"18":[0],"19":[0],"20":[0,0],"21":[0,0],"22":[0,0],"23":[0],"24":[0,0],"25":[0],"26":[0,0],"27":[0,0],"28":[0,0],"29":[0],"30":[0],"31":[0],"32":[0,0,0],"33":[0,0],"34":[0],"35":[0,0],"36":[0],"37":[0,0],"38":[0],"39":[0],"40":[0,0],"41":[0],"42":[0],"43":[0,0],"44":[0,0],"45":[0],"46":[0,0],"47":[0],"48":[0,0,0],"49":[0,0],"50":[0,0],"51":[0],"52":[0],"53":[0],"54":[0,0],"55":[0,0],"56":[0],"57":[0,0],"58":[0],"59":[0,0],"60":[0],"61":[0,0],"62":[0,0],"63":[0],"64":[0,0],"65":[0,0],"66":[0],"67":[0],"68":[0,0],"69":[0],"70":[0],"71":[0,0],"72":[0,0],"73":[0],"74":[0],"75":[0,0,0,0],"76":[0,0],"77":[0]}}
,"/home/stormhierta/.openclaw/workspace/openclaw-self-evolution/src/automation/evolution-trigger.ts": {"path":"/home/stormhierta/.openclaw/workspace/openclaw-self-evolution/src/automation/evolution-trigger.ts","statementMap":{"0":{"start":{"line":45,"column":41},"end":{"line":45,"column":45}},"1":{"start":{"line":46,"column":26},"end":{"line":46,"column":31}},"2":{"start":{"line":49,"column":44},"end":{"line":49,"column":47}},"3":{"start":{"line":50,"column":49},"end":{"line":50,"column":52}},"4":{"start":{"line":51,"column":43},"end":{"line":51,"column":45}},"5":{"start":{"line":52,"column":41},"end":{"line":52,"column":43}},"6":{"start":{"line":53,"column":33},"end":{"line":53,"column":35}},"7":{"start":{"line":56,"column":4},"end":{"line":56,"column":25}},"8":{"start":{"line":63,"column":4},"end":{"line":66,"column":6}},"9":{"start":{"line":73,"column":4},"end":{"line":75,"column":5}},"10":{"start":{"line":74,"column":6},"end":{"line":74,"column":13}},"11":{"start":{"line":77,"column":19},"end":{"line":77,"column":35}},"12":{"start":{"line":79,"column":4},"end":{"line":103,"column":5}},"13":{"start":{"line":81,"column":18},"end":{"line":81,"column":33}},"14":{"start":{"line":82,"column":6},"end":{"line":86,"column":7}},"15":{"start":{"line":83,"column":8},"end":{"line":83,"column":44}},"16":{"start":{"line":89,"column":6},"end":{"line":89,"column":37}},"17":{"start":{"line":92,"column":6},"end":{"line":92,"column":43}},"18":{"start":{"line":93,"column":6},"end":{"line":93,"column":42}},"19":{"start":{"line":94,"column":6},"end":{"line":94,"column":45}},"20":{"start":{"line":96,"column":6},"end":{"line":96,"column":32}},"21":{"start":{"line":98,"column":22},"end":{"line":98,"column":76}},"22":{"start":{"line":99,"column":6},"end":{"line":102,"column":8}},"23":{"start":{"line":110,"column":4},"end":{"line":112,"column":5}},"24":{"start":{"line":111,"column":6},"end":{"line":111,"column":30}},"25":{"start":{"line":123,"column":4},"end":{"line":123,"column":35}},"26":{"start":{"line":125,"column":4},"end":{"line":127,"column":5}},"27":{"start":{"line":126,"column":6},"end":{"line":126,"column":50}},"28":{"start":{"line":129,"column":23},"end":{"line":129,"column":33}},"29":{"start":{"line":130,"column":4},"end":{"line":130,"column":58}},"30":{"start":{"line":131,"column":22},"end":{"line":131,"column":46}},"31":{"start":{"line":134,"column":18},"end":{"line":144,"column":6}},"32":{"start":{"line":146,"column":17},"end":{"line":146,"column":39}},"33":{"start":{"line":147,"column":16},"end":{"line":147,"column":null}},"34":{"start":{"line":154,"column":4},"end":{"line":156,"column":5}},"35":{"start":{"line":155,"column":6},"end":{"line":155,"column":18}},"36":{"start":{"line":158,"column":4},"end":{"line":165,"column":6}},"37":{"start":{"line":176,"column":4},"end":{"line":178,"column":5}},"38":{"start":{"line":177,"column":6},"end":{"line":177,"column":50}},"39":{"start":{"line":181,"column":18},"end":{"line":187,"column":6}},"40":{"start":{"line":189,"column":17},"end":{"line":189,"column":39}},"41":{"start":{"line":190,"column":17},"end":{"line":190,"column":null}},"42":{"start":{"line":195,"column":4},"end":{"line":197,"column":5}},"43":{"start":{"line":196,"column":6},"end":{"line":196,"column":18}},"44":{"start":{"line":200,"column":35},"end":{"line":200,"column":37}},"45":{"start":{"line":202,"column":4},"end":{"line":227,"column":5}},"46":{"start":{"line":202,"column":17},"end":{"line":202,"column":18}},"47":{"start":{"line":203,"column":23},"end":{"line":203,"column":37}},"48":{"start":{"line":204,"column":21},"end":{"line":204,"column":65}},"49":{"start":{"line":205,"column":25},"end":{"line":205,"column":53}},"50":{"start":{"line":208,"column":8},"end":{"line":221,"column":33}},"51":{"start":{"line":210,"column":10},"end":{"line":212,"column":11}},"52":{"start":{"line":211,"column":12},"end":{"line":211,"column":41}},"53":{"start":{"line":215,"column":12},"end":{"line":219,"column":21}},"54":{"start":{"line":220,"column":10},"end":{"line":220,"column":38}},"55":{"start":{"line":223,"column":6},"end":{"line":226,"column":9}},"56":{"start":{"line":229,"column":4},"end":{"line":229,"column":47}},"57":{"start":{"line":241,"column":4},"end":{"line":241,"column":35}},"58":{"start":{"line":243,"column":24},"end":{"line":243,"column":65}},"59":{"start":{"line":246,"column":45},"end":{"line":259,"column":6}},"60":{"start":{"line":261,"column":4},"end":{"line":263,"column":5}},"61":{"start":{"line":262,"column":6},"end":{"line":262,"column":29}},"62":{"start":{"line":266,"column":23},"end":{"line":266,"column":28}},"63":{"start":{"line":267,"column":17},"end":{"line":267,"column":19}},"64":{"start":{"line":268,"column":45},"end":{"line":268,"column":50}},"65":{"start":{"line":271,"column":4},"end":{"line":278,"column":5}},"66":{"start":{"line":275,"column":6},"end":{"line":275,"column":26}},"67":{"start":{"line":276,"column":6},"end":{"line":276,"column":185}},"68":{"start":{"line":277,"column":6},"end":{"line":277,"column":66}},"69":{"start":{"line":281,"column":26},"end":{"line":281,"column":76}},"70":{"start":{"line":282,"column":4},"end":{"line":299,"column":5}},"71":{"start":{"line":289,"column":24},"end":{"line":289,"column":50}},"72":{"start":{"line":290,"column":26},"end":{"line":290,"column":52}},"73":{"start":{"line":291,"column":22},"end":{"line":291,"column":45}},"74":{"start":{"line":294,"column":6},"end":{"line":298,"column":7}},"75":{"start":{"line":295,"column":8},"end":{"line":295,"column":28}},"76":{"start":{"line":296,"column":8},"end":{"line":296,"column":157}},"77":{"start":{"line":297,"column":8},"end":{"line":297,"column":52}},"78":{"start":{"line":303,"column":26},"end":{"line":303,"column":71}},"79":{"start":{"line":304,"column":4},"end":{"line":313,"column":5}},"80":{"start":{"line":310,"column":6},"end":{"line":310,"column":26}},"81":{"start":{"line":311,"column":6},"end":{"line":311,"column":213}},"82":{"start":{"line":312,"column":6},"end":{"line":312,"column":25}},"83":{"start":{"line":316,"column":4},"end":{"line":318,"column":5}},"84":{"start":{"line":317,"column":6},"end":{"line":317,"column":138}},"85":{"start":{"line":320,"column":4},"end":{"line":326,"column":6}},"86":{"start":{"line":333,"column":4},"end":{"line":335,"column":5}},"87":{"start":{"line":334,"column":6},"end":{"line":334,"column":50}},"88":{"start":{"line":337,"column":18},"end":{"line":341,"column":6}},"89":{"start":{"line":343,"column":17},"end":{"line":343,"column":39}},"90":{"start":{"line":344,"column":17},"end":{"line":344,"column":62}},"91":{"start":{"line":346,"column":4},"end":{"line":346,"column":43}},"92":{"start":{"line":346,"column":27},"end":{"line":346,"column":41}},"93":{"start":{"line":353,"column":4},"end":{"line":353,"column":35}},"94":{"start":{"line":355,"column":19},"end":{"line":355,"column":42}},"95":{"start":{"line":356,"column":41},"end":{"line":356,"column":43}},"96":{"start":{"line":358,"column":4},"end":{"line":363,"column":5}},"97":{"start":{"line":359,"column":23},"end":{"line":359,"column":55}},"98":{"start":{"line":360,"column":6},"end":{"line":362,"column":7}},"99":{"start":{"line":361,"column":8},"end":{"line":361,"column":33}},"100":{"start":{"line":366,"column":25},"end":{"line":366,"column":55}},"101":{"start":{"line":367,"column":4},"end":{"line":369,"column":6}},"102":{"start":{"line":368,"column":16},"end":{"line":368,"column":65}},"103":{"start":{"line":371,"column":4},"end":{"line":371,"column":21}},"104":{"start":{"line":378,"column":4},"end":{"line":381,"column":5}},"105":{"start":{"line":379,"column":6},"end":{"line":379,"column":22}},"106":{"start":{"line":380,"column":6},"end":{"line":380,"column":21}},"107":{"start":{"line":382,"column":4},"end":{"line":382,"column":31}}},"fnMap":{"0":{"name":"(anonymous_0)","decl":{"start":{"line":55,"column":2},"end":{"line":55,"column":14}},"loc":{"start":{"line":55,"column":37},"end":{"line":57,"column":3}}},"1":{"name":"(anonymous_1)","decl":{"start":{"line":62,"column":10},"end":{"line":62,"column":19}},"loc":{"start":{"line":62,"column":19},"end":{"line":67,"column":3}}},"2":{"name":"(anonymous_2)","decl":{"start":{"line":72,"column":10},"end":{"line":72,"column":15}},"loc":{"start":{"line":72,"column":26},"end":{"line":104,"column":3}}},"3":{"name":"(anonymous_3)","decl":{"start":{"line":109,"column":10},"end":{"line":109,"column":15}},"loc":{"start":{"line":109,"column":33},"end":{"line":113,"column":3}}},"4":{"name":"(anonymous_4)","decl":{"start":{"line":119,"column":2},"end":{"line":119,"column":7}},"loc":{"start":{"line":121,"column":18},"end":{"line":166,"column":3}}},"5":{"name":"(anonymous_5)","decl":{"start":{"line":172,"column":10},"end":{"line":172,"column":26}},"loc":{"start":{"line":174,"column":22},"end":{"line":230,"column":3}}},"6":{"name":"(anonymous_6)","decl":{"start":{"line":208,"column":26},"end":{"line":208,"column":27}},"loc":{"start":{"line":208,"column":37},"end":{"line":221,"column":9}}},"7":{"name":"(anonymous_7)","decl":{"start":{"line":240,"column":2},"end":{"line":240,"column":7}},"loc":{"start":{"line":240,"column":36},"end":{"line":327,"column":3}}},"8":{"name":"(anonymous_8)","decl":{"start":{"line":332,"column":10},"end":{"line":332,"column":26}},"loc":{"start":{"line":332,"column":26},"end":{"line":347,"column":3}}},"9":{"name":"(anonymous_9)","decl":{"start":{"line":346,"column":20},"end":{"line":346,"column":21}},"loc":{"start":{"line":346,"column":27},"end":{"line":346,"column":41}}},"10":{"name":"(anonymous_10)","decl":{"start":{"line":352,"column":2},"end":{"line":352,"column":7}},"loc":{"start":{"line":352,"column":22},"end":{"line":372,"column":3}}},"11":{"name":"(anonymous_11)","decl":{"start":{"line":368,"column":6},"end":{"line":368,"column":7}},"loc":{"start":{"line":368,"column":16},"end":{"line":368,"column":65}}},"12":{"name":"(anonymous_12)","decl":{"start":{"line":377,"column":2},"end":{"line":377,"column":7}},"loc":{"start":{"line":377,"column":7},"end":{"line":383,"column":3}}}},"branchMap":{"0":{"loc":{"start":{"line":64,"column":6},"end":{"line":65,"column":70}},"type":"binary-expr","locations":[{"start":{"line":64,"column":6},"end":{"line":64,"column":42}},{"start":{"line":65,"column":6},"end":{"line":65,"column":70}}]},"1":{"loc":{"start":{"line":65,"column":9},"end":{"line":65,"column":32}},"type":"binary-expr","locations":[{"start":{"line":65,"column":9},"end":{"line":65,"column":25}},{"start":{"line":65,"column":29},"end":{"line":65,"column":32}}]},"2":{"loc":{"start":{"line":73,"column":4},"end":{"line":75,"column":5}},"type":"if","locations":[{"start":{"line":73,"column":4},"end":{"line":75,"column":5}}]},"3":{"loc":{"start":{"line":98,"column":22},"end":{"line":98,"column":76}},"type":"cond-expr","locations":[{"start":{"line":98,"column":47},"end":{"line":98,"column":60}},{"start":{"line":98,"column":63},"end":{"line":98,"column":76}}]},"4":{"loc":{"start":{"line":110,"column":4},"end":{"line":112,"column":5}},"type":"if","locations":[{"start":{"line":110,"column":4},"end":{"line":112,"column":5}}]},"5":{"loc":{"start":{"line":121,"column":4},"end":{"line":121,"column":18}},"type":"default-arg","locations":[{"start":{"line":121,"column":17},"end":{"line":121,"column":18}}]},"6":{"loc":{"start":{"line":125,"column":4},"end":{"line":127,"column":5}},"type":"if","locations":[{"start":{"line":125,"column":4},"end":{"line":127,"column":5}}]},"7":{"loc":{"start":{"line":154,"column":4},"end":{"line":156,"column":5}},"type":"if","locations":[{"start":{"line":154,"column":4},"end":{"line":156,"column":5}}]},"8":{"loc":{"start":{"line":154,"column":8},"end":{"line":154,"column":37}},"type":"binary-expr","locations":[{"start":{"line":154,"column":8},"end":{"line":154,"column":12}},{"start":{"line":154,"column":16},"end":{"line":154,"column":37}}]},"9":{"loc":{"start":{"line":161,"column":19},"end":{"line":161,"column":40}},"type":"binary-expr","locations":[{"start":{"line":161,"column":19},"end":{"line":161,"column":35}},{"start":{"line":161,"column":39},"end":{"line":161,"column":40}}]},"10":{"loc":{"start":{"line":162,"column":23},"end":{"line":162,"column":44}},"type":"binary-expr","locations":[{"start":{"line":162,"column":23},"end":{"line":162,"column":37}},{"start":{"line":162,"column":41},"end":{"line":162,"column":44}}]},"11":{"loc":{"start":{"line":163,"column":21},"end":{"line":163,"column":73}},"type":"cond-expr","locations":[{"start":{"line":163,"column":37},"end":{"line":163,"column":60}},{"start":{"line":163,"column":63},"end":{"line":163,"column":73}}]},"12":{"loc":{"start":{"line":176,"column":4},"end":{"line":178,"column":5}},"type":"if","locations":[{"start":{"line":176,"column":4},"end":{"line":178,"column":5}}]},"13":{"loc":{"start":{"line":195,"column":4},"end":{"line":197,"column":5}},"type":"if","locations":[{"start":{"line":195,"column":4},"end":{"line":197,"column":5}}]},"14":{"loc":{"start":{"line":202,"column":20},"end":{"line":202,"column":64}},"type":"binary-expr","locations":[{"start":{"line":202,"column":20},"end":{"line":202,"column":25}},{"start":{"line":202,"column":29},"end":{"line":202,"column":64}}]},"15":{"loc":{"start":{"line":210,"column":10},"end":{"line":212,"column":11}},"type":"if","locations":[{"start":{"line":210,"column":10},"end":{"line":212,"column":11}}]},"16":{"loc":{"start":{"line":210,"column":14},"end":{"line":210,"column":71}},"type":"binary-expr","locations":[{"start":{"line":210,"column":14},"end":{"line":210,"column":38}},{"start":{"line":210,"column":42},"end":{"line":210,"column":71}}]},"17":{"loc":{"start":{"line":215,"column":12},"end":{"line":219,"column":21}},"type":"cond-expr","locations":[{"start":{"line":216,"column":16},"end":{"line":216,"column":19}},{"start":{"line":217,"column":16},"end":{"line":219,"column":21}}]},"18":{"loc":{"start":{"line":217,"column":16},"end":{"line":219,"column":21}},"type":"cond-expr","locations":[{"start":{"line":218,"column":18},"end":{"line":218,"column":21}},{"start":{"line":219,"column":18},"end":{"line":219,"column":21}}]},"19":{"loc":{"start":{"line":229,"column":11},"end":{"line":229,"column":46}},"type":"cond-expr","locations":[{"start":{"line":229,"column":32},"end":{"line":229,"column":39}},{"start":{"line":229,"column":42},"end":{"line":229,"column":46}}]},"20":{"loc":{"start":{"line":261,"column":4},"end":{"line":263,"column":5}},"type":"if","locations":[{"start":{"line":261,"column":4},"end":{"line":263,"column":5}}]},"21":{"loc":{"start":{"line":261,"column":8},"end":{"line":261,"column":52}},"type":"binary-expr","locations":[{"start":{"line":261,"column":8},"end":{"line":261,"column":20}},{"start":{"line":261,"column":24},"end":{"line":261,"column":52}}]},"22":{"loc":{"start":{"line":271,"column":4},"end":{"line":278,"column":5}},"type":"if","locations":[{"start":{"line":271,"column":4},"end":{"line":278,"column":5}}]},"23":{"loc":{"start":{"line":272,"column":6},"end":{"line":273,"column":59}},"type":"binary-expr","locations":[{"start":{"line":272,"column":6},"end":{"line":272,"column":58}},{"start":{"line":273,"column":6},"end":{"line":273,"column":59}}]},"24":{"loc":{"start":{"line":277,"column":16},"end":{"line":277,"column":65}},"type":"cond-expr","locations":[{"start":{"line":277,"column":48},"end":{"line":277,"column":54}},{"start":{"line":277,"column":57},"end":{"line":277,"column":65}}]},"25":{"loc":{"start":{"line":282,"column":4},"end":{"line":299,"column":5}},"type":"if","locations":[{"start":{"line":282,"column":4},"end":{"line":299,"column":5}}]},"26":{"loc":{"start":{"line":283,"column":6},"end":{"line":287,"column":52}},"type":"binary-expr","locations":[{"start":{"line":283,"column":6},"end":{"line":283,"column":19}},{"start":{"line":284,"column":6},"end":{"line":284,"column":19}},{"start":{"line":285,"column":6},"end":{"line":285,"column":31}},{"start":{"line":286,"column":6},"end":{"line":286,"column":52}},{"start":{"line":287,"column":6},"end":{"line":287,"column":52}}]},"27":{"loc":{"start":{"line":294,"column":6},"end":{"line":298,"column":7}},"type":"if","locations":[{"start":{"line":294,"column":6},"end":{"line":298,"column":7}}]},"28":{"loc":{"start":{"line":297,"column":18},"end":{"line":297,"column":51}},"type":"cond-expr","locations":[{"start":{"line":297,"column":34},"end":{"line":297,"column":40}},{"start":{"line":297,"column":43},"end":{"line":297,"column":51}}]},"29":{"loc":{"start":{"line":304,"column":4},"end":{"line":313,"column":5}},"type":"if","locations":[{"start":{"line":304,"column":4},"end":{"line":313,"column":5}}]},"30":{"loc":{"start":{"line":305,"column":6},"end":{"line":308,"column":66}},"type":"binary-expr","locations":[{"start":{"line":305,"column":6},"end":{"line":305,"column":19}},{"start":{"line":306,"column":6},"end":{"line":306,"column":19}},{"start":{"line":307,"column":6},"end":{"line":307,"column":58}},{"start":{"line":308,"column":6},"end":{"line":308,"column":66}}]},"31":{"loc":{"start":{"line":316,"column":4},"end":{"line":318,"column":5}},"type":"if","locations":[{"start":{"line":316,"column":4},"end":{"line":318,"column":5}}]},"32":{"loc":{"start":{"line":333,"column":4},"end":{"line":335,"column":5}},"type":"if","locations":[{"start":{"line":333,"column":4},"end":{"line":335,"column":5}}]},"33":{"loc":{"start":{"line":360,"column":6},"end":{"line":362,"column":7}},"type":"if","locations":[{"start":{"line":360,"column":6},"end":{"line":362,"column":7}}]},"34":{"loc":{"start":{"line":378,"column":4},"end":{"line":381,"column":5}},"type":"if","locations":[{"start":{"line":378,"column":4},"end":{"line":381,"column":5}}]}},"s":{"0":0,"1":0,"2":0,"3":0,"4":0,"5":0,"6":0,"7":0,"8":0,"9":0,"10":0,"11":0,"12":0,"13":0,"14":0,"15":0,"16":0,"17":0,"18":0,"19":0,"20":0,"21":0,"22":0,"23":0,"24":0,"25":0,"26":0,"27":0,"28":0,"29":0,"30":0,"31":0,"32":0,"33":0,"34":0,"35":0,"36":0,"37":0,"38":0,"39":0,"40":0,"41":0,"42":0,"43":0,"44":0,"45":0,"46":0,"47":0,"48":0,"49":0,"50":0,"51":0,"52":0,"53":0,"54":0,"55":0,"56":0,"57":0,"58":0,"59":0,"60":0,"61":0,"62":0,"63":0,"64":0,"65":0,"66":0,"67":0,"68":0,"69":0,"70":0,"71":0,"72":0,"73":0,"74":0,"75":0,"76":0,"77":0,"78":0,"79":0,"80":0,"81":0,"82":0,"83":0,"84":0,"85":0,"86":0,"87":0,"88":0,"89":0,"90":0,"91":0,"92":0,"93":0,"94":0,"95":0,"96":0,"97":0,"98":0,"99":0,"100":0,"101":0,"102":0,"103":0,"104":0,"105":0,"106":0,"107":0},"f":{"0":0,"1":0,"2":0,"3":0,"4":0,"5":0,"6":0,"7":0,"8":0,"9":0,"10":0,"11":0,"12":0},"b":{"0":[0,0],"1":[0,0],"2":[0],"3":[0,0],"4":[0],"5":[0],"6":[0],"7":[0],"8":[0,0],"9":[0,0],"10":[0,0],"11":[0,0],"12":[0],"13":[0],"14":[0,0],"15":[0],"16":[0,0],"17":[0,0],"18":[0,0],"19":[0,0],"20":[0],"21":[0,0],"22":[0],"23":[0,0],"24":[0,0],"25":[0],"26":[0,0,0,0,0],"27":[0],"28":[0,0],"29":[0],"30":[0,0,0,0],"31":[0],"32":[0],"33":[0],"34":[0]}}
,"/home/stormhierta/.openclaw/workspace/openclaw-self-evolution/src/automation/scheduler.ts": {"path":"/home/stormhierta/.openclaw/workspace/openclaw-self-evolution/src/automation/scheduler.ts","statementMap":{"0":{"start":{"line":74,"column":26},"end":{"line":74,"column":31}},"1":{"start":{"line":75,"column":60},"end":{"line":75,"column":64}},"2":{"start":{"line":76,"column":28},"end":{"line":76,"column":33}},"3":{"start":{"line":79,"column":55},"end":{"line":79,"column":64}},"4":{"start":{"line":82,"column":23},"end":{"line":82,"column":24}},"5":{"start":{"line":91,"column":4},"end":{"line":91,"column":25}},"6":{"start":{"line":92,"column":4},"end":{"line":92,"column":45}},"7":{"start":{"line":93,"column":4},"end":{"line":93,"column":41}},"8":{"start":{"line":94,"column":4},"end":{"line":94,"column":31}},"9":{"start":{"line":95,"column":4},"end":{"line":95,"column":41}},"10":{"start":{"line":98,"column":4},"end":{"line":103,"column":6}},"11":{"start":{"line":114,"column":18},"end":{"line":114,"column":63}},"12":{"start":{"line":115,"column":4},"end":{"line":117,"column":5}},"13":{"start":{"line":116,"column":6},"end":{"line":116,"column":48}},"14":{"start":{"line":118,"column":4},"end":{"line":118,"column":26}},"15":{"start":{"line":131,"column":4},"end":{"line":136,"column":5}},"16":{"start":{"line":132,"column":6},"end":{"line":135,"column":8}},"17":{"start":{"line":139,"column":25},"end":{"line":139,"column":107}},"18":{"start":{"line":140,"column":4},"end":{"line":140,"column":82}},"19":{"start":{"line":143,"column":4},"end":{"line":146,"column":5}},"20":{"start":{"line":144,"column":6},"end":{"line":144,"column":80}},"21":{"start":{"line":145,"column":6},"end":{"line":145,"column":13}},"22":{"start":{"line":149,"column":4},"end":{"line":152,"column":5}},"23":{"start":{"line":150,"column":6},"end":{"line":150,"column":69}},"24":{"start":{"line":151,"column":6},"end":{"line":151,"column":13}},"25":{"start":{"line":154,"column":4},"end":{"line":154,"column":30}},"26":{"start":{"line":155,"column":4},"end":{"line":155,"column":109}},"27":{"start":{"line":158,"column":4},"end":{"line":158,"column":29}},"28":{"start":{"line":166,"column":4},"end":{"line":166,"column":31}},"29":{"start":{"line":168,"column":4},"end":{"line":171,"column":5}},"30":{"start":{"line":169,"column":6},"end":{"line":169,"column":35}},"31":{"start":{"line":170,"column":6},"end":{"line":170,"column":28}},"32":{"start":{"line":173,"column":4},"end":{"line":173,"column":59}},"33":{"start":{"line":181,"column":41},"end":{"line":188,"column":6}},"34":{"start":{"line":191,"column":4},"end":{"line":194,"column":5}},"35":{"start":{"line":192,"column":6},"end":{"line":192,"column":54}},"36":{"start":{"line":193,"column":6},"end":{"line":193,"column":20}},"37":{"start":{"line":196,"column":4},"end":{"line":196,"column":32}},"38":{"start":{"line":198,"column":4},"end":{"line":265,"column":5}},"39":{"start":{"line":200,"column":6},"end":{"line":211,"column":7}},"40":{"start":{"line":201,"column":31},"end":{"line":201,"column":90}},"41":{"start":{"line":202,"column":8},"end":{"line":206,"column":9}},"42":{"start":{"line":203,"column":31},"end":{"line":203,"column":83}},"43":{"start":{"line":204,"column":10},"end":{"line":204,"column":49}},"44":{"start":{"line":205,"column":10},"end":{"line":205,"column":81}},"45":{"start":{"line":208,"column":20},"end":{"line":208,"column":68}},"46":{"start":{"line":209,"column":8},"end":{"line":209,"column":54}},"47":{"start":{"line":210,"column":8},"end":{"line":210,"column":70}},"48":{"start":{"line":214,"column":54},"end":{"line":214,"column":56}},"49":{"start":{"line":215,"column":6},"end":{"line":223,"column":7}},"50":{"start":{"line":216,"column":8},"end":{"line":216,"column":78}},"51":{"start":{"line":217,"column":8},"end":{"line":217,"column":70}},"52":{"start":{"line":218,"column":8},"end":{"line":218,"column":100}},"53":{"start":{"line":220,"column":20},"end":{"line":220,"column":68}},"54":{"start":{"line":221,"column":8},"end":{"line":221,"column":57}},"55":{"start":{"line":222,"column":8},"end":{"line":222,"column":73}},"56":{"start":{"line":226,"column":29},"end":{"line":226,"column":80}},"57":{"start":{"line":229,"column":28},"end":{"line":229,"column":68}},"58":{"start":{"line":230,"column":29},"end":{"line":230,"column":73}},"59":{"start":{"line":231,"column":29},"end":{"line":231,"column":118}},"60":{"start":{"line":233,"column":6},"end":{"line":233,"column":170}},"61":{"start":{"line":236,"column":6},"end":{"line":257,"column":7}},"62":{"sta
[...]
l-validator.ts": {"path":"/home/stormhierta/.openclaw/workspace/openclaw-self-evolution/src/validation/skill-validator.ts","statementMap":{"0":{"start":{"line":26,"column":69},"end":{"line":51,"column":2}},"1":{"start":{"line":64,"column":4},"end":{"line":64,"column":33}},"2":{"start":{"line":71,"column":4},"end":{"line":71,"column":68}},"3":{"start":{"line":78,"column":29},"end":{"line":78,"column":31}},"4":{"start":{"line":79,"column":31},"end":{"line":79,"column":33}},"5":{"start":{"line":82,"column":22},"end":{"line":82,"column":62}},"6":{"start":{"line":85,"column":30},"end":{"line":85,"column":60}},"7":{"start":{"line":86,"column":4},"end":{"line":88,"column":5}},"8":{"start":{"line":87,"column":6},"end":{"line":87,"column":47}},"9":{"start":{"line":91,"column":27},"end":{"line":91,"column":62}},"10":{"start":{"line":92,"column":4},"end":{"line":94,"column":5}},"11":{"start":{"line":93,"column":6},"end":{"line":93,"column":44}},"12":{"start":{"line":97,"column":25},"end":{"line":97,"column":60}},"13":{"start":{"line":98,"column":4},"end":{"line":100,"column":5}},"14":{"start":{"line":99,"column":6},"end":{"line":99,"column":42}},"15":{"start":{"line":103,"column":26},"end":{"line":103,"column":59}},"16":{"start":{"line":104,"column":4},"end":{"line":106,"column":5}},"17":{"start":{"line":105,"column":6},"end":{"line":105,"column":43}},"18":{"start":{"line":109,"column":4},"end":{"line":111,"column":5}},"19":{"start":{"line":110,"column":6},"end":{"line":110,"column":46}},"20":{"start":{"line":114,"column":29},"end":{"line":114,"column":68}},"21":{"start":{"line":115,"column":4},"end":{"line":122,"column":5}},"22":{"start":{"line":116,"column":24},"end":{"line":116,"column":82}},"23":{"start":{"line":117,"column":6},"end":{"line":121,"column":7}},"24":{"start":{"line":118,"column":8},"end":{"line":120,"column":10}},"25":{"start":{"line":124,"column":4},"end":{"line":129,"column":6}},"26":{"start":{"line":145,"column":29},"end":{"line":145,"column":31}},"27":{"start":{"line":148,"column":4},"end":{"line":151,"column":5}},"28":{"start":{"line":149,"column":6},"end":{"line":149,"column":77}},"29":{"start":{"line":150,"column":6},"end":{"line":150,"column":38}},"30":{"start":{"line":154,"column":21},"end":{"line":154,"column":60}},"31":{"start":{"line":155,"column":4},"end":{"line":158,"column":5}},"32":{"start":{"line":156,"column":6},"end":{"line":156,"column":64}},"33":{"start":{"line":157,"column":6},"end":{"line":157,"column":38}},"34":{"start":{"line":160,"column":28},"end":{"line":160,"column":39}},"35":{"start":{"line":163,"column":22},"end":{"line":163,"column":76}},"36":{"start":{"line":164,"column":4},"end":{"line":166,"column":5}},"37":{"start":{"line":165,"column":6},"end":{"line":165,"column":63}},"38":{"start":{"line":169,"column":22},"end":{"line":169,"column":81}},"39":{"start":{"line":170,"column":4},"end":{"line":172,"column":5}},"40":{"start":{"line":171,"column":6},"end":{"line":171,"column":70}},"41":{"start":{"line":174,"column":4},"end":{"line":174,"column":50}},"42":{"start":{"line":183,"column":29},"end":{"line":183,"column":31}},"43":{"start":{"line":185,"column":25},"end":{"line":185,"column":38}},"44":{"start":{"line":186,"column":20},"end":{"line":186,"column":47}},"45":{"start":{"line":188,"column":4},"end":{"line":190,"column":5}},"46":{"start":{"line":189,"column":6},"end":{"line":189,"column":82}},"47":{"start":{"line":192,"column":4},"end":{"line":192,"column":50}},"48":{"start":{"line":201,"column":29},"end":{"line":201,"column":31}},"49":{"start":{"line":203,"column":4},"end":{"line":207,"column":5}},"50":{"start":{"line":204,"column":6},"end":{"line":206,"column":7}},"51":{"start":{"line":205,"column":8},"end":{"line":205,"column":29}},"52":{"start":{"line":209,"column":4},"end":{"line":209,"column":50}}},"fnMap":{"0":{"name":"(anonymous_0)","decl":{"start":{"line":63,"column":2},"end":{"line":63,"column":14}},"loc":{"start":{"line":63,"column":61},"end":{"line":65,"column":3}}},"1":{"name":"(anonymous_1)","decl":{"start":{"line":70,"column":2},"end":{"line":70,"column":10}},"loc":{"start":{"line":70,"column":32},"end":{"line":72,"column":3}}},"2":{"name":"(anonymous_2)","decl":{"start":{"line":77,"column":2},"end":{"line":77,"column":17}},"loc":{"start":{"line":77,"column":52},"end":{"line":130,"column":3}}},"3":{"name":"(anonymous_3)","decl":{"start":{"line":142,"column":2},"end":{"line":142,"column":18}},"loc":{"start":{"line":143,"column":19},"end":{"line":175,"column":3}}},"4":{"name":"(anonymous_4)","decl":{"start":{"line":180,"column":2},"end":{"line":180,"column":23}},"loc":{"start":{"line":181,"column":19},"end":{"line":193,"column":3}}},"5":{"name":"(anonymous_5)","decl":{"start":{"line":198,"column":2},"end":{"line":198,"column":23}},"loc":{"start":{"line":199,"column":19},"end":{"line":210,"column":3}}}},"branchMap":{"0":{"loc":{"start":{"line":86,"column":4},"end":{"line":88,"column":5}},"type":"if","locations":[{"start":{"line":86,"column":4},"end":{"line":88,"column":5}}]},"1":{"loc":{"start":{"line":92,"column":4},"end":{"line":94,"column":5}},"type":"if","locations":[{"start":{"line":92,"column":4},"end":{"line":94,"column":5}}]},"2":{"loc":{"start":{"line":98,"column":4},"end":{"line":100,"column":5}},"type":"if","locations":[{"start":{"line":98,"column":4},"end":{"line":100,"column":5}}]},"3":{"loc":{"start":{"line":104,"column":4},"end":{"line":106,"column":5}},"type":"if","locations":[{"start":{"line":104,"column":4},"end":{"line":106,"column":5}}]},"4":{"loc":{"start":{"line":109,"column":4},"end":{"line":111,"column":5}},"type":"if","locations":[{"start":{"line":109,"column":4},"end":{"line":111,"column":5}}]},"5":{"loc":{"start":{"line":115,"column":4},"end":{"line":122,"column":5}},"type":"if","locations":[{"start":{"line":115,"column":4},"end":{"line":122,"column":5}}]},"6":{"loc":{"start":{"line":117,"column":6},"end":{"line":121,"column":7}},"type":"if","locations":[{"start":{"line":117,"column":6},"end":{"line":121,"column":7}}]},"7":{"loc":{"start":{"line":117,"column":10},"end":{"line":117,"column":49}},"type":"binary-expr","locations":[{"start":{"line":117,"column":10},"end":{"line":117,"column":19}},{"start":{"line":117,"column":23},"end":{"line":117,"column":49}}]},"8":{"loc":{"start":{"line":148,"column":4},"end":{"line":151,"column":5}},"type":"if","locations":[{"start":{"line":148,"column":4},"end":{"line":151,"column":5}}]},"9":{"loc":{"start":{"line":155,"column":4},"end":{"line":158,"column":5}},"type":"if","locations":[{"start":{"line":155,"column":4},"end":{"line":158,"column":5}}]},"10":{"loc":{"start":{"line":164,"column":4},"end":{"line":166,"column":5}},"type":"if","locations":[{"start":{"line":164,"column":4},"end":{"line":166,"column":5}}]},"11":{"loc":{"start":{"line":170,"column":4},"end":{"line":172,"column":5}},"type":"if","locations":[{"start":{"line":170,"column":4},"end":{"line":172,"column":5}}]},"12":{"loc":{"start":{"line":188,"column":4},"end":{"line":190,"column":5}},"type":"if","locations":[{"start":{"line":188,"column":4},"end":{"line":190,"column":5}}]},"13":{"loc":{"start":{"line":188,"column":8},"end":{"line":188,"column":40}},"type":"binary-expr","locations":[{"start":{"line":188,"column":8},"end":{"line":188,"column":16}},{"start":{"line":188,"column":20},"end":{"line":188,"column":40}}]},"14":{"loc":{"start":{"line":204,"column":6},"end":{"line":206,"column":7}},"type":"if","locations":[{"start":{"line":204,"column":6},"end":{"line":206,"column":7}}]}},"s":{"0":2,"1":21,"2":0,"3":9,"4":9,"5":9,"6":9,"7":9,"8":1,"9":9,"10":9,"11":1,"12":9,"13":9,"14":1,"15":9,"16":9,"17":0,"18":9,"19":0,"20":9,"21":9,"22":8,"23":8,"24":1,"25":9,"26":15,"27":15,"28":3,"29":3,"30":12,"31":12,"32":0,"33":0,"34":12,"35":12,"36":12,"37":1,"38":12,"39":12,"40":2,"41":12,"42":12,"43":12,"44":12,"45":12,"46":3,"47":12,"48":16,"49":16,"50":96,"51":7,"52":16},"f":{"0":21,"1":0,"2":9,"3":15,"4":12,"5":16},"b":{"0":[1],"1":[1],"2":[1],"3":[0],"4":[0],"5":[8],"6":[1],"7":[8,8],"8":[3],"9":[0],"10":[1],"11":[2],"12":[3],"13":[12,9],"14":[7]}}
,"/home/stormhierta/.openclaw/workspace/openclaw-self-evolution/src/validation/test-runner.ts": {"path":"/home/stormhierta/.openclaw/workspace/openclaw-self-evolution/src/validation/test-runner.ts","statementMap":{"0":{"start":{"line":96,"column":4},"end":{"line":96,"column":25}},"1":{"start":{"line":97,"column":4},"end":{"line":97,"column":52}},"2":{"start":{"line":98,"column":4},"end":{"line":98,"column":47}},"3":{"start":{"line":112,"column":22},"end":{"line":112,"column":32}},"4":{"start":{"line":113,"column":40},"end":{"line":113,"column":42}},"5":{"start":{"line":115,"column":4},"end":{"line":118,"column":5}},"6":{"start":{"line":116,"column":21},"end":{"line":116,"column":64}},"7":{"start":{"line":117,"column":6},"end":{"line":117,"column":27}},"8":{"start":{"line":120,"column":23},"end":{"line":120,"column":45}},"9":{"start":{"line":121,"column":19},"end":{"line":121,"column":57}},"10":{"start":{"line":121,"column":41},"end":{"line":121,"column":49}},"11":{"start":{"line":122,"column":19},"end":{"line":122,"column":58}},"12":{"start":{"line":122,"column":41},"end":{"line":122,"column":50}},"13":{"start":{"line":124,"column":4},"end":{"line":131,"column":6}},"14":{"start":{"line":145,"column":4},"end":{"line":173,"column":5}},"15":{"start":{"line":147,"column":21},"end":{"line":147,"column":66}},"16":{"start":{"line":150,"column":30},"end":{"line":150,"column":60}},"17":{"start":{"line":153,"column":20},"end":{"line":153,"column":81}},"18":{"start":{"line":154,"column":21},"end":{"line":154,"column":33}},"19":{"start":{"line":156,"column":6},"end":{"line":162,"column":8}},"20":{"start":{"line":164,"column":27},"end":{"line":164,"column":75}},"21":{"start":{"line":165,"column":6},"end":{"line":172,"column":8}},"22":{"start":{"line":183,"column":4},"end":{"line":185,"column":5}},"23":{"start":{"line":184,"column":6},"end":{"line":184,"column":15}},"24":{"start":{"line":186,"column":24},"end":{"line":186,"column":62}},"25":{"start":{"line":186,"column":46},"end":{"line":186,"column":54}},"26":{"start":{"line":187,"column":4},"end":{"line":187,"column":40}},"27":{"start":{"line":201,"column":4},"end":{"line":219,"column":19}},"28":{"start":{"line":231,"column":4},"end":{"line":233,"column":5}},"29":{"start":{"line":232,"column":6},"end":{"line":232,"column":17}},"30":{"start":{"line":236,"column":4},"end":{"line":236,"column":48}},"31":{"start":{"line":243,"column":32},"end":{"line":243,"column":62}},"32":{"start":{"line":244,"column":31},"end":{"line":244,"column":60}},"33":{"start":{"line":245,"column":4},"end":{"line":245,"column":54}},"34":{"start":{"line":253,"column":32},"end":{"line":253,"column":61}},"35":{"start":{"line":254,"column":31},"end":{"line":254,"column":59}},"36":{"start":{"line":256,"column":4},"end":{"line":258,"column":5}},"37":{"start":{"line":257,"column":6},"end":{"line":257,"column":17}},"38":{"start":{"line":261,"column":21},"end":{"line":261,"column":86}},"39":{"start":{"line":265,"column":22},"end":{"line":265,"column":85}},"40":{"start":{"line":266,"column":4},"end":{"line":268,"column":5}},"41":{"start":{"line":267,"column":6},"end":{"line":267,"column":17}},"42":{"start":{"line":270,"column":23},"end":{"line":270,"column":47}},"43":{"start":{"line":271,"column":4},"end":{"line":271,"column":46}},"44":{"start":{"line":278,"column":4},"end":{"line":281,"column":28}},"45":{"start":{"line":288,"column":31},"end":{"line":288,"column":33}},"46":{"start":{"line":291,"column":4},"end":{"line":293,"column":5}},"47":{"start":{"line":291,"column":17},"end":{"line":291,"column":18}},"48":{"start":{"line":292,"column":6},"end":{"line":292,"column":22}},"49":{"start":{"line":294,"column":4},"end":{"line":296,"column":5}},"50":{"start":{"line":294,"column":17},"end":{"line":294,"column":18}},"51":{"start":{"line":295,"column":6},"end":{"line":295,"column":23}},"52":{"start":{"line":299,"column":4},"end":{"line":311,"column":5}},"53":{"start":{"line":299,"column":17},"end":{"line":299,"column":18}},"54":{"start":{"line":300,"column":6},"end":{"line":310,"column":7}},"55":{"start":{"line":300,"column":19},"end":{"line":300,"column":20}},"56":{"start":{"line":301,"column":8},"end":{"line":309,"column":9}},"57":{"start":{"line":302,"column":10},"end":{"line":302,"column":46}},"58":{"start":{"line":304,"column":10},"end":{"line":308,"column":12}},"59":{"start":{"line":313,"column":4},"end":{"line":313,"column":38}},"60":{"start":{"line":321,"column":4},"end":{"line":323,"column":5}},"61":{"start":{"line":322,"column":6},"end":{"line":322,"column":73}},"62":{"start":{"line":325,"column":23},"end":{"line":325,"column":44}},"63":{"start":{"line":326,"column":20},"end":{"line":326,"column":64}},"64":{"start":{"line":326,"column":37},"end":{"line":326,"column":55}},"65":{"start":{"line":327,"column":4},"end":{"line":384,"column":5}},"66":{"start":{"line":328,"column":23},"end":{"line":353,"column":null}},"67":{"start":{"line":356,"column":6},"end":{"line":361,"column":7}},"68":{"start":{"line":357,"column":26},"end":{"line":357,"column":47}},"69":{"start":{"line":358,"column":8},"end":{"line":360,"column":10}},"70":{"start":{"line":363,"column":20},"end":{"line":363,"column":41}},"71":{"start":{"line":366,"column":6},"end":{"line":370,"column":7}},"72":{"start":{"line":367,"column":8},"end":{"line":369,"column":10}},"73":{"start":{"line":372,"column":6},"end":{"line":374,"column":7}},"74":{"start":{"line":373,"column":8},"end":{"line":373,"column":68}},"75":{"start":{"line":376,"column":22},"end":{"line":376,"column":57}},"76":{"start":{"line":377,"column":6},"end":{"line":379,"column":7}},"77":{"start":{"line":378,"column":8},"end":{"line":378,"column":62}},"78":{"start":{"line":381,"column":6},"end":{"line":381,"column":21}},"79":{"start":{"line":383,"column":6},"end":{"line":383,"column":28}}},"fnMap":{"0":{"name":"(anonymous_0)","decl":{"start":{"line":95,"column":2},"end":{"line":95,"column":14}},"loc":{"start":{"line":95,"column":37},"end":{"line":99,"column":3}}},"1":{"name":"(anonymous_1)","decl":{"start":{"line":108,"column":2},"end":{"line":108,"column":7}},"loc":{"start":{"line":110,"column":29},"end":{"line":132,"column":3}}},"2":{"name":"(anonymous_2)","decl":{"start":{"line":121,"column":34},"end":{"line":121,"column":35}},"loc":{"start":{"line":121,"column":41},"end":{"line":121,"column":49}}},"3":{"name":"(anonymous_3)","decl":{"start":{"line":122,"column":34},"end":{"line":122,"column":35}},"loc":{"start":{"line":122,"column":41},"end":{"line":122,"column":50}}},"4":{"name":"(anonymous_4)","decl":{"start":{"line":141,"column":2},"end":{"line":141,"column":7}},"loc":{"start":{"line":143,"column":26},"end":{"line":174,"column":3}}},"5":{"name":"(anonymous_5)","decl":{"start":{"line":182,"column":2},"end":{"line":182,"column":17}},"loc":{"start":{"line":182,"column":45},"end":{"line":188,"column":3}}},"6":{"name":"(anonymous_6)","decl":{"start":{"line":186,"column":39},"end":{"line":186,"column":40}},"loc":{"start":{"line":186,"column":46},"end":{"line":186,"column":54}}},"7":{"name":"(anonymous_7)","decl":{"start":{"line":197,"column":10},"end":{"line":197,"column":31}},"loc":{"start":{"line":199,"column":26},"end":{"line":220,"column":3}}},"8":{"name":"(anonymous_8)","decl":{"start":{"line":226,"column":10},"end":{"line":226,"column":24}},"loc":{"start":{"line":228,"column":20},"end":{"line":237,"column":3}}},"9":{"name":"(anonymous_9)","decl":{"start":{"line":242,"column":10},"end":{"line":242,"column":22}},"loc":{"start":{"line":242,"column":58},"end":{"line":246,"column":3}}},"10":{"name":"(anonymous_10)","decl":{"start":{"line":252,"column":10},"end":{"line":252,"column":20}},"loc":{"start":{"line":252,"column":56},"end":{"line":272,"column":3}}},"11":{"name":"(anonymous_11)","decl":{"start":{"line":277,"column":10},"end":{"line":277,"column":23}},"loc":{"start":{"line":277,"column":36},"end":{"line":282,"column":3}}},"12":{"name":"(anonymous_12)","decl":{"start":{"line":287,"column":10},"end":{"line":287,"column":29}},"loc":{"start":{"line":287,"column":50},"end":{"line":314,"column":3}}},"13":{"name":"(anonymous_13)","decl":{"start":{"line":320,"column":10},"end":{"line":320,"column":15}},"loc":{"start":{"line":320,"column":42},"end":{"line":385,"column":3}}},"14":{"name":"(anonymous_14)","decl":{"start":{"line":326,"column":31},"end":{"line":326,"column":34}},"loc":{"start":{"line":326,"column":37},"end":{"line":326,"column":55}}}},"branchMap":{"0":{"loc":{"start":{"line":97,"column":18},"end":{"line":97,"column":51}},"type":"binary-expr","locations":[{"start":{"line":97,"column":18},"end":{"line":97,"column":45}},{"start":{"line":97,"column":49},"end":{"line":97,"column":51}}]},"1":{"loc":{"start":{"line":164,"column":27},"end":{"line":164,"column":75}},"type":"cond-expr","locations":[{"start":{"line":164,"column":50},"end":{"line":164,"column":61}},{"start":{"line":164,"column":64},"end":{"line":164,"column":75}}]},"2":{"loc":{"start":{"line":183,"column":4},"end":{"line":185,"column":5}},"type":"if","locations":[{"start":{"line":183,"column":4},"end":{"line":185,"column":5}}]},"3":{"loc":{"start":{"line":212,"column":2},"end":{"line":212,"column":86}},"type":"cond-expr","locations":[{"start":{"line":212,"column":21},"end":{"line":212,"column":81}},{"start":{"line":212,"column":84},"end":{"line":212,"column":86}}]},"4":{"loc":{"start":{"line":231,"column":4},"end":{"line":233,"column":5}},"type":"if","locations":[{"start":{"line":231,"column":4},"end":{"line":233,"column":5}}]},"5":{"loc":{"start":{"line":256,"column":4},"end":{"line":258,"column":5}},"type":"if","locations":[{"start":{"line":256,"column":4},"end":{"line":258,"column":5}}]},"6":{"loc":{"start":{"line":266,"column":4},"end":{"line":268,"column":5}},"type":"if","locations":[{"start":{"line":266,"column":4},"end":{"line":268,"column":5}}]},"7":{"loc":{"start":{"line":301,"column":8},"end":{"line":309,"column":9}},"type":"if","locations":[{"start":{"line":301,"column":8},"end":{"line":309,"column":9}},{"start":{"line":303,"column":15},"end":{"line":309,"column":9}}]},"8":{"loc":{"start":{"line":321,"column":4},"end":{"line":323,"column":5}},"type":"if","locations":[{"start":{"line":321,"column":4},"end":{"line":323,"column":5}}]},"9":{"loc":{"start":{"line":356,"column":6},"end":{"line":361,"column":7}},"type":"if","locations":[{"start":{"line":356,"column":6},"end":{"line":361,"column":7}}]},"10":{"loc":{"start":{"line":366,"column":6},"end":{"line":370,"column":7}},"type":"if","locations":[{"start":{"line":366,"column":6},"end":{"line":370,"column":7}}]},"11":{"loc":{"start":{"line":366,"column":10},"end":{"line":366,"column":60}},"type":"binary-expr","locations":[{"start":{"line":366,"column":10},"end":{"line":366,"column":24}},{"start":{"line":366,"column":28},"end":{"line":366,"column":60}}]},"12":{"loc":{"start":{"line":372,"column":6},"end":{"line":374,"column":7}},"type":"if","locations":[{"start":{"line":372,"column":6},"end":{"line":374,"column":7}}]},"13":{"loc":{"start":{"line":377,"column":6},"end":{"line":379,"column":7}},"type":"if","locations":[{"start":{"line":377,"column":6},"end":{"line":379,"column":7}}]}},"s":{"0":0,"1":0,"2":0,"3":0,"4":0,"5":0,"6":0,"7":0,"8":0,"9":0,"10":0,"11":0,"12":0,"13":0,"14":0,"15":0,"16":0,"17":0,"18":0,"19":0,"20":0,"21":0,"22":0,"23":0,"24":0,"25":0,"26":0,"27":0,"28":0,"29":0,"30":0,"31":0,"32":0,"33":0,"34":0,"35":0,"36":0,"37":0,"38":0,"39":0,"40":0,"41":0,"42":0,"43":0,"44":0,"45":0,"46":0,"47":0,"48":0,"49":0,"50":0,"51":0,"52":0,"53":0,"54":0,"55":0,"56":0,"57":0,"58":0,"59":0,"60":0,"61":0,"62":0,"63":0,"64":0,"65":0,"66":0,"67":0,"68":0,"69":0,"70":0,"71":0,"72":0,"73":0,"74":0,"75":0,"76":0,"77":0,"78":0,"79":0},"f":{"0":0,"1":0,"2":0,"3":0,"4":0,"5":0,"6":0,"7":0,"8":0,"9":0,"10":0,"11":0,"12":0,"13":0,"14":0},"b":{"0":[0,0],"1":[0,0],"2":[0],"3":[0,0],"4":[0],"5":[0],"6":[0],"7":[0,0],"8":[0],"9":[0],"10":[0],"11":[0,0],"12":[0],"13":[0]}}
}
