TN:
SF:src/config.ts
FN:113,parseConfig
FN:122,safeParseConfig
FN:130,getDefaultConfig
FN:139,mergeWithDefaults
FNF:4
FNH:0
FNDA:0,parseConfig
FNDA:0,safeParseConfig
FNDA:0,getDefaultConfig
FNDA:0,mergeWithDefaults
DA:17,0
DA:26,0
DA:46,0
DA:55,0
DA:68,0
DA:74,0
DA:114,0
DA:123,0
DA:131,0
DA:140,0
LF:10
LH:0
BRF:0
BRH:0
end_of_record
TN:
SF:src/index.ts
FN:85,getConfig
FN:92,getTrajectoryHandler
FN:99,getTrajectoryLogger
FN:106,getOutcomeLabeler
FN:113,getEvolutionTrigger
FN:120,getScheduler
FN:129,createCheckEvolutionNeedTool
FN:143,(anonymous_7)
FN:179,(anonymous_8)
FN:213,handleLlmInput
FN:225,handleLlmOutput
FN:237,handleAgentEnd
FN:249,handleBeforeToolCall
FN:261,handleAfterToolCall
FN:273,handleSessionStart
FN:285,handleSessionEnd
FN:297,handleSubagentSpawned
FN:309,handleSubagentEnded
FN:324,createProposeSkillEditTool
FN:353,(anonymous_19)
FN:457,createRunEvolutionTool
FN:480,(anonymous_21)
FN:589,createEvolutionStatusTool
FN:607,(anonymous_23)
FN:651,(anonymous_24)
FN:666,(anonymous_25)
FN:694,extractSkillDescription
FN:717,createDatasetBuildTool
FN:741,(anonymous_28)
FN:875,createBenchmarkRunTool
FN:894,(anonymous_30)
FN:1029,createRunSchedulerCycleTool
FN:1038,(anonymous_32)
FN:1077,createLabelTrajectoriesTool
FN:1095,(anonymous_34)
FN:1124,(anonymous_35)
FN:1125,(anonymous_36)
FN:1126,(anonymous_37)
FN:1137,(anonymous_38)
FN:1170,registerEvolutionCli
FN:1180,(anonymous_40)
FN:1189,(anonymous_41)
FN:1197,(anonymous_42)
FN:1205,(anonymous_43)
FN:1231,(anonymous_44)
FN:1254,(anonymous_45)
FN:1276,registerDatasetCli
FN:1285,(anonymous_47)
FN:1293,(anonymous_48)
FN:1301,(anonymous_49)
FN:1309,registerBenchmarkCli
FN:1318,(anonymous_51)
FN:1326,(anonymous_52)
FN:1335,(anonymous_53)
FN:1347,register
FNF:55
FNH:0
FNDA:0,getConfig
FNDA:0,getTrajectoryHandler
FNDA:0,getTrajectoryLogger
FNDA:0,getOutcomeLabeler
FNDA:0,getEvolutionTrigger
FNDA:0,getScheduler
FNDA:0,createCheckEvolutionNeedTool
FNDA:0,(anonymous_7)
FNDA:0,(anonymous_8)
FNDA:0,handleLlmInput
FNDA:0,handleLlmOutput
FNDA:0,handleAgentEnd
FNDA:0,handleBeforeToolCall
FNDA:0,handleAfterToolCall
FNDA:0,handleSessionStart
FNDA:0,handleSessionEnd
FNDA:0,handleSubagentSpawned
FNDA:0,handleSubagentEnded
FNDA:0,createProposeSkillEditTool
FNDA:0,(anonymous_19)
FNDA:0,createRunEvolutionTool
FNDA:0,(anonymous_21)
FNDA:0,createEvolutionStatusTool
FNDA:0,(anonymous_23)
FNDA:0,(anonymous_24)
FNDA:0,(anonymous_25)
FNDA:0,extractSkillDescription
FNDA:0,createDatasetBuildTool
FNDA:0,(anonymous_28)
FNDA:0,createBenchmarkRunTool
FNDA:0,(anonymous_30)
FNDA:0,createRunSchedulerCycleTool
FNDA:0,(anonymous_32)
FNDA:0,createLabelTrajectoriesTool
FNDA:0,(anonymous_34)
FNDA:0,(anonymous_35)
FNDA:0,(anonymous_36)
FNDA:0,(anonymous_37)
FNDA:0,(anonymous_38)
FNDA:0,registerEvolutionCli
FNDA:0,(anonymous_40)
FNDA:0,(anonymous_41)
FNDA:0,(anonymous_42)
FNDA:0,(anonymous_43)
FNDA:0,(anonymous_44)
FNDA:0,(anonymous_45)
FNDA:0,registerDatasetCli
FNDA:0,(anonymous_47)
FNDA:0,(anonymous_48)
FNDA:0,(anonymous_49)
FNDA:0,registerBenchmarkCli
FNDA:0,(anonymous_51)
FNDA:0,(anonymous_52)
FNDA:0,(anonymous_53)
FNDA:0,register
DA:61,0
DA:67,0
DA:69,0
DA:71,0
DA:73,0
DA:75,0
DA:76,0
DA:78,0
DA:80,0
DA:86,0
DA:93,0
DA:100,0
DA:107,0
DA:114,0
DA:121,0
DA:130,0
DA:144,0
DA:145,0
DA:146,0
DA:153,0
DA:155,0
DA:157,0
DA:158,0
DA:174,0
DA:175,0
DA:179,0
DA:195,0
DA:217,0
DA:229,0
DA:241,0
DA:253,0
DA:265,0
DA:277,0
DA:289,0
DA:301,0
DA:313,0
DA:325,0
DA:354,0
DA:355,0
DA:356,0
DA:359,0
DA:360,0
DA:368,0
DA:369,0
DA:377,0
DA:386,0
DA:387,0
DA:396,0
DA:397,0
DA:399,0
DA:407,0
DA:408,0
DA:409,0
DA:418,0
DA:421,0
DA:422,0
DA:423,0
DA:432,0
DA:436,0
DA:437,0
DA:458,0
DA:481,0
DA:484,0
DA:485,0
DA:493,0
DA:502,0
DA:503,0
DA:510,0
DA:512,0
DA:513,0
DA:521,0
DA:522,0
DA:523,0
DA:524,0
DA:525,0
DA:526,0
DA:529,0
DA:530,0
DA:536,0
DA:537,0
DA:538,0
DA:539,0
DA:540,0
DA:548,0
DA:556,0
DA:558,0
DA:559,0
DA:566,0
DA:575,0
DA:590,0
DA:608,0
DA:610,0
DA:611,0
DA:620,0
DA:621,0
DA:622,0
DA:630,0
DA:631,0
DA:632,0
DA:633,0
DA:635,0
DA:648,0
DA:649,0
DA:650,0
DA:651,0
DA:663,0
DA:664,0
DA:665,0
DA:666,0
DA:680,0
DA:695,0
DA:696,0
DA:697,0
DA:698,0
DA:699,0
DA:703,0
DA:704,0
DA:705,0
DA:706,0
DA:707,0
DA:710,0
DA:718,0
DA:742,0
DA:743,0
DA:744,0
DA:747,0
DA:748,0
DA:756,0
DA:765,0
DA:766,0
DA:775,0
DA:776,0
DA:778,0
DA:785,0
DA:787,0
DA:790,0
DA:791,0
DA:800,0
DA:801,0
DA:807,0
DA:808,0
DA:810,0
DA:811,0
DA:814,0
DA:815,0
DA:816,0
DA:819,0
DA:820,0
DA:825,0
DA:826,0
DA:832,0
DA:833,0
DA:839,0
DA:850,0
DA:853,0
DA:861,0
DA:876,0
DA:895,0
DA:898,0
DA:899,0
DA:902,0
DA:905,0
DA:915,0
DA:916,0
DA:918,0
DA:926,0
DA:937,0
DA:938,0
DA:939,0
DA:942,0
DA:943,0
DA:955,0
DA:956,0
DA:958,0
DA:959,0
DA:966,0
DA:968,0
DA:969,0
DA:970,0
DA:978,0
DA:979,0
DA:984,0
DA:985,0
DA:988,0
DA:1006,0
DA:1015,0
DA:1030,0
DA:1039,0
DA:1040,0
DA:1041,0
DA:1048,0
DA:1050,0
DA:1062,0
DA:1078,0
DA:1096,0
DA:1098,0
DA:1099,0
DA:1106,0
DA:1107,0
DA:1110,0
DA:1112,0
DA:1113,0
DA:1121,0
DA:1124,0
DA:1125,0
DA:1126,0
DA:1128,0
DA:1137,0
DA:1140,0
DA:1171,0
DA:1172,0
DA:1174,0
DA:1181,0
DA:1184,0
DA:1190,0
DA:1193,0
DA:1198,0
DA:1201,0
DA:1202,0
DA:1206,0
DA:1207,0
DA:1208,0
DA:1210,0
DA:1211,0
DA:1212,0
DA:1213,0
DA:1215,0
DA:1216,0
DA:1217,0
DA:1218,0
DA:1222,0
DA:1226,0
DA:1232,0
DA:1233,0
DA:1234,0
DA:1236,0
DA:1237,0
DA:1238,0
DA:1239,0
DA:1241,0
DA:1242,0
DA:1243,0
DA:1245,0
DA:1249,0
DA:1255,0
DA:1256,0
DA:1257,0
DA:1259,0
DA:1260,0
DA:1261,0
DA:1262,0
DA:1264,0
DA:1265,0
DA:1266,0
DA:1268,0
DA:1277,0
DA:1278,0
DA:1280,0
DA:1286,0
DA:1289,0
DA:1294,0
DA:1297,0
DA:1302,0
DA:1310,0
DA:1311,0
DA:1313,0
DA:1319,0
DA:1322,0
DA:1327,0
DA:1330,0
DA:1336,0
DA:1348,0
DA:1350,0
DA:1353,0
DA:1354,0
DA:1355,0
DA:1357,0
DA:1358,0
DA:1361,0
DA:1362,0
DA:1363,0
DA:1367,0
DA:1368,0
DA:1371,0
DA:1374,0
DA:1375,0
DA:1378,0
DA:1379,0
DA:1380,0
DA:1381,0
DA:1382,0
DA:1383,0
DA:1384,0
DA:1387,0
DA:1388,0
DA:1392,0
DA:1393,0
DA:1401,0
DA:1402,0
DA:1408,0
DA:1410,0
DA:1415,0
DA:1416,0
DA:1418,0
DA:1419,0
DA:1420,0
DA:1421,0
DA:1422,0
DA:1423,0
DA:1424,0
DA:1425,0
DA:1426,0
DA:1429,0
DA:1430,0
DA:1432,0
DA:1433,0
DA:1434,0
DA:1436,0
DA:1441,0
DA:1442,0
DA:1443,0
DA:1445,0
DA:1451,0
DA:1453,0
DA:1457,0
DA:1461,0
DA:1465,0
DA:1469,0
DA:1473,0
DA:1477,0
DA:1481,0
DA:1486,0
DA:1488,0
DA:1495,0
DA:1502,0
DA:1509,0
LF:336
LH:0
BRDA:145,0,0,0
BRDA:155,1,0,0
BRDA:155,1,1,0
BRDA:197,2,0,0
BRDA:197,2,1,0
BRDA:359,3,0,0
BRDA:359,4,0,0
BRDA:359,4,1,0
BRDA:359,4,2,0
BRDA:368,5,0,0
BRDA:368,6,0,0
BRDA:368,6,1,0
BRDA:368,6,2,0
BRDA:378,7,0,0
BRDA:378,7,1,0
BRDA:386,8,0,0
BRDA:401,9,0,0
BRDA:401,9,1,0
BRDA:422,10,0,0
BRDA:422,11,0,0
BRDA:422,11,1,0
BRDA:444,12,0,0
BRDA:444,12,1,0
BRDA:445,13,0,0
BRDA:445,13,1,0
BRDA:484,14,0,0
BRDA:484,15,0,0
BRDA:484,15,1,0
BRDA:484,15,2,0
BRDA:494,16,0,0
BRDA:494,16,1,0
BRDA:502,17,0,0
BRDA:512,18,0,0
BRDA:529,19,0,0
BRDA:558,20,0,0
BRDA:558,20,1,0
BRDA:577,21,0,0
BRDA:577,21,1,0
BRDA:577,22,0,0
BRDA:577,22,1,0
BRDA:610,23,0,0
BRDA:630,24,0,0
BRDA:630,24,1,0
BRDA:632,25,0,0
BRDA:648,26,0,0
BRDA:648,26,1,0
BRDA:682,27,0,0
BRDA:682,27,1,0
BRDA:682,28,0,0
BRDA:682,28,1,0
BRDA:696,29,0,0
BRDA:698,30,0,0
BRDA:706,31,0,0
BRDA:706,32,0,0
BRDA:706,32,1,0
BRDA:706,32,2,0
BRDA:743,33,0,0
BRDA:743,33,1,0
BRDA:747,34,0,0
BRDA:757,35,0,0
BRDA:757,35,1,0
BRDA:765,36,0,0
BRDA:780,37,0,0
BRDA:780,37,1,0
BRDA:790,38,0,0
BRDA:800,39,0,0
BRDA:800,40,0,0
BRDA:800,40,1,0
BRDA:808,41,0,0
BRDA:814,42,0,0
BRDA:814,43,0,0
BRDA:814,43,1,0
BRDA:816,44,0,0
BRDA:816,44,1,0
BRDA:825,45,0,0
BRDA:863,46,0,0
BRDA:863,46,1,0
BRDA:898,47,0,0
BRDA:898,48,0,0
BRDA:898,48,1,0
BRDA:898,48,2,0
BRDA:906,49,0,0
BRDA:906,49,1,0
BRDA:920,50,0,0
BRDA:920,50,1,0
BRDA:956,51,0,0
BRDA:958,52,0,0
BRDA:969,53,0,0
BRDA:990,54,0,0
BRDA:990,54,1,0
BRDA:1009,55,0,0
BRDA:1009,55,1,0
BRDA:1040,56,0,0
BRDA:1064,57,0,0
BRDA:1064,57,1,0
BRDA:1098,58,0,0
BRDA:1107,59,0,0
BRDA:1107,59,1,0
BRDA:1112,60,0,0
BRDA:1131,61,0,0
BRDA:1131,61,1,0
BRDA:1142,62,0,0
BRDA:1142,62,1,0
BRDA:1206,63,0,0
BRDA:1212,64,0,0
BRDA:1212,64,1,0
BRDA:1222,65,0,0
BRDA:1222,65,1,0
BRDA:1232,66,0,0
BRDA:1237,67,0,0
BRDA:1245,68,0,0
BRDA:1245,68,1,0
BRDA:1255,69,0,0
BRDA:1260,70,0,0
BRDA:1268,71,0,0
BRDA:1268,71,1,0
BRDA:1354,72,0,0
BRDA:1354,72,1,0
BRDA:1361,73,0,0
BRDA:1392,74,0,0
BRDA:1392,75,0,0
BRDA:1392,75,1,0
BRDA:1392,75,2,0
BRDA:1392,75,3,0
BRDA:1401,76,0,0
BRDA:1401,76,1,0
BRDA:1415,77,0,0
BRF:127
BRH:0
end_of_record
TN:
SF:src/automation/evolution-trigger.ts
FN:55,(anonymous_0)
FN:62,(anonymous_1)
FN:72,(anonymous_2)
FN:109,(anonymous_3)
FN:119,(anonymous_4)
FN:172,(anonymous_5)
FN:208,(anonymous_6)
FN:240,(anonymous_7)
FN:332,(anonymous_8)
FN:346,(anonymous_9)
FN:352,(anonymous_10)
FN:368,(anonymous_11)
FN:377,(anonymous_12)
FNF:13
FNH:0
FNDA:0,(anonymous_0)
FNDA:0,(anonymous_1)
FNDA:0,(anonymous_2)
FNDA:0,(anonymous_3)
FNDA:0,(anonymous_4)
FNDA:0,(anonymous_5)
FNDA:0,(anonymous_6)
FNDA:0,(anonymous_7)
FNDA:0,(anonymous_8)
FNDA:0,(anonymous_9)
FNDA:0,(anonymous_10)
FNDA:0,(anonymous_11)
FNDA:0,(anonymous_12)
DA:45,0
DA:46,0
DA:49,0
DA:50,0
DA:51,0
DA:52,0
DA:53,0
DA:56,0
DA:63,0
DA:73,0
DA:74,0
DA:77,0
DA:79,0
DA:81,0
DA:82,0
DA:83,0
DA:89,0
DA:92,0
DA:93,0
DA:94,0
DA:96,0
DA:98,0
DA:99,0
DA:110,0
DA:111,0
DA:123,0
DA:125,0
DA:126,0
DA:129,0
DA:130,0
DA:131,0
DA:134,0
DA:146,0
DA:147,0
DA:154,0
DA:155,0
DA:158,0
DA:176,0
DA:177,0
DA:181,0
DA:189,0
DA:190,0
DA:195,0
DA:196,0
DA:200,0
DA:202,0
DA:203,0
DA:204,0
DA:205,0
DA:208,0
DA:210,0
DA:211,0
DA:215,0
DA:220,0
DA:223,0
DA:229,0
DA:241,0
DA:243,0
DA:246,0
DA:261,0
DA:262,0
DA:266,0
DA:267,0
DA:268,0
DA:271,0
DA:275,0
DA:276,0
DA:277,0
DA:281,0
DA:282,0
DA:289,0
DA:290,0
DA:291,0
DA:294,0
DA:295,0
DA:296,0
DA:297,0
DA:303,0
DA:304,0
DA:310,0
DA:311,0
DA:312,0
DA:316,0
DA:317,0
DA:320,0
DA:333,0
DA:334,0
DA:337,0
DA:343,0
DA:344,0
DA:346,0
DA:353,0
DA:355,0
DA:356,0
DA:358,0
DA:359,0
DA:360,0
DA:361,0
DA:366,0
DA:367,0
DA:368,0
DA:371,0
DA:378,0
DA:379,0
DA:380,0
DA:382,0
LF:106
LH:0
BRDA:64,0,0,0
BRDA:64,0,1,0
BRDA:65,1,0,0
BRDA:65,1,1,0
BRDA:73,2,0,0
BRDA:98,3,0,0
BRDA:98,3,1,0
BRDA:110,4,0,0
BRDA:121,5,0,0
BRDA:125,6,0,0
BRDA:154,7,0,0
BRDA:154,8,0,0
BRDA:154,8,1,0
BRDA:161,9,0,0
BRDA:161,9,1,0
BRDA:162,10,0,0
BRDA:162,10,1,0
BRDA:163,11,0,0
BRDA:163,11,1,0
BRDA:176,12,0,0
BRDA:195,13,0,0
BRDA:202,14,0,0
BRDA:202,14,1,0
BRDA:210,15,0,0
BRDA:210,16,0,0
BRDA:210,16,1,0
BRDA:215,17,0,0
BRDA:215,17,1,0
BRDA:217,18,0,0
BRDA:217,18,1,0
BRDA:229,19,0,0
BRDA:229,19,1,0
BRDA:261,20,0,0
BRDA:261,21,0,0
BRDA:261,21,1,0
BRDA:271,22,0,0
BRDA:272,23,0,0
BRDA:272,23,1,0
BRDA:277,24,0,0
BRDA:277,24,1,0
BRDA:282,25,0,0
BRDA:283,26,0,0
BRDA:283,26,1,0
BRDA:283,26,2,0
BRDA:283,26,3,0
BRDA:283,26,4,0
BRDA:294,27,0,0
BRDA:297,28,0,0
BRDA:297,28,1,0
BRDA:304,29,0,0
BRDA:305,30,0,0
BRDA:305,30,1,0
BRDA:305,30,2,0
BRDA:305,30,3,0
BRDA:316,31,0,0
BRDA:333,32,0,0
BRDA:360,33,0,0
BRDA:378,34,0,0
BRF:58
BRH:0
end_of_record
TN:
SF:src/automation/scheduler.ts
FN:84,(anonymous_0)
FN:111,(anonymous_1)
FN:129,(anonymous_2)
FN:165,(anonymous_3)
FN:180,(anonymous_4)
FN:273,(anonymous_5)
FN:280,(anonymous_6)
FN:292,(anonymous_7)
FN:297,(anonymous_8)
FN:315,(anonymous_9)
FN:316,(anonymous_10)
FN:336,(anonymous_11)
FN:432,(anonymous_12)
FNF:13
FNH:0
FNDA:0,(anonymous_0)
FNDA:0,(anonymous_1)
FNDA:0,(anonymous_2)
FNDA:0,(anonymous_3)
FNDA:0,(anonymous_4)
FNDA:0,(anonymous_5)
FNDA:0,(anonymous_6)
FNDA:0,(anonymous_7)
FNDA:0,(anonymous_8)
FNDA:0,(anonymous_9)
FNDA:0,(anonymous_10)
FNDA:0,(anonymous_11)
FNDA:0,(anonymous_12)
DA:74,0
DA:75,0
DA:76,0
DA:79,0
DA:82,0
DA:91,0
DA:92,0
DA:93,0
DA:94,0
DA:95,0
DA:98,0
DA:114,0
DA:115,0
DA:116,0
DA:118,0
DA:131,0
DA:132,0
DA:139,0
DA:140,0
DA:143,0
DA:144,0
DA:145,0
DA:149,0
DA:150,0
DA:151,0
DA:154,0
DA:155,0
DA:158,0
DA:166,0
DA:168,0
DA:169,0
DA:170,0
DA:173,0
DA:181,0
DA:191,0
DA:192,0
DA:193,0
DA:196,0
DA:198,0
DA:200,0
DA:201,0
DA:202,0
DA:203,0
DA:204,0
DA:205,0
DA:208,0
DA:209,0
DA:210,0
DA:214,0
DA:215,0
DA:216,0
DA:217,0
DA:218,0
DA:220,0
DA:221,0
DA:222,0
DA:226,0
DA:229,0
DA:230,0
DA:231,0
DA:233,0
DA:236,0
DA:237,0
DA:238,0
DA:239,0
DA:240,0
DA:241,0
DA:242,0
DA:243,0
DA:247,0
DA:253,0
DA:254,0
DA:255,0
DA:260,0
DA:261,0
DA:262,0
DA:264,0
DA:267,0
DA:274,0
DA:281,0
DA:293,0
DA:294,0
DA:297,0
DA:298,0
DA:299,0
DA:303,0
DA:306,0
DA:316,0
DA:317,0
DA:320,0
DA:321,0
DA:325,0
DA:326,0
DA:337,0
DA:338,0
DA:341,0
DA:342,0
DA:345,0
DA:348,0
DA:351,0
DA:353,0
DA:356,0
DA:357,0
DA:358,0
DA:359,0
DA:360,0
DA:361,0
DA:364,0
DA:367,0
DA:368,0
DA:369,0
DA:371,0
DA:376,0
DA:377,0
DA:379,0
DA:388,0
DA:396,0
DA:400,0
DA:403,0
DA:404,0
DA:405,0
DA:406,0
DA:409,0
DA:411,0
DA:412,0
DA:415,0
DA:418,0
DA:419,0
DA:420,0
DA:421,0
DA:433,0
DA:434,0
LF:132
LH:0
BRDA:115,0,0,0
BRDA:131,1,0,0
BRDA:139,2,0,0
BRDA:139,2,1,0
BRDA:140,3,0,0
BRDA:140,3,1,0
BRDA:143,4,0,0
BRDA:149,5,0,0
BRDA:168,6,0,0
BRDA:191,7,0,0
BRDA:202,8,0,0
BRDA:208,9,0,0
BRDA:208,9,1,0
BRDA:220,10,0,0
BRDA:220,10,1,0
BRDA:239,11,0,0
BRDA:242,12,0,0
BRDA:253,13,0,0
BRDA:253,13,1,0
BRDA:260,14,0,0
BRDA:260,14,1,0
BRDA:293,15,0,0
BRDA:298,16,0,0
BRDA:320,17,0,0
BRDA:341,18,0,0
BRDA:403,19,0,0
BRDA:403,20,0,0
BRDA:403,20,1,0
BRDA:418,21,0,0
BRDA:433,22,0,0
BRDA:433,22,1,0
BRF:31
BRH:0
end_of_record
TN:
SF:src/collection/outcome-labeler.ts
FN:79,(anonymous_0)
FN:93,(anonymous_1)
FN:107,(anonymous_2)
FN:116,(anonymous_3)
FN:161,(anonymous_4)
FN:246,(anonymous_5)
FN:274,(anonymous_6)
FN:306,(anonymous_7)
FN:316,(anonymous_8)
FN:316,(anonymous_9)
FN:322,(anonymous_10)
FN:333,(anonymous_11)
FN:410,(anonymous_12)
FN:433,(anonymous_13)
FN:466,(anonymous_14)
FN:490,(anonymous_15)
FN:509,(anonymous_16)
FN:518,(anonymous_17)
FN:534,(anonymous_18)
FN:540,(anonymous_19)
FN:605,(anonymous_20)
FNF:21
FNH:0
FNDA:0,(anonymous_0)
FNDA:0,(anonymous_1)
FNDA:0,(anonymous_2)
FNDA:0,(anonymous_3)
FNDA:0,(anonymous_4)
FNDA:0,(anonymous_5)
FNDA:0,(anonymous_6)
FNDA:0,(anonymous_7)
FNDA:0,(anonymous_8)
FNDA:0,(anonymous_9)
FNDA:0,(anonymous_10)
FNDA:0,(anonymous_11)
FNDA:0,(anonymous_12)
FNDA:0,(anonymous_13)
FNDA:0,(anonymous_14)
FNDA:0,(anonymous_15)
FNDA:0,(anonymous_16)
FNDA:0,(anonymous_17)
FNDA:0,(anonymous_18)
FNDA:0,(anonymous_19)
FNDA:0,(anonymous_20)
DA:65,0
DA:66,0
DA:69,0
DA:72,0
DA:80,0
DA:81,0
DA:82,0
DA:83,0
DA:84,0
DA:85,0
DA:94,0
DA:95,0
DA:96,0
DA:101,0
DA:108,0
DA:117,0
DA:118,0
DA:121,0
DA:123,0
DA:125,0
DA:126,0
DA:127,0
DA:133,0
DA:136,0
DA:137,0
DA:138,0
DA:141,0
DA:147,0
DA:149,0
DA:150,0
DA:165,0
DA:166,0
DA:169,0
DA:170,0
DA:174,0
DA:176,0
DA:177,0
DA:200,0
DA:202,0
DA:224,0
DA:227,0
DA:228,0
DA:246,0
DA:279,0
DA:280,0
DA:281,0
DA:282,0
DA:283,0
DA:286,0
DA:291,0
DA:292,0
DA:293,0
DA:310,0
DA:313,0
DA:314,0
DA:315,0
DA:316,0
DA:317,0
DA:318,0
DA:322,0
DA:325,0
DA:337,0
DA:339,0
DA:360,0
DA:362,0
DA:363,0
DA:369,0
DA:370,0
DA:374,0
DA:375,0
DA:377,0
DA:380,0
DA:389,0
DA:411,0
DA:412,0
DA:413,0
DA:416,0
DA:417,0
DA:418,0
DA:425,0
DA:426,0
DA:427,0
DA:428,0
DA:431,0
DA:432,0
DA:433,0
DA:434,0
DA:435,0
DA:436,0
DA:437,0
DA:440,0
DA:449,0
DA:452,0
DA:453,0
DA:454,0
DA:455,0
DA:457,0
DA:458,0
DA:459,0
DA:460,0
DA:464,0
DA:465,0
DA:466,0
DA:468,0
DA:469,0
DA:470,0
DA:471,0
DA:476,0
DA:477,0
DA:479,0
DA:480,0
DA:481,0
DA:482,0
DA:483,0
DA:484,0
DA:489,0
DA:490,0
DA:492,0
DA:493,0
DA:494,0
DA:497,0
DA:510,0
DA:511,0
DA:512,0
DA:519,0
DA:520,0
DA:523,0
DA:524,0
DA:527,0
DA:535,0
DA:536,0
DA:539,0
DA:540,0
DA:542,0
DA:543,0
DA:571,0
DA:572,0
DA:573,0
DA:578,0
DA:581,0
DA:582,0
DA:587,0
DA:588,0
DA:591,0
DA:592,0
DA:593,0
DA:596,0
DA:598,0
DA:607,0
DA:608,0
DA:610,0
DA:611,0
DA:612,0
LF:153
LH:0
BRDA:81,0,0,0
BRDA:81,0,1,0
BRDA:83,1,0,0
BRDA:108,2,0,0
BRDA:108,2,1,0
BRDA:109,3,0,0
BRDA:109,3,1,0
BRDA:117,4,0,0
BRDA:149,5,0,0
BRDA:149,5,1,0
BRDA:163,6,0,0
BRDA:165,7,0,0
BRDA:169,8,0,0
BRDA:176,9,0,0
BRDA:176,9,1,0
BRDA:279,10,0,0
BRDA:347,11,0,0
BRDA:347,11,1,0
BRDA:348,12,0,0
BRDA:348,12,1,0
BRDA:369,13,0,0
BRDA:369,13,1,0
BRDA:370,14,0,0
BRDA:370,14,1,0
BRDA:374,15,0,0
BRDA:374,15,1,0
BRDA:374,16,0,0
BRDA:374,16,1,0
BRDA:425,17,0,0
BRDA:434,18,0,0
BRDA:444,19,0,0
BRDA:444,19,1,0
BRDA:449,20,0,0
BRDA:449,20,1,0
BRDA:449,20,2,0
BRDA:468,21,0,0
BRDA:471,22,0,0
BRDA:471,22,1,0
BRDA:476,23,0,0
BRDA:479,24,0,0
BRDA:479,24,1,0
BRDA:479,25,0,0
BRDA:479,25,1,0
BRDA:481,26,0,0
BRDA:481,26,1,0
BRDA:482,27,0,0
BRDA:484,28,0,0
BRDA:484,28,1,0
BRDA:492,29,0,0
BRDA:492,30,0,0
BRDA:492,30,1,0
BRDA:494,31,0,0
BRDA:494,31,1,0
BRDA:501,32,0,0
BRDA:501,32,1,0
BRDA:510,33,0,0
BRDA:511,34,0,0
BRDA:519,35,0,0
BRDA:523,36,0,0
BRDA:523,37,0,0
BRDA:523,37,1,0
BRDA:535,38,0,0
BRDA:571,39,0,0
BRDA:581,40,0,0
BRDA:581,41,0,0
BRDA:581,41,1,0
BRDA:587,42,0,0
BRDA:592,43,0,0
BRDA:607,44,0,0
BRDA:607,45,0,0
BRDA:607,45,1,0
BRF:71
BRH:0
end_of_record
TN:
SF:src/collection/session-miner.ts
FN:108,(anonymous_0)
FN:117,(anonymous_1)
FN:131,(anonymous_2)
FN:153,(anonymous_3)
FN:162,(anonymous_4)
FN:163,(anonymous_5)
FN:176,(anonymous_6)
FN:245,(anonymous_7)
FN:252,(anonymous_8)
FN:275,(anonymous_9)
FN:283,(anonymous_10)
FN:303,(anonymous_11)
FN:337,(anonymous_12)
FN:386,(anonymous_13)
FN:388,(anonymous_14)
FN:389,(anonymous_15)
FN:471,(anonymous_16)
FN:501,(anonymous_17)
FN:558,(anonymous_18)
FN:568,(anonymous_19)
FN:585,(anonymous_20)
FN:601,(anonymous_21)
FN:639,(anonymous_22)
FN:650,(anonymous_23)
FN:703,(anonymous_24)
FN:735,(anonymous_25)
FNF:26
FNH:0
FNDA:0,(anonymous_0)
FNDA:0,(anonymous_1)
FNDA:0,(anonymous_2)
FNDA:0,(anonymous_3)
FNDA:0,(anonymous_4)
FNDA:0,(anonymous_5)
FNDA:0,(anonymous_6)
FNDA:0,(anonymous_7)
FNDA:0,(anonymous_8)
FNDA:0,(anonymous_9)
FNDA:0,(anonymous_10)
FNDA:0,(anonymous_11)
FNDA:0,(anonymous_12)
FNDA:0,(anonymous_13)
FNDA:0,(anonymous_14)
FNDA:0,(anonymous_15)
FNDA:0,(anonymous_16)
FNDA:0,(anonymous_17)
FNDA:0,(anonymous_18)
FNDA:0,(anonymous_19)
FNDA:0,(anonymous_20)
FNDA:0,(anonymous_21)
FNDA:0,(anonymous_22)
FNDA:0,(anonymous_23)
FNDA:0,(anonymous_24)
FNDA:0,(anonymous_25)
DA:105,0
DA:106,0
DA:109,0
DA:118,0
DA:119,0
DA:120,0
DA:122,0
DA:132,0
DA:134,0
DA:135,0
DA:138,0
DA:139,0
DA:140,0
DA:141,0
DA:142,0
DA:144,0
DA:154,0
DA:155,0
DA:156,0
DA:159,0
DA:160,0
DA:161,0
DA:162,0
DA:163,0
DA:165,0
DA:187,0
DA:188,0
DA:190,0
DA:192,0
DA:194,0
DA:196,0
DA:197,0
DA:198,0
DA:208,0
DA:209,0
DA:210,0
DA:213,0
DA:214,0
DA:215,0
DA:216,0
DA:221,0
DA:222,0
DA:236,0
DA:246,0
DA:247,0
DA:250,0
DA:251,0
DA:252,0
DA:253,0
DA:255,0
DA:256,0
DA:257,0
DA:258,0
DA:264,0
DA:266,0
DA:276,0
DA:277,0
DA:284,0
DA:304,0
DA:305,0
DA:306,0
DA:307,0
DA:308,0
DA:311,0
DA:312,0
DA:313,0
DA:314,0
DA:320,0
DA:321,0
DA:323,0
DA:324,0
DA:326,0
DA:327,0
DA:330,0
DA:331,0
DA:334,0
DA:335,0
DA:336,0
DA:338,0
DA:339,0
DA:341,0
DA:346,0
DA:347,0
DA:349,0
DA:369,0
DA:371,0
DA:372,0
DA:373,0
DA:374,0
DA:375,0
DA:376,0
DA:382,0
DA:383,0
DA:384,0
DA:385,0
DA:386,0
DA:387,0
DA:388,0
DA:389,0
DA:393,0
DA:394,0
DA:395,0
DA:397,0
DA:398,0
DA:409,0
DA:410,0
DA:416,0
DA:417,0
DA:418,0
DA:419,0
DA:420,0
DA:423,0
DA:425,0
DA:452,0
DA:453,0
DA:460,0
DA:461,0
DA:462,0
DA:463,0
DA:464,0
DA:466,0
DA:467,0
DA:470,0
DA:472,0
DA:473,0
DA:475,0
DA:479,0
DA:486,0
DA:492,0
DA:502,0
DA:503,0
DA:505,0
DA:506,0
DA:508,0
DA:509,0
DA:512,0
DA:513,0
DA:514,0
DA:517,0
DA:520,0
DA:522,0
DA:523,0
DA:524,0
DA:525,0
DA:530,0
DA:531,0
DA:535,0
DA:536,0
DA:537,0
DA:538,0
DA:543,0
DA:544,0
DA:546,0
DA:547,0
DA:550,0
DA:553,0
DA:558,0
DA:559,0
DA:569,0
DA:570,0
DA:572,0
DA:574,0
DA:575,0
DA:578,0
DA:579,0
DA:580,0
DA:581,0
DA:585,0
DA:586,0
DA:587,0
DA:591,0
DA:594,0
DA:595,0
DA:596,0
DA:597,0
DA:599,0
DA:600,0
DA:601,0
DA:602,0
DA:603,0
DA:605,0
DA:606,0
DA:607,0
DA:608,0
DA:613,0
DA:614,0
DA:615,0
DA:616,0
DA:617,0
DA:621,0
DA:622,0
DA:624,0
DA:634,0
DA:639,0
DA:640,0
DA:651,0
DA:657,0
DA:658,0
DA:659,0
DA:660,0
DA:662,0
DA:663,0
DA:664,0
DA:665,0
DA:667,0
DA:668,0
DA:669,0
DA:671,0
DA:672,0
DA:673,0
DA:675,0
DA:676,0
DA:678,0
DA:679,0
DA:680,0
DA:685,0
DA:689,0
DA:690,0
DA:691,0
DA:694,0
DA:704,0
DA:705,0
DA:707,0
DA:708,0
DA:709,0
DA:712,0
DA:713,0
DA:714,0
DA:715,0
DA:724,0
DA:728,0
LF:231
LH:0
BRDA:119,0,0,0
BRDA:134,1,0,0
BRDA:155,2,0,0
BRDA:194,3,0,0
BRDA:194,3,1,0
BRDA:197,4,0,0
BRDA:197,5,0,0
BRDA:197,5,1,0
BRDA:209,6,0,0
BRDA:216,7,0,0
BRDA:216,8,0,0
BRDA:216,8,1,0
BRDA:216,8,2,0
BRDA:216,8,3,0
BRDA:216,8,4,0
BRDA:246,9,0,0
BRDA:284,10,0,0
BRDA:284,10,1,0
BRDA:284,10,2,0
BRDA:284,10,3,0
BRDA:312,11,0,0
BRDA:312,12,0,0
BRDA:312,12,1,0
BRDA:312,12,2,0
BRDA:313,13,0,0
BRDA:313,13,1,0
BRDA:326,14,0,0
BRDA:331,15,0,0
BRDA:331,15,1,0
BRDA:334,16,0,0
BRDA:336,17,0,0
BRDA:336,17,1,0
BRDA:338,18,0,0
BRDA:338,19,0,0
BRDA:338,19,1,0
BRDA:369,20,0,0
BRDA:372,21,0,0
BRDA:374,22,0,0
BRDA:374,23,0,0
BRDA:374,23,1,0
BRDA:382,24,0,0
BRDA:384,25,0,0
BRDA:384,26,0,0
BRDA:384,26,1,0
BRDA:385,27,0,0
BRDA:385,27,1,0
BRDA:388,28,0,0
BRDA:388,28,1,0
BRDA:409,29,0,0
BRDA:416,30,0,0
BRDA:418,31,0,0
BRDA:418,32,0,0
BRDA:418,32,1,0
BRDA:420,33,0,0
BRDA:420,33,1,0
BRDA:442,34,0,0
BRDA:442,34,1,0
BRDA:460,35,0,0
BRDA:462,36,0,0
BRDA:462,37,0,0
BRDA:462,37,1,0
BRDA:466,38,0,0
BRDA:467,39,0,0
BRDA:467,39,1,0
BRDA:470,40,0,0
BRDA:470,40,1,0
BRDA:472,41,0,0
BRDA:472,42,0,0
BRDA:472,42,1,0
BRDA:501,43,0,0
BRDA:508,44,0,0
BRDA:508,45,0,0
BRDA:508,45,1,0
BRDA:513,46,0,0
BRDA:522,47,0,0
BRDA:524,48,0,0
BRDA:524,49,0,0
BRDA:524,49,1,0
BRDA:530,50,0,0
BRDA:530,51,0,0
BRDA:530,51,1,0
BRDA:535,52,0,0
BRDA:537,53,0,0
BRDA:537,54,0,0
BRDA:537,54,1,0
BRDA:543,55,0,0
BRDA:543,56,0,0
BRDA:543,56,1,0
BRDA:543,56,2,0
BRDA:546,57,0,0
BRDA:546,58,0,0
BRDA:546,58,1,0
BRDA:546,58,2,0
BRDA:574,59,0,0
BRDA:574,60,0,0
BRDA:574,60,1,0
BRDA:580,61,0,0
BRDA:586,62,0,0
BRDA:602,63,0,0
BRDA:605,64,0,0
BRDA:605,64,1,0
BRDA:607,65,0,0
BRDA:614,66,0,0
BRDA:614,66,1,0
BRDA:614,67,0,0
BRDA:614,67,1,0
BRDA:616,68,0,0
BRDA:616,69,0,0
BRDA:616,69,1,0
BRDA:622,70,0,0
BRDA:622,70,1,0
BRDA:669,71,0,0
BRDA:669,71,1,0
BRDA:671,72,0,0
BRDA:676,73,0,0
BRDA:676,73,1,0
BRDA:678,74,0,0
BRDA:690,75,0,0
BRDA:708,76,0,0
BRDA:708,77,0,0
BRDA:708,77,1,0
BRDA:714,78,0,0
BRF:122
BRH:0
end_of_record
TN:
SF:src/collection/skill-usage-analyzer.ts
FN:117,(anonymous_0)
FN:141,(anonymous_1)
FN:161,(anonymous_2)
FN:163,(anonymous_3)
FN:167,(anonymous_4)
FN:175,(anonymous_5)
FN:201,(anonymous_6)
FN:247,(anonymous_7)
FN:257,(anonymous_8)
FN:297,(anonymous_9)
FN:312,(anonymous_10)
FN:361,(anonymous_11)
FN:393,(anonymous_12)
FN:416,(anonymous_13)
FN:462,(anonymous_14)
FN:494,(anonymous_15)
FN:502,(anonymous_16)
FN:508,(anonymous_17)
FNF:18
FNH:0
FNDA:0,(anonymous_0)
FNDA:0,(anonymous_1)
FNDA:0,(anonymous_2)
FNDA:0,(anonymous_3)
FNDA:0,(anonymous_4)
FNDA:0,(anonymous_5)
FNDA:0,(anonymous_6)
FNDA:0,(anonymous_7)
FNDA:0,(anonymous_8)
FNDA:0,(anonymous_9)
FNDA:0,(anonymous_10)
FNDA:0,(anonymous_11)
FNDA:0,(anonymous_12)
FNDA:0,(anonymous_13)
FNDA:0,(anonymous_14)
FNDA:0,(anonymous_15)
FNDA:0,(anonymous_16)
FNDA:0,(anonymous_17)
DA:122,0
DA:123,0
DA:124,0
DA:146,0
DA:148,0
DA:149,0
DA:161,0
DA:162,0
DA:163,0
DA:166,0
DA:167,0
DA:171,0
DA:172,0
DA:175,0
DA:176,0
DA:179,0
DA:202,0
DA:203,0
DA:205,0
DA:207,0
DA:208,0
DA:211,0
DA:217,0
DA:218,0
DA:219,0
DA:223,0
DA:226,0
DA:227,0
DA:228,0
DA:230,0
DA:231,0
DA:233,0
DA:234,0
DA:237,0
DA:238,0
DA:247,0
DA:249,0
DA:258,0
DA:259,0
DA:261,0
DA:263,0
DA:264,0
DA:265,0
DA:268,0
DA:272,0
DA:273,0
DA:276,0
DA:277,0
DA:278,0
DA:279,0
DA:280,0
DA:285,0
DA:298,0
DA:299,0
DA:300,0
DA:317,0
DA:321,0
DA:323,0
DA:324,0
DA:330,0
DA:331,0
DA:332,0
DA:339,0
DA:343,0
DA:345,0
DA:346,0
DA:352,0
DA:354,0
DA:362,0
DA:365,0
DA:366,0
DA:367,0
DA:373,0
DA:374,0
DA:375,0
DA:376,0
DA:382,0
DA:394,0
DA:396,0
DA:397,0
DA:398,0
DA:405,0
DA:417,0
DA:418,0
DA:421,0
DA:424,0
DA:425,0
DA:428,0
DA:431,0
DA:437,0
DA:443,0
DA:449,0
DA:452,0
DA:453,0
DA:456,0
DA:463,0
DA:468,0
DA:469,0
DA:470,0
DA:473,0
DA:474,0
DA:475,0
DA:476,0
DA:478,0
DA:483,0
DA:484,0
DA:485,0
DA:494,0
DA:496,0
DA:503,0
DA:504,0
DA:507,0
DA:508,0
DA:510,0
LF:114
LH:0
BRDA:148,0,0,0
BRDA:163,1,0,0
BRDA:163,1,1,0
BRDA:176,2,0,0
BRDA:176,2,1,0
BRDA:177,3,0,0
BRDA:177,3,1,0
BRDA:183,4,0,0
BRDA:183,4,1,0
BRDA:184,5,0,0
BRDA:184,5,1,0
BRDA:201,6,0,0
BRDA:207,7,0,0
BRDA:227,8,0,0
BRDA:230,9,0,0
BRDA:233,10,0,0
BRDA:237,11,0,0
BRDA:268,12,0,0
BRDA:268,12,1,0
BRDA:272,13,0,0
BRDA:272,14,0,0
BRDA:272,14,1,0
BRDA:278,15,0,0
BRDA:279,16,0,0
BRDA:279,16,1,0
BRDA:323,17,0,0
BRDA:331,18,0,0
BRDA:345,19,0,0
BRDA:373,20,0,0
BRDA:400,21,0,0
BRDA:400,21,1,0
BRDA:417,22,0,0
BRDA:452,23,0,0
BRDA:469,24,0,0
BRDA:474,25,0,0
BRDA:474,25,1,0
BRDA:489,26,0,0
BRDA:489,26,1,0
BRDA:503,27,0,0
BRF:39
BRH:0
end_of_record
TN:
SF:src/collection/trajectory-logger.ts
FN:66,(anonymous_0)
FN:79,(anonymous_1)
FN:90,(anonymous_2)
FN:101,(anonymous_3)
FN:147,(anonymous_4)
FN:153,(anonymous_5)
FN:221,(anonymous_6)
FN:251,(anonymous_7)
FN:278,(anonymous_8)
FN:384,(anonymous_9)
FN:408,(anonymous_10)
FN:427,(anonymous_11)
FN:428,(anonymous_12)
FN:433,(anonymous_13)
FN:480,(anonymous_14)
FN:482,(anonymous_15)
FN:503,(anonymous_16)
FN:509,(anonymous_17)
FN:510,(anonymous_18)
FN:539,(anonymous_19)
FN:552,(anonymous_20)
FN:639,(anonymous_21)
FN:664,(anonymous_22)
FN:719,(anonymous_23)
FN:735,(anonymous_24)
FN:758,(anonymous_25)
FN:778,(anonymous_26)
FNF:27
FNH:0
FNDA:0,(anonymous_0)
FNDA:0,(anonymous_1)
FNDA:0,(anonymous_2)
FNDA:0,(anonymous_3)
FNDA:0,(anonymous_4)
FNDA:0,(anonymous_5)
FNDA:0,(anonymous_6)
FNDA:0,(anonymous_7)
FNDA:0,(anonymous_8)
FNDA:0,(anonymous_9)
FNDA:0,(anonymous_10)
FNDA:0,(anonymous_11)
FNDA:0,(anonymous_12)
FNDA:0,(anonymous_13)
FNDA:0,(anonymous_14)
FNDA:0,(anonymous_15)
FNDA:0,(anonymous_16)
FNDA:0,(anonymous_17)
FNDA:0,(anonymous_18)
FNDA:0,(anonymous_19)
FNDA:0,(anonymous_20)
FNDA:0,(anonymous_21)
FNDA:0,(anonymous_22)
FNDA:0,(anonymous_23)
FNDA:0,(anonymous_24)
FNDA:0,(anonymous_25)
FNDA:0,(anonymous_26)
DA:53,0
DA:54,0
DA:55,0
DA:56,0
DA:59,0
DA:62,0
DA:63,0
DA:64,0
DA:67,0
DA:68,0
DA:69,0
DA:70,0
DA:71,0
DA:80,0
DA:82,0
DA:83,0
DA:91,0
DA:107,0
DA:108,0
DA:111,0
DA:113,0
DA:133,0
DA:134,0
DA:135,0
DA:136,0
DA:137,0
DA:139,0
DA:148,0
DA:149,0
DA:152,0
DA:153,0
DA:155,0
DA:156,0
DA:184,0
DA:185,0
DA:186,0
DA:191,0
DA:194,0
DA:195,0
DA:200,0
DA:201,0
DA:204,0
DA:205,0
DA:206,0
DA:209,0
DA:211,0
DA:223,0
DA:224,0
DA:225,0
DA:226,0
DA:228,0
DA:235,0
DA:236,0
DA:237,0
DA:238,0
DA:244,0
DA:254,0
DA:255,0
DA:256,0
DA:257,0
DA:262,0
DA:269,0
DA:279,0
DA:280,0
DA:283,0
DA:285,0
DA:287,0
DA:288,0
DA:289,0
DA:295,0
DA:298,0
DA:299,0
DA:300,0
DA:303,0
DA:324,0
DA:333,0
DA:346,0
DA:353,0
DA:361,0
DA:368,0
DA:371,0
DA:372,0
DA:375,0
DA:376,0
DA:385,0
DA:387,0
DA:388,0
DA:389,0
DA:390,0
DA:409,0
DA:410,0
DA:413,0
DA:414,0
DA:419,0
DA:420,0
DA:422,0
DA:423,0
DA:427,0
DA:428,0
DA:430,0
DA:433,0
DA:435,0
DA:436,0
DA:453,0
DA:457,0
DA:458,0
DA:467,0
DA:471,0
DA:472,0
DA:475,0
DA:476,0
DA:480,0
DA:481,0
DA:482,0
DA:483,0
DA:487,0
DA:489,0
DA:492,0
DA:504,0
DA:506,0
DA:509,0
DA:510,0
DA:511,0
DA:512,0
DA:513,0
DA:514,0
DA:515,0
DA:516,0
DA:519,0
DA:521,0
DA:524,0
DA:528,0
DA:529,0
DA:533,0
DA:540,0
DA:541,0
DA:542,0
DA:553,0
DA:554,0
DA:557,0
DA:558,0
DA:562,0
DA:563,0
DA:565,0
DA:566,0
DA:567,0
DA:570,0
DA:571,0
DA:572,0
DA:575,0
DA:576,0
DA:577,0
DA:580,0
DA:581,0
DA:582,0
DA:585,0
DA:586,0
DA:587,0
DA:590,0
DA:591,0
DA:592,0
DA:595,0
DA:597,0
DA:620,0
DA:621,0
DA:639,0
DA:665,0
DA:666,0
DA:669,0
DA:670,0
DA:674,0
DA:676,0
DA:677,0
DA:691,0
DA:693,0
DA:708,0
DA:709,0
DA:719,0
DA:736,0
DA:737,0
DA:740,0
DA:741,0
DA:744,0
DA:745,0
DA:747,0
DA:759,0
DA:761,0
DA:762,0
DA:763,0
DA:766,0
DA:767,0
DA:768,0
DA:769,0
DA:779,0
DA:780,0
DA:783,0
DA:784,0
DA:787,0
DA:788,0
DA:789,0
DA:792,0
DA:797,0
DA:801,0
LF:203
LH:0
BRDA:69,0,0,0
BRDA:69,0,1,0
BRDA:71,1,0,0
BRDA:71,1,1,0
BRDA:82,2,0,0
BRDA:82,3,0,0
BRDA:82,3,1,0
BRDA:91,4,0,0
BRDA:91,4,1,0
BRDA:92,5,0,0
BRDA:92,5,1,0
BRDA:107,6,0,0
BRDA:107,7,0,0
BRDA:107,7,1,0
BRDA:107,7,2,0
BRDA:107,7,3,0
BRDA:121,8,0,0
BRDA:121,8,1,0
BRDA:136,9,0,0
BRDA:136,9,1,0
BRDA:137,10,0,0
BRDA:137,10,1,0
BRDA:148,11,0,0
BRDA:184,12,0,0
BRDA:194,13,0,0
BRDA:194,14,0,0
BRDA:194,14,1,0
BRDA:200,15,0,0
BRDA:205,16,0,0
BRDA:225,17,0,0
BRDA:226,18,0,0
BRDA:226,18,1,0
BRDA:226,19,0,0
BRDA:226,19,1,0
BRDA:237,20,0,0
BRDA:237,21,0,0
BRDA:237,21,1,0
BRDA:254,22,0,0
BRDA:279,23,0,0
BRDA:371,24,0,0
BRDA:375,25,0,0
BRDA:375,25,1,0
BRDA:385,26,0,0
BRDA:409,27,0,0
BRDA:413,28,0,0
BRDA:413,29,0,0
BRDA:413,29,1,0
BRDA:413,29,2,0
BRDA:422,30,0,0
BRDA:422,31,0,0
BRDA:422,31,1,0
BRDA:442,32,0,0
BRDA:442,32,1,0
BRDA:444,33,0,0
BRDA:444,33,1,0
BRDA:449,34,0,0
BRDA:449,34,1,0
BRDA:451,35,0,0
BRDA:451,35,1,0
BRDA:462,36,0,0
BRDA:462,36,1,0
BRDA:480,37,0,0
BRDA:480,37,1,0
BRDA:481,38,0,0
BRDA:481,39,0,0
BRDA:481,39,1,0
BRDA:503,40,0,0
BRDA:504,41,0,0
BRDA:511,42,0,0
BRDA:515,43,0,0
BRDA:528,44,0,0
BRDA:540,45,0,0
BRDA:552,46,0,0
BRDA:553,47,0,0
BRDA:557,48,0,0
BRDA:565,49,0,0
BRDA:570,50,0,0
BRDA:575,51,0,0
BRDA:580,52,0,0
BRDA:585,53,0,0
BRDA:590,54,0,0
BRDA:595,55,0,0
BRDA:595,55,1,0
BRDA:665,56,0,0
BRDA:669,57,0,0
BRDA:676,58,0,0
BRDA:676,58,1,0
BRDA:736,59,0,0
BRDA:740,60,0,0
BRDA:761,61,0,0
BRDA:779,62,0,0
BRDA:783,63,0,0
BRF:92
BRH:0
end_of_record
TN:
SF:src/dataset/builder.ts
FN:92,(anonymous_0)
FN:125,(anonymous_1)
FN:170,(anonymous_2)
FN:192,(anonymous_3)
FN:250,(anonymous_4)
FN:270,(anonymous_5)
FN:322,(anonymous_6)
FN:355,(anonymous_7)
FN:396,(anonymous_8)
FN:406,(anonymous_9)
FNF:10
FNH:0
FNDA:0,(anonymous_0)
FNDA:0,(anonymous_1)
FNDA:0,(anonymous_2)
FNDA:0,(anonymous_3)
FNDA:0,(anonymous_4)
FNDA:0,(anonymous_5)
FNDA:0,(anonymous_6)
FNDA:0,(anonymous_7)
FNDA:0,(anonymous_8)
FNDA:0,(anonymous_9)
DA:90,0
DA:99,0
DA:100,0
DA:101,0
DA:102,0
DA:103,0
DA:131,0
DA:132,0
DA:133,0
DA:134,0
DA:135,0
DA:139,0
DA:140,0
DA:150,0
DA:156,0
DA:159,0
DA:164,0
DA:165,0
DA:166,0
DA:167,0
DA:170,0
DA:172,0
DA:173,0
DA:176,0
DA:186,0
DA:187,0
DA:190,0
DA:192,0
DA:194,0
DA:195,0
DA:198,0
DA:206,0
DA:207,0
DA:213,0
DA:214,0
DA:217,0
DA:224,0
DA:225,0
DA:226,0
DA:227,0
DA:228,0
DA:229,0
DA:232,0
DA:233,0
DA:234,0
DA:235,0
DA:236,0
DA:242,0
DA:250,0
DA:255,0
DA:256,0
DA:259,0
DA:267,0
DA:268,0
DA:270,0
DA:274,0
DA:276,0
DA:278,0
DA:279,0
DA:284,0
DA:287,0
DA:291,0
DA:292,0
DA:293,0
DA:294,0
DA:296,0
DA:300,0
DA:304,0
DA:308,0
DA:324,0
DA:325,0
DA:326,0
DA:331,0
DA:332,0
DA:333,0
DA:337,0
DA:345,0
DA:347,0
DA:356,0
DA:357,0
DA:360,0
DA:367,0
DA:368,0
DA:369,0
DA:370,0
DA:371,0
DA:372,0
DA:373,0
DA:374,0
DA:376,0
DA:380,0
DA:381,0
DA:382,0
DA:383,0
DA:384,0
DA:385,0
DA:386,0
DA:398,0
DA:400,0
DA:401,0
DA:405,0
DA:406,0
LF:102
LH:0
BRDA:131,0,0,0
BRDA:131,0,1,0
BRDA:132,1,0,0
BRDA:132,1,1,0
BRDA:133,2,0,0
BRDA:133,2,1,0
BRDA:134,3,0,0
BRDA:134,3,1,0
BRDA:135,4,0,0
BRDA:135,4,1,0
BRDA:164,5,0,0
BRDA:170,6,0,0
BRDA:170,6,1,0
BRDA:178,7,0,0
BRDA:178,7,1,0
BRDA:192,8,0,0
BRDA:192,8,1,0
BRDA:200,9,0,0
BRDA:200,9,1,0
BRDA:219,10,0,0
BRDA:219,10,1,0
BRDA:224,11,0,0
BRDA:228,12,0,0
BRDA:228,12,1,0
BRDA:229,13,0,0
BRDA:229,13,1,0
BRDA:233,14,0,0
BRDA:233,14,1,0
BRDA:234,15,0,0
BRDA:261,16,0,0
BRDA:261,16,1,0
BRDA:268,17,0,0
BRDA:279,18,0,0
BRDA:279,18,1,0
BRDA:291,19,0,0
BRDA:291,19,1,0
BRDA:309,20,0,0
BRDA:309,20,1,0
BRDA:325,21,0,0
BRDA:332,22,0,0
BRDA:356,23,0,0
BRDA:369,24,0,0
BRDA:369,24,1,0
BRDA:371,25,0,0
BRDA:371,25,1,0
BRDA:373,26,0,0
BRDA:373,26,1,0
BRDA:385,27,0,0
BRDA:400,28,0,0
BRF:49
BRH:0
end_of_record
TN:
SF:src/dataset/golden-sets.ts
FN:36,(anonymous_0)
FN:51,(anonymous_1)
FN:71,(anonymous_2)
FN:82,(anonymous_3)
FN:94,(anonymous_4)
FN:129,(anonymous_5)
FN:166,(anonymous_6)
FN:187,(anonymous_7)
FN:221,(anonymous_8)
FN:262,(anonymous_9)
FN:291,(anonymous_10)
FNF:11
FNH:0
FNDA:0,(anonymous_0)
FNDA:0,(anonymous_1)
FNDA:0,(anonymous_2)
FNDA:0,(anonymous_3)
FNDA:0,(anonymous_4)
FNDA:0,(anonymous_5)
FNDA:0,(anonymous_6)
FNDA:0,(anonymous_7)
FNDA:0,(anonymous_8)
FNDA:0,(anonymous_9)
FNDA:0,(anonymous_10)
DA:37,0
DA:38,0
DA:53,0
DA:55,0
DA:56,0
DA:60,0
DA:61,0
DA:65,0
DA:72,0
DA:83,0
DA:85,0
DA:86,0
DA:89,0
DA:90,0
DA:92,0
DA:93,0
DA:94,0
DA:96,0
DA:97,0
DA:98,0
DA:99,0
DA:100,0
DA:102,0
DA:103,0
DA:105,0
DA:108,0
DA:109,0
DA:113,0
DA:114,0
DA:117,0
DA:118,0
DA:121,0
DA:130,0
DA:131,0
DA:134,0
DA:136,0
DA:137,0
DA:139,0
DA:140,0
DA:142,0
DA:143,0
DA:144,0
DA:146,0
DA:147,0
DA:157,0
DA:171,0
DA:173,0
DA:174,0
DA:181,0
DA:182,0
DA:183,0
DA:185,0
DA:186,0
DA:187,0
DA:189,0
DA:190,0
DA:191,0
DA:192,0
DA:193,0
DA:195,0
DA:196,0
DA:198,0
DA:199,0
DA:202,0
DA:203,0
DA:204,0
DA:208,0
DA:209,0
DA:212,0
DA:223,0
DA:224,0
DA:229,0
DA:230,0
DA:232,0
DA:234,0
DA:237,0
DA:248,0
DA:251,0
DA:252,0
DA:254,0
DA:255,0
DA:263,0
DA:265,0
DA:292,0
DA:293,0
DA:296,0
DA:297,0
DA:300,0
DA:301,0
DA:304,0
DA:305,0
DA:308,0
DA:309,0
DA:312,0
DA:313,0
DA:316,0
LF:96
LH:0
BRDA:55,0,0,0
BRDA:60,1,0,0
BRDA:65,2,0,0
BRDA:65,2,1,0
BRDA:85,3,0,0
BRDA:102,4,0,0
BRDA:102,4,1,0
BRDA:108,5,0,0
BRDA:108,5,1,0
BRDA:113,6,0,0
BRDA:113,6,1,0
BRDA:117,7,0,0
BRDA:117,8,0,0
BRDA:117,8,1,0
BRDA:130,9,0,0
BRDA:144,10,0,0
BRDA:144,11,0,0
BRDA:144,11,1,0
BRDA:173,12,0,0
BRDA:195,13,0,0
BRDA:195,13,1,0
BRDA:203,14,0,0
BRDA:203,14,1,0
BRDA:208,15,0,0
BRDA:208,15,1,0
BRDA:252,16,0,0
BRDA:252,16,1,0
BRDA:254,17,0,0
BRDA:254,17,1,0
BRDA:266,18,0,0
BRDA:266,18,1,0
BRDA:267,19,0,0
BRDA:267,19,1,0
BRDA:268,20,0,0
BRDA:268,20,1,0
BRDA:269,21,0,0
BRDA:269,21,1,0
BRDA:269,21,2,0
BRDA:273,22,0,0
BRDA:273,22,1,0
BRDA:275,23,0,0
BRDA:275,23,1,0
BRDA:292,24,0,0
BRDA:292,25,0,0
BRDA:292,25,1,0
BRDA:296,26,0,0
BRDA:296,27,0,0
BRDA:296,27,1,0
BRDA:300,28,0,0
BRDA:300,29,0,0
BRDA:300,29,1,0
BRDA:304,30,0,0
BRDA:304,31,0,0
BRDA:304,31,1,0
BRDA:308,32,0,0
BRDA:308,33,0,0
BRDA:308,33,1,0
BRDA:312,34,0,0
BRDA:312,35,0,0
BRDA:312,35,1,0
BRF:60
BRH:0
end_of_record
TN:
SF:src/dataset/manager.ts
FN:50,(anonymous_0)
FN:58,(anonymous_1)
FN:68,(anonymous_2)
FN:78,(anonymous_3)
FN:225,(anonymous_4)
FN:236,(anonymous_5)
FN:253,(anonymous_6)
FN:273,(anonymous_7)
FN:334,(anonymous_8)
FN:359,(anonymous_9)
FN:426,(anonymous_10)
FN:452,(anonymous_11)
FN:503,(anonymous_12)
FN:511,(anonymous_13)
FN:555,(anonymous_14)
FN:597,(anonymous_15)
FN:654,(anonymous_16)
FN:664,(anonymous_17)
FN:670,(anonymous_18)
FNF:19
FNH:0
FNDA:0,(anonymous_0)
FNDA:0,(anonymous_1)
FNDA:0,(anonymous_2)
FNDA:0,(anonymous_3)
FNDA:0,(anonymous_4)
FNDA:0,(anonymous_5)
FNDA:0,(anonymous_6)
FNDA:0,(anonymous_7)
FNDA:0,(anonymous_8)
FNDA:0,(anonymous_9)
FNDA:0,(anonymous_10)
FNDA:0,(anonymous_11)
FNDA:0,(anonymous_12)
FNDA:0,(anonymous_13)
FNDA:0,(anonymous_14)
FNDA:0,(anonymous_15)
FNDA:0,(anonymous_16)
FNDA:0,(anonymous_17)
FNDA:0,(anonymous_18)
DA:38,0
DA:39,0
DA:42,0
DA:43,0
DA:44,0
DA:45,0
DA:46,0
DA:47,0
DA:48,0
DA:51,0
DA:59,0
DA:69,0
DA:79,0
DA:80,0
DA:83,0
DA:85,0
DA:87,0
DA:88,0
DA:89,0
DA:95,0
DA:98,0
DA:99,0
DA:100,0
DA:103,0
DA:117,0
DA:124,0
DA:139,0
DA:145,0
DA:151,0
DA:157,0
DA:171,0
DA:186,0
DA:192,0
DA:207,0
DA:211,0
DA:213,0
DA:214,0
DA:226,0
DA:237,0
DA:238,0
DA:254,0
DA:277,0
DA:278,0
DA:281,0
DA:282,0
DA:285,0
DA:286,0
DA:287,0
DA:288,0
DA:291,0
DA:299,0
DA:300,0
DA:311,0
DA:322,0
DA:323,0
DA:338,0
DA:339,0
DA:342,0
DA:343,0
DA:347,0
DA:348,0
DA:349,0
DA:351,0
DA:352,0
DA:355,0
DA:356,0
DA:359,0
DA:360,0
DA:361,0
DA:362,0
DA:372,0
DA:374,0
DA:382,0
DA:383,0
DA:386,0
DA:389,0
DA:392,0
DA:393,0
DA:394,0
DA:399,0
DA:406,0
DA:413,0
DA:415,0
DA:416,0
DA:427,0
DA:428,0
DA:431,0
DA:432,0
DA:435,0
DA:439,0
DA:440,0
DA:443,0
DA:455,0
DA:456,0
DA:459,0
DA:460,0
DA:464,0
DA:466,0
DA:467,0
DA:481,0
DA:484,0
DA:500,0
DA:501,0
DA:503,0
DA:512,0
DA:513,0
DA:516,0
DA:517,0
DA:520,0
DA:521,0
DA:522,0
DA:525,0
DA:526,0
DA:529,0
DA:530,0
DA:533,0
DA:538,0
DA:556,0
DA:557,0
DA:560,0
DA:561,0
DA:564,0
DA:565,0
DA:566,0
DA:569,0
DA:570,0
DA:573,0
DA:578,0
DA:601,0
DA:602,0
DA:605,0
DA:606,0
DA:609,0
DA:610,0
DA:611,0
DA:614,0
DA:615,0
DA:618,0
DA:621,0
DA:622,0
DA:623,0
DA:624,0
DA:631,0
DA:635,0
DA:636,0
DA:637,0
DA:643,0
DA:645,0
DA:655,0
DA:656,0
DA:659,0
DA:660,0
DA:663,0
DA:664,0
DA:671,0
DA:672,0
DA:673,0
DA:676,0
DA:677,0
DA:678,0
DA:679,0
DA:680,0
DA:681,0
DA:682,0
DA:683,0
LF:165
LH:0
BRDA:60,0,0,0
BRDA:60,0,1,0
BRDA:61,1,0,0
BRDA:61,1,1,0
BRDA:79,2,0,0
BRDA:213,3,0,0
BRDA:213,3,1,0
BRDA:259,4,0,0
BRDA:259,4,1,0
BRDA:261,5,0,0
BRDA:261,5,1,0
BRDA:277,6,0,0
BRDA:281,7,0,0
BRDA:281,8,0,0
BRDA:281,8,1,0
BRDA:322,9,0,0
BRDA:322,9,1,0
BRDA:338,10,0,0
BRDA:342,11,0,0
BRDA:342,12,0,0
BRDA:342,12,1,0
BRDA:342,12,2,0
BRDA:348,13,0,0
BRDA:351,14,0,0
BRDA:363,15,0,0
BRDA:363,15,1,0
BRDA:367,16,0,0
BRDA:367,16,1,0
BRDA:368,17,0,0
BRDA:368,17,1,0
BRDA:369,18,0,0
BRDA:369,18,1,0
BRDA:393,19,0,0
BRDA:393,19,1,0
BRDA:415,20,0,0
BRDA:415,20,1,0
BRDA:427,21,0,0
BRDA:431,22,0,0
BRDA:431,23,0,0
BRDA:431,23,1,0
BRDA:439,24,0,0
BRDA:455,25,0,0
BRDA:459,26,0,0
BRDA:466,27,0,0
BRDA:466,27,1,0
BRDA:512,28,0,0
BRDA:516,29,0,0
BRDA:521,30,0,0
BRDA:525,31,0,0
BRDA:556,32,0,0
BRDA:560,33,0,0
BRDA:565,34,0,0
BRDA:601,35,0,0
BRDA:605,36,0,0
BRDA:605,37,0,0
BRDA:605,37,1,0
BRDA:610,38,0,0
BRDA:614,39,0,0
BRDA:643,40,0,0
BRDA:643,40,1,0
BRDA:655,41,0,0
BRDA:659,42,0,0
BRDA:659,43,0,0
BRDA:659,43,1,0
BRDA:671,44,0,0
BRF:65
BRH:0
end_of_record
TN:
SF:src/dataset/session-miner.ts
FN:56,(anonymous_0)
FN:79,(anonymous_1)
FN:201,(anonymous_2)
FN:215,(anonymous_3)
FN:292,(anonymous_4)
FN:311,(anonymous_5)
FN:382,(anonymous_6)
FN:427,(anonymous_7)
FN:455,(anonymous_8)
FN:472,(anonymous_9)
FNF:10
FNH:0
FNDA:0,(anonymous_0)
FNDA:0,(anonymous_1)
FNDA:0,(anonymous_2)
FNDA:0,(anonymous_3)
FNDA:0,(anonymous_4)
FNDA:0,(anonymous_5)
FNDA:0,(anonymous_6)
FNDA:0,(anonymous_7)
FNDA:0,(anonymous_8)
FNDA:0,(anonymous_9)
DA:61,0
DA:62,0
DA:63,0
DA:84,0
DA:97,0
DA:98,0
DA:111,0
DA:112,0
DA:115,0
DA:116,0
DA:118,0
DA:120,0
DA:121,0
DA:126,0
DA:127,0
DA:129,0
DA:134,0
DA:135,0
DA:137,0
DA:142,0
DA:143,0
DA:147,0
DA:151,0
DA:154,0
DA:161,0
DA:179,0
DA:181,0
DA:182,0
DA:186,0
DA:203,0
DA:208,0
DA:209,0
DA:215,0
DA:217,0
DA:218,0
DA:221,0
DA:222,0
DA:224,0
DA:227,0
DA:228,0
DA:230,0
DA:235,0
DA:236,0
DA:238,0
DA:242,0
DA:243,0
DA:244,0
DA:246,0
DA:249,0
DA:254,0
DA:274,0
DA:277,0
DA:297,0
DA:303,0
DA:304,0
DA:311,0
DA:313,0
DA:314,0
DA:317,0
DA:319,0
DA:322,0
DA:323,0
DA:325,0
DA:329,0
DA:330,0
DA:331,0
DA:333,0
DA:336,0
DA:342,0
DA:364,0
DA:367,0
DA:383,0
DA:386,0
DA:387,0
DA:388,0
DA:389,0
DA:390,0
DA:391,0
DA:392,0
DA:396,0
DA:397,0
DA:398,0
DA:402,0
DA:403,0
DA:404,0
DA:408,0
DA:409,0
DA:411,0
DA:412,0
DA:416,0
DA:433,0
DA:434,0
DA:442,0
DA:456,0
DA:457,0
DA:458,0
DA:460,0
DA:461,0
DA:463,0
DA:473,0
DA:476,0
DA:477,0
DA:478,0
DA:479,0
DA:480,0
DA:481,0
DA:485,0
DA:486,0
DA:490,0
DA:491,0
DA:495,0
DA:496,0
DA:498,0
DA:499,0
DA:502,0
LF:115
LH:0
BRDA:88,0,0,0
BRDA:88,0,1,0
BRDA:97,1,0,0
BRDA:102,2,0,0
BRDA:102,2,1,0
BRDA:111,3,0,0
BRDA:116,4,0,0
BRDA:116,4,1,0
BRDA:120,5,0,0
BRDA:120,6,0,0
BRDA:120,6,1,0
BRDA:143,7,0,0
BRDA:143,7,1,0
BRDA:181,8,0,0
BRDA:208,9,0,0
BRDA:217,10,0,0
BRDA:222,11,0,0
BRDA:222,11,1,0
BRDA:259,12,0,0
BRDA:259,12,1,0
BRDA:259,12,2,0
BRDA:260,13,0,0
BRDA:260,13,1,0
BRDA:261,14,0,0
BRDA:261,14,1,0
BRDA:264,15,0,0
BRDA:264,15,1,0
BRDA:303,16,0,0
BRDA:313,17,0,0
BRDA:347,18,0,0
BRDA:347,18,1,0
BRDA:355,19,0,0
BRDA:355,19,1,0
BRDA:387,20,0,0
BRDA:387,20,1,0
BRDA:389,21,0,0
BRDA:389,21,1,0
BRDA:391,22,0,0
BRDA:391,23,0,0
BRDA:391,23,1,0
BRDA:397,24,0,0
BRDA:397,25,0,0
BRDA:397,25,1,0
BRDA:402,26,0,0
BRDA:402,26,1,0
BRDA:403,27,0,0
BRDA:403,28,0,0
BRDA:403,28,1,0
BRDA:408,29,0,0
BRDA:408,30,0,0
BRDA:408,30,1,0
BRDA:411,31,0,0
BRDA:411,32,0,0
BRDA:411,32,1,0
BRDA:433,33,0,0
BRDA:435,34,0,0
BRDA:435,34,1,0
BRDA:436,35,0,0
BRDA:436,35,1,0
BRDA:437,36,0,0
BRDA:437,36,1,0
BRDA:442,37,0,0
BRDA:442,37,1,0
BRDA:457,38,0,0
BRDA:460,39,0,0
BRDA:476,40,0,0
BRDA:476,40,1,0
BRDA:478,41,0,0
BRDA:478,41,1,0
BRDA:480,42,0,0
BRDA:485,43,0,0
BRDA:485,44,0,0
BRDA:485,44,1,0
BRDA:490,45,0,0
BRDA:495,46,0,0
BRDA:498,47,0,0
BRF:76
BRH:0
end_of_record
TN:
SF:src/dataset/synthetic-generator.ts
FN:44,(anonymous_0)
FN:58,(anonymous_1)
FN:69,(anonymous_2)
FN:85,(anonymous_3)
FN:95,(anonymous_4)
FN:113,(anonymous_5)
FN:145,(anonymous_6)
FN:187,(anonymous_7)
FN:215,(anonymous_8)
FN:270,(anonymous_9)
FN:320,(anonymous_10)
FNF:11
FNH:0
FNDA:0,(anonymous_0)
FNDA:0,(anonymous_1)
FNDA:0,(anonymous_2)
FNDA:0,(anonymous_3)
FNDA:0,(anonymous_4)
FNDA:0,(anonymous_5)
FNDA:0,(anonymous_6)
FNDA:0,(anonymous_7)
FNDA:0,(anonymous_8)
FNDA:0,(anonymous_9)
FNDA:0,(anonymous_10)
DA:45,0
DA:46,0
DA:47,0
DA:63,0
DA:65,0
DA:66,0
DA:69,0
DA:71,0
DA:72,0
DA:75,0
DA:89,0
DA:91,0
DA:92,0
DA:95,0
DA:97,0
DA:114,0
DA:115,0
DA:119,0
DA:120,0
DA:123,0
DA:124,0
DA:127,0
DA:128,0
DA:131,0
DA:132,0
DA:135,0
DA:136,0
DA:139,0
DA:150,0
DA:188,0
DA:216,0
DA:217,0
DA:220,0
DA:243,0
DA:244,0
DA:245,0
DA:248,0
DA:251,0
DA:252,0
DA:255,0
DA:256,0
DA:259,0
DA:260,0
DA:261,0
DA:264,0
DA:271,0
DA:273,0
DA:275,0
DA:277,0
DA:279,0
DA:288,0
DA:289,0
DA:291,0
DA:292,0
DA:293,0
DA:299,0
DA:310,0
DA:311,0
DA:314,0
DA:321,0
DA:323,0
DA:325,0
DA:327,0
DA:329,0
DA:335,0
DA:337,0
DA:338,0
DA:340,0
DA:344,0
DA:355,0
DA:356,0
DA:359,0
LF:72
LH:0
BRDA:46,0,0,0
BRDA:46,0,1,0
BRDA:61,1,0,0
BRDA:71,2,0,0
BRDA:87,3,0,0
BRDA:114,4,0,0
BRDA:114,5,0,0
BRDA:114,5,1,0
BRDA:119,6,0,0
BRDA:119,7,0,0
BRDA:119,7,1,0
BRDA:123,8,0,0
BRDA:123,9,0,0
BRDA:123,9,1,0
BRDA:127,10,0,0
BRDA:127,11,0,0
BRDA:127,11,1,0
BRDA:131,12,0,0
BRDA:131,13,0,0
BRDA:131,13,1,0
BRDA:135,14,0,0
BRDA:135,15,0,0
BRDA:135,15,1,0
BRDA:216,16,0,0
BRDA:243,17,0,0
BRDA:251,18,0,0
BRDA:251,19,0,0
BRDA:251,19,1,0
BRDA:255,20,0,0
BRDA:260,21,0,0
BRDA:275,22,0,0
BRDA:275,22,1,0
BRDA:277,23,0,0
BRDA:277,23,1,0
BRDA:310,24,0,0
BRDA:310,24,1,0
BRDA:325,25,0,0
BRDA:325,25,1,0
BRDA:327,26,0,0
BRDA:327,26,1,0
BRDA:349,27,0,0
BRDA:349,27,1,0
BRDA:355,28,0,0
BRDA:355,28,1,0
BRF:44
BRH:0
end_of_record
TN:
SF:src/dataset/external-importers/claude-code.ts
FN:37,(anonymous_0)
FN:47,(anonymous_1)
FN:56,(anonymous_2)
FNF:3
FNH:0
FNDA:0,(anonymous_0)
FNDA:0,(anonymous_1)
FNDA:0,(anonymous_2)
DA:34,0
DA:38,0
DA:48,0
DA:49,0
DA:52,0
DA:54,0
DA:55,0
DA:56,0
DA:58,0
DA:59,0
DA:60,0
DA:61,0
DA:64,0
DA:65,0
DA:69,0
DA:70,0
DA:73,0
DA:77,0
DA:85,0
DA:86,0
DA:90,0
DA:95,0
DA:98,0
LF:23
LH:0
BRDA:47,0,0,0
BRDA:48,1,0,0
BRDA:61,2,0,0
BRDA:61,2,1,0
BRDA:64,3,0,0
BRDA:64,4,0,0
BRDA:64,4,1,0
BRDA:69,5,0,0
BRDA:73,6,0,0
BRDA:73,6,1,0
BRDA:81,7,0,0
BRDA:81,7,1,0
BRDA:85,8,0,0
BRDA:85,9,0,0
BRDA:85,9,1,0
BRF:15
BRH:0
end_of_record
TN:
SF:src/dataset/external-importers/copilot.ts
FN:39,(anonymous_0)
FN:49,(anonymous_1)
FN:77,(anonymous_2)
FN:100,(anonymous_3)
FN:120,(anonymous_4)
FN:131,(anonymous_5)
FNF:6
FNH:0
FNDA:0,(anonymous_0)
FNDA:0,(anonymous_1)
FNDA:0,(anonymous_2)
FNDA:0,(anonymous_3)
FNDA:0,(anonymous_4)
FNDA:0,(anonymous_5)
DA:36,0
DA:40,0
DA:50,0
DA:51,0
DA:54,0
DA:57,0
DA:59,0
DA:60,0
DA:61,0
DA:63,0
DA:64,0
DA:66,0
DA:67,0
DA:71,0
DA:78,0
DA:79,0
DA:81,0
DA:82,0
DA:83,0
DA:84,0
DA:85,0
DA:86,0
DA:91,0
DA:93,0
DA:101,0
DA:102,0
DA:103,0
DA:105,0
DA:106,0
DA:107,0
DA:108,0
DA:114,0
DA:125,0
DA:126,0
DA:127,0
DA:129,0
DA:130,0
DA:131,0
DA:133,0
DA:134,0
DA:135,0
DA:136,0
DA:137,0
DA:139,0
DA:141,0
DA:142,0
DA:146,0
DA:157,0
DA:158,0
DA:159,0
DA:160,0
DA:161,0
DA:162,0
DA:163,0
DA:165,0
DA:171,0
DA:176,0
DA:177,0
DA:181,0
DA:195,0
LF:60
LH:0
BRDA:49,0,0,0
BRDA:50,1,0,0
BRDA:60,2,0,0
BRDA:60,2,1,0
BRDA:66,3,0,0
BRDA:66,4,0,0
BRDA:66,4,1,0
BRDA:71,5,0,0
BRDA:71,5,1,0
BRDA:83,6,0,0
BRDA:85,7,0,0
BRDA:102,8,0,0
BRDA:107,9,0,0
BRDA:108,10,0,0
BRDA:108,10,1,0
BRDA:136,11,0,0
BRDA:136,11,1,0
BRDA:137,12,0,0
BRDA:137,12,1,0
BRDA:139,13,0,0
BRDA:139,13,1,0
BRDA:141,14,0,0
BRDA:141,15,0,0
BRDA:141,15,1,0
BRDA:142,16,0,0
BRDA:143,17,0,0
BRDA:143,17,1,0
BRDA:150,18,0,0
BRDA:150,18,1,0
BRDA:157,19,0,0
BRDA:157,19,1,0
BRDA:159,20,0,0
BRDA:160,21,0,0
BRDA:160,21,1,0
BRDA:161,22,0,0
BRDA:161,23,0,0
BRDA:161,23,1,0
BRDA:162,24,0,0
BRDA:162,24,1,0
BRDA:176,25,0,0
BRDA:176,26,0,0
BRDA:176,26,1,0
BRDA:177,27,0,0
BRDA:178,28,0,0
BRDA:178,28,1,0
BRDA:185,29,0,0
BRDA:185,29,1,0
BRF:47
BRH:0
end_of_record
TN:
SF:src/dataset/external-importers/openclaw.ts
FN:25,(anonymous_0)
FN:38,(anonymous_1)
FN:103,(anonymous_2)
FNF:3
FNH:0
FNDA:0,(anonymous_0)
FNDA:0,(anonymous_1)
FNDA:0,(anonymous_2)
DA:22,0
DA:26,0
DA:40,0
DA:42,0
DA:43,0
DA:46,0
DA:48,0
DA:50,0
DA:51,0
DA:55,0
DA:56,0
DA:61,0
DA:62,0
DA:63,0
DA:64,0
DA:71,0
DA:72,0
DA:73,0
DA:75,0
DA:76,0
DA:79,0
DA:88,0
DA:89,0
DA:93,0
DA:107,0
DA:111,0
DA:112,0
DA:115,0
DA:117,0
DA:119,0
DA:120,0
DA:125,0
DA:126,0
DA:127,0
DA:128,0
DA:135,0
DA:136,0
DA:137,0
DA:139,0
DA:140,0
DA:143,0
DA:152,0
DA:153,0
DA:157,0
LF:44
LH:0
BRDA:38,0,0,0
BRDA:42,1,0,0
BRDA:50,2,0,0
BRDA:55,3,0,0
BRDA:55,4,0,0
BRDA:55,4,1,0
BRDA:63,5,0,0
BRDA:63,6,0,0
BRDA:63,6,1,0
BRDA:72,7,0,0
BRDA:75,8,0,0
BRDA:75,9,0,0
BRDA:75,9,1,0
BRDA:88,10,0,0
BRDA:88,11,0,0
BRDA:88,11,1,0
BRDA:105,12,0,0
BRDA:111,13,0,0
BRDA:119,14,0,0
BRDA:119,15,0,0
BRDA:119,15,1,0
BRDA:127,16,0,0
BRDA:127,17,0,0
BRDA:127,17,1,0
BRDA:136,18,0,0
BRDA:139,19,0,0
BRDA:139,20,0,0
BRDA:139,20,1,0
BRDA:152,21,0,0
BRDA:152,22,0,0
BRDA:152,22,1,0
BRF:31
BRH:0
end_of_record
TN:
SF:src/dataset/external-importers/orchestrator.ts
FN:40,(anonymous_0)
FN:66,(anonymous_1)
FN:75,(anonymous_2)
FN:108,(anonymous_3)
FN:146,(anonymous_4)
FN:165,(anonymous_5)
FN:169,(anonymous_6)
FN:196,(anonymous_7)
FNF:8
FNH:0
FNDA:0,(anonymous_0)
FNDA:0,(anonymous_1)
FNDA:0,(anonymous_2)
FNDA:0,(anonymous_3)
FNDA:0,(anonymous_4)
FNDA:0,(anonymous_5)
FNDA:0,(anonymous_6)
FNDA:0,(anonymous_7)
DA:41,0
DA:42,0
DA:43,0
DA:73,0
DA:74,0
DA:76,0
DA:77,0
DA:78,0
DA:79,0
DA:82,0
DA:83,0
DA:84,0
DA:85,0
DA:89,0
DA:90,0
DA:91,0
DA:95,0
DA:97,0
DA:98,0
DA:99,0
DA:103,0
DA:104,0
DA:107,0
DA:108,0
DA:111,0
DA:114,0
DA:115,0
DA:122,0
DA:124,0
DA:125,0
DA:126,0
DA:130,0
DA:133,0
DA:134,0
DA:135,0
DA:136,0
DA:139,0
DA:147,0
DA:148,0
DA:150,0
DA:152,0
DA:153,0
DA:154,0
DA:155,0
DA:159,0
DA:169,0
DA:197,0
DA:198,0
DA:199,0
DA:200,0
DA:202,0
LF:51
LH:0
BRDA:69,0,0,0
BRDA:70,1,0,0
BRDA:77,2,0,0
BRDA:90,3,0,0
BRDA:97,4,0,0
BRDA:108,5,0,0
BRDA:108,5,1,0
BRDA:108,5,2,0
BRDA:124,6,0,0
BRDA:153,7,0,0
BRDA:173,8,0,0
BRDA:173,8,1,0
BRDA:181,9,0,0
BRDA:181,9,1,0
BRDA:199,10,0,0
BRDA:199,10,1,0
BRDA:200,11,0,0
BRDA:200,11,1,0
BRF:18
BRH:0
end_of_record
TN:
SF:src/dataset/external-importers/relevance-filter.ts
FN:59,(anonymous_0)
FN:76,(anonymous_1)
FN:113,(anonymous_2)
FN:143,(anonymous_3)
FN:169,(anonymous_4)
FN:202,(anonymous_5)
FN:265,(anonymous_6)
FN:303,(anonymous_7)
FN:325,(anonymous_8)
FN:333,(anonymous_9)
FN:337,(anonymous_10)
FN:343,(anonymous_11)
FN:345,(anonymous_12)
FNF:13
FNH:0
FNDA:0,(anonymous_0)
FNDA:0,(anonymous_1)
FNDA:0,(anonymous_2)
FNDA:0,(anonymous_3)
FNDA:0,(anonymous_4)
FNDA:0,(anonymous_5)
FNDA:0,(anonymous_6)
FNDA:0,(anonymous_7)
FNDA:0,(anonymous_8)
FNDA:0,(anonymous_9)
FNDA:0,(anonymous_10)
FNDA:0,(anonymous_11)
FNDA:0,(anonymous_12)
DA:46,0
DA:60,0
DA:61,0
DA:62,0
DA:81,0
DA:82,0
DA:85,0
DA:86,0
DA:90,0
DA:91,0
DA:92,0
DA:97,0
DA:98,0
DA:100,0
DA:102,0
DA:103,0
DA:104,0
DA:109,0
DA:113,0
DA:116,0
DA:117,0
DA:118,0
DA:119,0
DA:120,0
DA:121,0
DA:126,0
DA:148,0
DA:150,0
DA:152,0
DA:153,0
DA:154,0
DA:157,0
DA:174,0
DA:203,0
DA:204,0
DA:207,0
DA:234,0
DA:235,0
DA:236,0
DA:241,0
DA:243,0
DA:244,0
DA:249,0
DA:250,0
DA:253,0
DA:254,0
DA:255,0
DA:258,0
DA:268,0
DA:270,0
DA:272,0
DA:273,0
DA:280,0
DA:281,0
DA:283,0
DA:291,0
DA:304,0
DA:305,0
DA:306,0
DA:307,0
DA:309,0
DA:332,0
DA:333,0
DA:337,0
DA:338,0
DA:342,0
DA:343,0
DA:344,0
DA:345,0
DA:349,0
DA:350,0
DA:351,0
DA:354,0
DA:358,0
DA:360,0
DA:363,0
DA:364,0
DA:366,0
DA:367,0
DA:368,0
DA:370,0
DA:371,0
DA:377,0
DA:380,0
DA:381,0
DA:386,0
DA:387,0
DA:394,0
LF:88
LH:0
BRDA:61,0,0,0
BRDA:61,0,1,0
BRDA:85,1,0,0
BRDA:91,2,0,0
BRDA:91,3,0,0
BRDA:91,3,1,0
BRDA:103,4,0,0
BRDA:118,5,0,0
BRDA:120,6,0,0
BRDA:186,7,0,0
BRDA:186,7,1,0
BRDA:203,8,0,0
BRDA:234,9,0,0
BRDA:243,10,0,0
BRDA:243,11,0,0
BRDA:243,11,1,0
BRDA:249,12,0,0
BRDA:254,13,0,0
BRDA:268,14,0,0
BRDA:268,14,1,0
BRDA:270,15,0,0
BRDA:270,15,1,0
BRDA:281,16,0,0
BRDA:281,16,1,0
BRDA:285,17,0,0
BRDA:285,17,1,0
BRDA:287,18,0,0
BRDA:287,18,1,0
BRDA:304,19,0,0
BRDA:306,20,0,0
BRDA:329,21,0,0
BRDA:333,22,0,0
BRDA:333,22,1,0
BRDA:342,23,0,0
BRDA:370,24,0,0
BRDA:380,25,0,0
BRDA:386,26,0,0
BRF:37
BRH:0
end_of_record
TN:
SF:src/dataset/external-importers/secret-detector.ts
FN:39,(anonymous_0)
FN:41,(anonymous_1)
FN:51,(anonymous_2)
FNF:3
FNH:0
FNDA:0,(anonymous_0)
FNDA:0,(anonymous_1)
FNDA:0,(anonymous_2)
DA:11,0
DA:40,0
DA:41,0
DA:42,0
DA:43,0
DA:52,0
DA:54,0
DA:55,0
DA:56,0
DA:58,0
LF:10
LH:0
BRDA:40,0,0,0
BRDA:52,1,0,0
BRF:2
BRH:0
end_of_record
TN:
SF:src/deployment/git-manager.ts
FN:33,(anonymous_0)
FN:43,(anonymous_1)
FN:61,(anonymous_2)
FN:74,(anonymous_3)
FN:86,(anonymous_4)
FN:105,(anonymous_5)
FN:136,(anonymous_6)
FN:152,(anonymous_7)
FN:179,(anonymous_8)
FN:186,(anonymous_9)
FN:187,(anonymous_10)
FN:197,(anonymous_11)
FN:202,(anonymous_12)
FNF:13
FNH:0
FNDA:0,(anonymous_0)
FNDA:0,(anonymous_1)
FNDA:0,(anonymous_2)
FNDA:0,(anonymous_3)
FNDA:0,(anonymous_4)
FNDA:0,(anonymous_5)
FNDA:0,(anonymous_6)
FNDA:0,(anonymous_7)
FNDA:0,(anonymous_8)
FNDA:0,(anonymous_9)
FNDA:0,(anonymous_10)
FNDA:0,(anonymous_11)
FNDA:0,(anonymous_12)
DA:16,0
DA:19,0
DA:22,0
DA:34,0
DA:35,0
DA:36,0
DA:44,0
DA:46,0
DA:50,0
DA:52,0
DA:53,0
DA:54,0
DA:62,0
DA:63,0
DA:64,0
DA:66,0
DA:75,0
DA:76,0
DA:77,0
DA:79,0
DA:87,0
DA:89,0
DA:90,0
DA:91,0
DA:94,0
DA:95,0
DA:96,0
DA:112,0
DA:114,0
DA:115,0
DA:118,0
DA:121,0
DA:124,0
DA:125,0
DA:128,0
DA:129,0
DA:137,0
DA:138,0
DA:139,0
DA:142,0
DA:160,0
DA:164,0
DA:167,0
DA:170,0
DA:172,0
DA:180,0
DA:183,0
DA:184,0
DA:186,0
DA:187,0
DA:189,0
DA:198,0
DA:199,0
DA:202,0
DA:203,0
DA:205,0
DA:208,0
LF:57
LH:0
BRDA:34,0,0,0
BRDA:34,0,1,0
BRDA:35,1,0,0
BRDA:35,1,1,0
BRDA:36,2,0,0
BRDA:36,2,1,0
BRDA:52,3,0,0
BRDA:52,3,1,0
BRDA:53,4,0,0
BRDA:53,4,1,0
BRDA:54,5,0,0
BRDA:54,5,1,0
BRDA:76,6,0,0
BRDA:90,7,0,0
BRDA:160,8,0,0
BRDA:160,8,1,0
BRDA:180,9,0,0
BRDA:180,9,1,0
BRDA:198,10,0,0
BRDA:203,11,0,0
BRF:20
BRH:0
end_of_record
TN:
SF:src/deployment/metrics-reporter.ts
FN:12,(anonymous_0)
FN:17,(anonymous_1)
FN:69,(anonymous_2)
FN:97,(anonymous_3)
FN:128,(anonymous_4)
FN:141,(anonymous_5)
FNF:6
FNH:6
FNDA:17,(anonymous_0)
FNDA:11,(anonymous_1)
FNDA:2,(anonymous_2)
FNDA:3,(anonymous_3)
FNDA:2,(anonymous_4)
FNDA:11,(anonymous_5)
DA:18,11
DA:19,11
DA:20,11
DA:23,11
DA:24,11
DA:25,11
DA:26,11
DA:27,11
DA:30,11
DA:35,11
DA:38,11
DA:42,11
DA:43,8
DA:45,3
DA:46,3
DA:49,11
DA:71,2
DA:73,2
DA:74,2
DA:78,2
DA:79,2
DA:80,2
DA:91,2
DA:99,3
DA:101,3
DA:102,3
DA:106,3
DA:116,3
DA:117,2
DA:118,1
DA:119,0
DA:122,3
DA:129,2
DA:130,1
DA:132,1
DA:133,0
DA:135,1
DA:142,11
DA:143,10
DA:145,8
DA:146,8
DA:147,8
DA:148,8
DA:150,8
DA:151,8
DA:152,8
DA:153,8
DA:155,8
LF:48
LH:46
BRDA:18,0,0,11
BRDA:18,0,1,8
BRDA:19,1,0,11
BRDA:19,1,1,0
BRDA:19,1,2,0
BRDA:24,2,0,11
BRDA:25,3,0,11
BRDA:25,3,1,0
BRDA:26,4,0,11
BRDA:26,4,1,11
BRDA:26,4,2,11
BRDA:27,5,0,11
BRDA:27,5,1,0
BRDA:28,6,0,11
BRDA:28,6,1,0
BRDA:29,7,0,0
BRDA:29,7,1,0
BRDA:35,8,0,11
BRDA:35,8,1,8
BRDA:35,8,2,6
BRDA:35,8,3,6
BRDA:38,9,0,11
BRDA:38,9,1,9
BRDA:38,10,0,3
BRDA:38,10,1,6
BRDA:42,11,0,8
BRDA:42,11,1,3
BRDA:46,12,0,3
BRDA:46,12,1,0
BRDA:53,13,0,11
BRDA:53,13,1,0
BRDA:55,14,0,11
BRDA:55,14,1,0
BRDA:74,15,0,1
BRDA:74,15,1,1
BRDA:102,16,0,2
BRDA:102,16,1,1
BRDA:116,17,0,2
BRDA:116,17,1,1
BRDA:116,18,0,3
BRDA:116,18,1,2
BRDA:118,19,0,0
BRDA:129,20,0,1
BRDA:129,21,0,2
BRDA:129,21,1,1
BRDA:132,22,0,0
BRDA:142,23,0,1
BRDA:143,24,0,2
BRDA:151,25,0,1
BRDA:152,26,0,7
BRDA:153,27,0,2
BRDA:153,28,0,8
BRDA:153,28,1,6
BRF:53
BRH:41
end_of_record
TN:
SF:src/deployment/pr-builder.ts
FN:48,(anonymous_0)
FN:61,(anonymous_1)
FN:74,(anonymous_2)
FN:82,(anonymous_3)
FN:100,(anonymous_4)
FN:224,(anonymous_5)
FN:232,(anonymous_6)
FN:275,(anonymous_7)
FN:321,(anonymous_8)
FN:370,(anonymous_9)
FN:406,(anonymous_10)
FN:449,(anonymous_11)
FN:455,(anonymous_12)
FN:471,(anonymous_13)
FN:496,(anonymous_14)
FNF:15
FNH:15
FNDA:14,(anonymous_0)
FNDA:14,(anonymous_1)
FNDA:7,(anonymous_2)
FNDA:14,(anonymous_3)
FNDA:21,(anonymous_4)
FNDA:7,(anonymous_5)
FNDA:9,(anonymous_6)
FNDA:9,(anonymous_7)
FNDA:7,(anonymous_8)
FNDA:9,(anonymous_9)
FNDA:2,(anonymous_10)
FNDA:1,(anonymous_11)
FNDA:5,(anonymous_12)
FNDA:5,(anonymous_13)
FNDA:14,(anonymous_14)
DA:36,14
DA:37,14
DA:40,14
DA:41,14
DA:42,14
DA:43,14
DA:44,14
DA:45,14
DA:46,14
DA:49,14
DA:50,14
DA:51,14
DA:62,14
DA:75,7
DA:76,0
DA:78,7
DA:83,14
DA:86,14
DA:87,14
DA:89,0
DA:101,21
DA:102,7
DA:105,14
DA:107,14
DA:109,14
DA:110,14
DA:111,14
DA:117,14
DA:120,14
DA:121,14
DA:122,14
DA:125,14
DA:143,14
DA:151,14
DA:158,14
DA:166,14
DA:175,14
DA:185,14
DA:195,14
DA:204,14
DA:210,14
DA:212,0
DA:213,0
DA:225,7
DA:246,9
DA:280,9
DA:281,0
DA:284,9
DA:285,0
DA:288,9
DA:289,1
DA:291,8
DA:292,1
DA:296,7
DA:302,7
DA:305,7
DA:306,7
DA:307,7
DA:310,7
DA:317,7
DA:318,7
DA:320,7
DA:321,7
DA:322,7
DA:338,7
DA:340,0
DA:342,0
DA:343,0
DA:347,0
DA:353,7
DA:371,9
DA:372,0
DA:375,9
DA:376,0
DA:379,9
DA:396,9
DA:397,1
DA:400,8
DA:409,2
DA:410,0
DA:413,2
DA:414,0
DA:432,2
DA:434,0
DA:438,2
DA:440,0
DA:441,2
DA:443,0
DA:446,2
DA:449,2
DA:460,5
DA:461,0
DA:464,5
DA:465,0
DA:468,5
DA:470,5
DA:471,5
DA:472,5
DA:479,5
DA:480,1
DA:484,5
DA:486,1
DA:487,1
DA:497,14
DA:498,14
DA:499,14
DA:502,14
DA:503,14
DA:504,14
DA:505,14
DA:506,14
DA:507,14
DA:508,14
DA:509,14
LF:114
LH:95
BRDA:63,0,0,14
BRDA:63,0,1,0
BRDA:75,1,0,0
BRDA:86,2,0,14
BRDA:101,3,0,7
BRDA:212,4,0,0
BRDA:212,4,1,0
BRDA:257,5,0,9
BRDA:257,5,1,4
BRDA:258,6,0,9
BRDA:258,6,1,4
BRDA:280,7,0,0
BRDA:284,8,0,0
BRDA:284,9,0,9
BRDA:284,9,1,9
BRDA:288,10,0,1
BRDA:291,11,0,1
BRDA:328,12,0,0
BRDA:328,12,1,7
BRDA:340,13,0,0
BRDA:340,13,1,0
BRDA:371,14,0,0
BRDA:375,15,0,0
BRDA:375,16,0,9
BRDA:375,16,1,9
BRDA:396,17,0,1
BRDA:409,18,0,0
BRDA:413,19,0,0
BRDA:432,20,0,0
BRDA:432,20,1,2
BRDA:432,21,0,2
BRDA:432,21,1,0
BRDA:438,22,0,0
BRDA:438,22,1,2
BRDA:441,23,0,0
BRDA:441,23,1,2
BRDA:460,24,0,0
BRDA:464,25,0,0
BRDA:464,26,0,5
BRDA:464,26,1,5
BRDA:475,27,0,5
BRDA:475,27,1,1
BRDA:479,28,0,1
BRDA:486,29,0,1
BRDA:486,29,1,0
BRDA:497,30,0,14
BRF:46
BRH:26
end_of_record
TN:
SF:src/deployment/review-queue.ts
FN:36,(anonymous_0)
FN:52,(anonymous_1)
FN:66,(anonymous_2)
FN:78,(anonymous_3)
FN:109,(anonymous_4)
FN:139,(anonymous_5)
FN:169,(anonymous_6)
FN:178,(anonymous_7)
FN:197,(anonymous_8)
FN:232,(anonymous_9)
FN:262,(anonymous_10)
FN:296,(anonymous_11)
FN:306,(anonymous_12)
FNF:13
FNH:11
FNDA:7,(anonymous_0)
FNDA:7,(anonymous_1)
FNDA:84,(anonymous_2)
FNDA:1,(anonymous_3)
FNDA:1,(anonymous_4)
FNDA:3,(anonymous_5)
FNDA:1,(anonymous_6)
FNDA:2,(anonymous_7)
FNDA:2,(anonymous_8)
FNDA:1,(anonymous_9)
FNDA:0,(anonymous_10)
FNDA:0,(anonymous_11)
FNDA:7,(anonymous_12)
DA:34,7
DA:37,7
DA:38,7
DA:39,7
DA:54,7
DA:57,7
DA:63,7
DA:66,84
DA:67,7
DA:68,7
DA:93,1
DA:124,1
DA:140,3
DA:141,0
DA:144,3
DA:153,3
DA:169,3
DA:180,2
DA:181,2
DA:182,2
DA:183,1
DA:185,1
DA:186,1
DA:187,1
DA:188,0
DA:190,1
DA:199,2
DA:200,2
DA:201,0
DA:203,2
DA:204,1
DA:208,1
DA:211,1
DA:212,1
DA:215,0
DA:216,0
DA:222,1
DA:223,1
DA:224,0
DA:226,1
DA:233,1
DA:234,0
DA:237,1
DA:245,1
DA:247,1
DA:248,1
DA:249,0
DA:252,1
DA:263,0
DA:264,0
DA:267,0
DA:269,0
DA:296,0
DA:307,7
LF:54
LH:41
BRDA:67,0,0,7
BRDA:104,1,0,1
BRDA:104,1,1,1
BRDA:105,2,0,1
BRDA:105,2,1,1
BRDA:140,3,0,0
BRDA:181,4,0,0
BRDA:182,5,0,1
BRDA:187,6,0,0
BRDA:200,7,0,0
BRDA:203,8,0,1
BRDA:215,9,0,0
BRDA:215,9,1,0
BRDA:223,10,0,0
BRDA:233,11,0,0
BRDA:248,12,0,0
BRDA:263,13,0,0
BRDA:267,14,0,0
BRDA:267,14,1,0
BRF:19
BRH:7
end_of_record
TN:
SF:src/evolution/optimizer.ts
FN:92,(anonymous_0)
FN:125,(anonymous_1)
FN:311,(anonymous_2)
FN:331,(anonymous_3)
FN:353,(anonymous_4)
FN:366,(anonymous_5)
FN:406,(anonymous_6)
FN:434,(anonymous_7)
FN:444,(anonymous_8)
FN:452,(anonymous_9)
FN:526,(anonymous_10)
FN:560,(anonymous_11)
FN:571,(anonymous_12)
FN:597,(anonymous_13)
FN:605,(anonymous_14)
FNF:15
FNH:0
FNDA:0,(anonymous_0)
FNDA:0,(anonymous_1)
FNDA:0,(anonymous_2)
FNDA:0,(anonymous_3)
FNDA:0,(anonymous_4)
FNDA:0,(anonymous_5)
FNDA:0,(anonymous_6)
FNDA:0,(anonymous_7)
FNDA:0,(anonymous_8)
FNDA:0,(anonymous_9)
FNDA:0,(anonymous_10)
FNDA:0,(anonymous_11)
FNDA:0,(anonymous_12)
FNDA:0,(anonymous_13)
FNDA:0,(anonymous_14)
DA:84,0
DA:85,0
DA:88,0
DA:89,0
DA:90,0
DA:98,0
DA:99,0
DA:100,0
DA:101,0
DA:130,0
DA:132,0
DA:133,0
DA:137,0
DA:138,0
DA:139,0
DA:140,0
DA:143,0
DA:144,0
DA:146,0
DA:166,0
DA:181,0
DA:183,0
DA:184,0
DA:185,0
DA:187,0
DA:188,0
DA:189,0
DA:190,0
DA:194,0
DA:195,0
DA:199,0
DA:200,0
DA:201,0
DA:205,0
DA:209,0
DA:221,0
DA:234,0
DA:235,0
DA:239,0
DA:263,0
DA:268,0
DA:286,0
DA:287,0
DA:289,0
DA:290,0
DA:301,0
DA:312,0
DA:313,0
DA:314,0
DA:317,0
DA:318,0
DA:319,0
DA:322,0
DA:335,0
DA:336,0
DA:337,0
DA:341,0
DA:342,0
DA:348,0
DA:350,0
DA:353,0
DA:367,0
DA:368,0
DA:375,0
DA:376,0
DA:377,0
DA:380,0
DA:381,0
DA:384,0
DA:385,0
DA:389,0
DA:390,0
DA:394,0
DA:395,0
DA:396,0
DA:398,0
DA:407,0
DA:408,0
DA:409,0
DA:412,0
DA:413,0
DA:414,0
DA:417,0
DA:418,0
DA:421,0
DA:435,0
DA:445,0
DA:453,0
DA:454,0
DA:457,0
DA:459,0
DA:460,0
DA:461,0
DA:462,0
DA:467,0
DA:468,0
DA:469,0
DA:470,0
DA:473,0
DA:491,0
DA:498,0
DA:505,0
DA:509,0
DA:513,0
DA:515,0
DA:516,0
DA:527,0
DA:528,0
DA:530,0
DA:561,0
DA:562,0
DA:564,0
DA:573,0
DA:574,0
DA:575,0
DA:576,0
DA:577,0
DA:582,0
DA:583,0
DA:584,0
DA:585,0
DA:586,0
DA:590,0
DA:598,0
DA:599,0
DA:606,0
DA:607,0
DA:608,0
DA:610,0
DA:611,0
DA:612,0
DA:613,0
LF:132
LH:0
BRDA:132,0,0,0
BRDA:132,1,0,0
BRDA:132,1,1,0
BRDA:137,2,0,0
BRDA:137,2,1,0
BRDA:137,3,0,0
BRDA:137,3,1,0
BRDA:139,4,0,0
BRDA:139,4,1,0
BRDA:140,5,0,0
BRDA:140,5,1,0
BRDA:184,6,0,0
BRDA:185,7,0,0
BRDA:194,8,0,0
BRDA:200,9,0,0
BRDA:228,10,0,0
BRDA:228,10,1,0
BRDA:235,11,0,0
BRDA:235,11,1,0
BRDA:256,12,0,0
BRDA:256,12,1,0
BRDA:280,13,0,0
BRDA:280,13,1,0
BRDA:286,14,0,0
BRDA:286,14,1,0
BRDA:313,15,0,0
BRDA:313,16,0,0
BRDA:313,16,1,0
BRDA:318,17,0,0
BRDA:336,18,0,0
BRDA:336,19,0,0
BRDA:336,19,1,0
BRDA:341,20,0,0
BRDA:341,20,1,0
BRDA:341,21,0,0
BRDA:341,21,1,0
BRDA:348,22,0,0
BRDA:348,22,1,0
BRDA:348,23,0,0
BRDA:348,23,1,0
BRDA:348,24,0,0
BRDA:348,24,1,0
BRDA:348,25,0,0
BRDA:348,25,1,0
BRDA:366,26,0,0
BRDA:367,27,0,0
BRDA:376,28,0,0
BRDA:380,29,0,0
BRDA:384,30,0,0
BRDA:389,31,0,0
BRDA:395,32,0,0
BRDA:408,33,0,0
BRDA:408,34,0,0
BRDA:408,34,1,0
BRDA:413,35,0,0
BRDA:417,36,0,0
BRDA:417,37,0,0
BRDA:417,37,1,0
BRDA:417,37,2,0
BRDA:436,38,0,0
BRDA:436,38,1,0
BRDA:437,39,0,0
BRDA:437,39,1,0
BRDA:453,40,0,0
BRDA:515,41,0,0
BRDA:515,41,1,0
BRDA:539,42,0,0
BRDA:539,42,1,0
BRDA:544,43,0,0
BRDA:544,43,1,0
BRDA:552,44,0,0
BRDA:552,44,1,0
BRDA:553,45,0,0
BRDA:553,45,1,0
BRDA:561,46,0,0
BRDA:574,47,0,0
BRDA:576,48,0,0
BRDA:585,49,0,0
BRDA:585,50,0,0
BRDA:585,50,1,0
BRDA:585,50,2,0
BRDA:598,51,0,0
BRDA:598,51,1,0
BRDA:606,52,0,0
BRF:84
BRH:0
end_of_record
TN:
SF:src/evolution/fitness/llm-judge.ts
FN:76,(anonymous_0)
FN:90,(anonymous_1)
FN:139,(anonymous_2)
FN:164,(anonymous_3)
FN:195,(anonymous_4)
FN:214,(anonymous_5)
FN:221,(anonymous_6)
FN:260,(anonymous_7)
FN:324,(anonymous_8)
FN:359,(anonymous_9)
FN:368,(anonymous_10)
FN:378,(anonymous_11)
FN:399,(anonymous_12)
FN:437,(anonymous_13)
FN:448,(anonymous_14)
FNF:15
FNH:0
FNDA:0,(anonymous_0)
FNDA:0,(anonymous_1)
FNDA:0,(anonymous_2)
FNDA:0,(anonymous_3)
FNDA:0,(anonymous_4)
FNDA:0,(anonymous_5)
FNDA:0,(anonymous_6)
FNDA:0,(anonymous_7)
FNDA:0,(anonymous_8)
FNDA:0,(anonymous_9)
FNDA:0,(anonymous_10)
FNDA:0,(anonymous_11)
FNDA:0,(anonymous_12)
FNDA:0,(anonymous_13)
FNDA:0,(anonymous_14)
DA:77,0
DA:78,0
DA:79,0
DA:80,0
DA:94,0
DA:97,0
DA:98,0
DA:100,0
DA:101,0
DA:102,0
DA:103,0
DA:104,0
DA:109,0
DA:112,0
DA:115,0
DA:119,0
DA:121,0
DA:144,0
DA:154,0
DA:168,0
DA:172,0
DA:173,0
DA:174,0
DA:175,0
DA:176,0
DA:177,0
DA:178,0
DA:179,0
DA:181,0
DA:184,0
DA:200,0
DA:202,0
DA:203,0
DA:205,0
DA:219,0
DA:222,0
DA:226,0
DA:261,0
DA:262,0
DA:265,0
DA:292,0
DA:293,0
DA:294,0
DA:299,0
DA:302,0
DA:303,0
DA:308,0
DA:309,0
DA:312,0
DA:313,0
DA:314,0
DA:317,0
DA:327,0
DA:329,0
DA:331,0
DA:332,0
DA:335,0
DA:342,0
DA:346,0
DA:349,0
DA:360,0
DA:361,0
DA:362,0
DA:369,0
DA:370,0
DA:377,0
DA:378,0
DA:386,0
DA:387,0
DA:400,0
DA:401,0
DA:404,0
DA:405,0
DA:409,0
DA:410,0
DA:412,0
DA:413,0
DA:414,0
DA:415,0
DA:416,0
DA:421,0
DA:422,0
DA:426,0
DA:438,0
DA:453,0
DA:454,0
DA:455,0
DA:460,0
DA:464,0
LF:89
LH:0
BRDA:79,0,0,0
BRDA:79,0,1,0
BRDA:103,1,0,0
BRDA:103,2,0,0
BRDA:103,2,1,0
BRDA:172,3,0,0
BRDA:172,3,1,0
BRDA:174,4,0,0
BRDA:174,4,1,0
BRDA:176,5,0,0
BRDA:176,5,1,0
BRDA:178,6,0,0
BRDA:178,6,1,0
BRDA:233,7,0,0
BRDA:233,7,1,0
BRDA:236,8,0,0
BRDA:236,8,1,0
BRDA:261,9,0,0
BRDA:292,10,0,0
BRDA:302,11,0,0
BRDA:302,12,0,0
BRDA:302,12,1,0
BRDA:308,13,0,0
BRDA:313,14,0,0
BRDA:327,15,0,0
BRDA:327,15,1,0
BRDA:329,16,0,0
BRDA:329,16,1,0
BRDA:336,17,0,0
BRDA:336,17,1,0
BRDA:337,18,0,0
BRDA:337,18,1,0
BRDA:338,19,0,0
BRDA:338,19,1,0
BRDA:342,20,0,0
BRDA:342,20,1,0
BRDA:342,21,0,0
BRDA:342,21,1,0
BRDA:360,22,0,0
BRDA:361,23,0,0
BRDA:369,24,0,0
BRDA:400,25,0,0
BRDA:404,26,0,0
BRDA:414,27,0,0
BRDA:421,28,0,0
BRDA:460,29,0,0
BRDA:460,29,1,0
BRDA:461,30,0,0
BRDA:461,30,1,0
BRDA:462,31,0,0
BRDA:462,31,1,0
BRF:51
BRH:0
end_of_record
TN:
SF:src/evolution/fitness/rubrics.ts
FN:70,(anonymous_0)
FN:84,(anonymous_1)
FN:137,(anonymous_2)
FN:154,(anonymous_3)
FN:169,(anonymous_4)
FN:171,(anonymous_5)
FN:195,(anonymous_6)
FNF:7
FNH:0
FNDA:0,(anonymous_0)
FNDA:0,(anonymous_1)
FNDA:0,(anonymous_2)
FNDA:0,(anonymous_3)
FNDA:0,(anonymous_4)
FNDA:0,(anonymous_5)
FNDA:0,(anonymous_6)
DA:63,0
DA:71,0
DA:73,0
DA:85,0
DA:138,0
DA:139,0
DA:141,0
DA:142,0
DA:143,0
DA:145,0
DA:155,0
DA:156,0
DA:157,0
DA:160,0
DA:171,0
DA:172,0
DA:173,0
DA:179,0
DA:180,0
DA:181,0
DA:187,0
DA:196,0
LF:22
LH:0
BRDA:139,0,0,0
BRDA:156,1,0,0
BRDA:172,2,0,0
BRDA:180,3,0,0
BRDA:180,4,0,0
BRDA:180,4,1,0
BRF:6
BRH:0
end_of_record
TN:
SF:src/evolution/gepa/evolver.ts
FN:161,(anonymous_0)
FN:193,(anonymous_1)
FN:309,(anonymous_2)
FN:322,(anonymous_3)
FN:390,(anonymous_4)
FN:407,(anonymous_5)
FN:417,(anonymous_6)
FN:428,(anonymous_7)
FN:452,(anonymous_8)
FN:475,(anonymous_9)
FN:481,(anonymous_10)
FN:499,(anonymous_11)
FN:534,(anonymous_12)
FN:568,(anonymous_13)
FN:578,(anonymous_14)
FN:634,(anonymous_15)
FN:658,(anonymous_16)
FN:658,(anonymous_17)
FN:680,(anonymous_18)
FN:680,(anonymous_19)
FN:706,(anonymous_20)
FN:742,(anonymous_21)
FN:746,(anonymous_22)
FN:760,(anonymous_23)
FN:813,(anonymous_24)
FN:838,(anonymous_25)
FN:854,(anonymous_26)
FN:854,(anonymous_27)
FN:875,(anonymous_28)
FN:907,(anonymous_29)
FN:934,(anonymous_30)
FN:987,(anonymous_31)
FN:998,(anonymous_32)
FN:1000,(anonymous_33)
FN:1013,(anonymous_34)
FN:1017,(anonymous_35)
FN:1021,(anonymous_36)
FN:1036,(anonymous_37)
FN:1050,(anonymous_38)
FN:1071,(anonymous_39)
FN:1116,(anonymous_40)
FN:1127,(anonymous_41)
FN:1157,(anonymous_42)
FN:1163,(anonymous_43)
FN:1172,(anonymous_44)
FNF:45
FNH:0
FNDA:0,(anonymous_0)
FNDA:0,(anonymous_1)
FNDA:0,(anonymous_2)
FNDA:0,(anonymous_3)
FNDA:0,(anonymous_4)
FNDA:0,(anonymous_5)
FNDA:0,(anonymous_6)
FNDA:0,(anonymous_7)
FNDA:0,(anonymous_8)
FNDA:0,(anonymous_9)
FNDA:0,(anonymous_10)
FNDA:0,(anonymous_11)
FNDA:0,(anonymous_12)
FNDA:0,(anonymous_13)
FNDA:0,(anonymous_14)
FNDA:0,(anonymous_15)
FNDA:0,(anonymous_16)
FNDA:0,(anonymous_17)
FNDA:0,(anonymous_18)
FNDA:0,(anonymous_19)
FNDA:0,(anonymous_20)
FNDA:0,(anonymous_21)
FNDA:0,(anonymous_22)
FNDA:0,(anonymous_23)
FNDA:0,(anonymous_24)
FNDA:0,(anonymous_25)
FNDA:0,(anonymous_26)
FNDA:0,(anonymous_27)
FNDA:0,(anonymous_28)
FNDA:0,(anonymous_29)
FNDA:0,(anonymous_30)
FNDA:0,(anonymous_31)
FNDA:0,(anonymous_32)
FNDA:0,(anonymous_33)
FNDA:0,(anonymous_34)
FNDA:0,(anonymous_35)
FNDA:0,(anonymous_36)
FNDA:0,(anonymous_37)
FNDA:0,(anonymous_38)
FNDA:0,(anonymous_39)
FNDA:0,(anonymous_40)
FNDA:0,(anonymous_41)
FNDA:0,(anonymous_42)
FNDA:0,(anonymous_43)
FNDA:0,(anonymous_44)
DA:167,0
DA:168,0
DA:169,0
DA:170,0
DA:171,0
DA:172,0
DA:201,0
DA:202,0
DA:203,0
DA:205,0
DA:206,0
DA:207,0
DA:210,0
DA:211,0
DA:212,0
DA:213,0
DA:216,0
DA:228,0
DA:229,0
DA:235,0
DA:237,0
DA:238,0
DA:239,0
DA:242,0
DA:243,0
DA:245,0
DA:246,0
DA:247,0
DA:248,0
DA:249,0
DA:250,0
DA:256,0
DA:257,0
DA:258,0
DA:259,0
DA:260,0
DA:263,0
DA:272,0
DA:276,0
DA:278,0
DA:315,0
DA:316,0
DA:317,0
DA:318,0
DA:321,0
DA:322,0
DA:328,0
DA:329,0
DA:332,0
DA:335,0
DA:338,0
DA:339,0
DA:347,0
DA:348,0
DA:350,0
DA:351,0
DA:352,0
DA:353,0
DA:355,0
DA:356,0
DA:357,0
DA:358,0
DA:369,0
DA:370,0
DA:371,0
DA:375,0
DA:379,0
DA:390,0
DA:394,0
DA:414,0
DA:417,0
DA:424,0
DA:428,0
DA:438,0
DA:439,0
DA:446,0
DA:452,0
DA:457,0
DA:458,0
DA:459,0
DA:460,0
DA:461,0
DA:465,0
DA:480,0
DA:481,0
DA:482,0
DA:505,0
DA:508,0
DA:509,0
DA:510,0
DA:511,0
DA:512,0
DA:515,0
DA:518,0
DA:521,0
DA:522,0
DA:533,0
DA:534,0
DA:540,0
DA:541,0
DA:542,0
DA:543,0
DA:544,0
DA:545,0
DA:548,0
DA:549,0
DA:554,0
DA:558,0
DA:561,0
DA:562,0
DA:563,0
DA:564,0
DA:568,0
DA:569,0
DA:572,0
DA:573,0
DA:578,0
DA:580,0
DA:589,0
DA:590,0
DA:591,0
DA:592,0
DA:596,0
DA:597,0
DA:598,0
DA:599,0
DA:600,0
DA:601,0
DA:602,0
DA:607,0
DA:610,0
DA:611,0
DA:619,0
DA:620,0
DA:622,0
DA:623,0
DA:625,0
DA:628,0
DA:629,0
DA:632,0
DA:634,0
DA:637,0
DA:638,0
DA:639,0
DA:640,0
DA:645,0
DA:656,0
DA:657,0
DA:658,0
DA:659,0
DA:661,0
DA:664,0
DA:665,0
DA:668,0
DA:669,0
DA:678,0
DA:679,0
DA:680,0
DA:681,0
DA:682,0
DA:685,0
DA:686,0
DA:690,0
DA:701,0
DA:702,0
DA:706,0
DA:710,0
DA:711,0
DA:714,0
DA:716,0
DA:725,0
DA:741,0
DA:742,0
DA:746,0
DA:747,0
DA:751,0
DA:752,0
DA:753,0
DA:754,0
DA:760,0
DA:766,0
DA:768,0
DA:769,0
DA:770,0
DA:779,0
DA:788,0
DA:790,0
DA:817,0
DA:818,0
DA:819,0
DA:820,0
DA:825,0
DA:843,0
DA:844,0
DA:845,0
DA:847,0
DA:848,0
DA:849,0
DA:851,0
DA:852,0
DA:854,0
DA:855,0
DA:857,0
DA:860,0
DA:861,0
DA:864,0
DA:879,0
DA:880,0
DA:882,0
DA:883,0
DA:887,0
DA:888,0
DA:890,0
DA:891,0
DA:892,0
DA:893,0
DA:897,0
DA:908,0
DA:909,0
DA:910,0
DA:912,0
DA:913,0
DA:915,0
DA:916,0
DA:918,0
DA:919,0
DA:922,0
DA:939,0
DA:953,0
DA:957,0
DA:974,0
DA:991,0
DA:992,0
DA:994,0
DA:995,0
DA:998,0
DA:999,0
DA:1000,0
DA:1001,0
DA:1002,0
DA:1005,0
DA:1010,0
DA:1011,0
DA:1013,0
DA:1014,0
DA:1017,0
DA:1018,0
DA:1021,0
DA:1022,0
DA:1023,0
DA:1024,0
DA:1025,0
DA:1028,0
DA:1029,0
DA:1030,0
DA:1032,0
DA:1036,0
DA:1037,0
DA:1038,0
DA:1042,0
DA:1043,0
DA:1052,0
DA:1053,0
DA:1054,0
DA:1055,0
DA:1057,0
DA:1061,0
DA:1072,0
DA:1092,0
DA:1096,0
DA:1102,0
DA:1120,0
DA:1123,0
DA:1124,0
DA:1125,0
DA:1126,0
DA:1128,0
DA:1129,0
DA:1130,0
DA:1133,0
DA:1144,0
DA:1148,0
DA:1151,0
DA:1162,0
DA:1163,0
DA:1165,0
DA:1173,0
DA:1174,0
DA:1177,0
DA:1204,0
DA:1205,0
DA:1206,0
DA:1211,0
DA:1214,0
DA:1215,0
DA:1220,0
DA:1221,0
DA:1224,0
DA:1225,0
DA:1226,0
DA:1230,0
DA:1236,0
LF:302
LH:0
BRDA:171,0,0,0
BRDA:171,0,1,0
BRDA:202,1,0,0
BRDA:202,1,1,0
BRDA:203,2,0,0
BRDA:203,2,1,0
BRDA:211,3,0,0
BRDA:211,3,1,0
BRDA:235,4,0,0
BRDA:235,4,1,0
BRDA:235,5,0,0
BRDA:235,5,1,0
BRDA:235,5,2,0
BRDA:242,6,0,0
BRDA:245,7,0,0
BRDA:247,8,0,0
BRDA:257,9,0,0
BRDA:257,9,1,0
BRDA:263,10,0,0
BRDA:263,10,1,0
BRDA:350,11,0,0
BRDA:350,11,1,0
BRDA:355,12,0,0
BRDA:355,12,1,0
BRDA:370,13,0,0
BRDA:430,14,0,0
BRDA:430,14,1,0
BRDA:438,15,0,0
BRDA:438,16,0,0
BRDA:438,16,1,0
BRDA:441,17,0,0
BRDA:441,17,1,0
BRDA:449,18,0,0
BRDA:449,18,1,0
BRDA:457,19,0,0
BRDA:458,20,0,0
BRDA:458,20,1,0
BRDA:459,21,0,0
BRDA:468,22,0,0
BRDA:468,22,1,0
BRDA:482,23,0,0
BRDA:482,23,1,0
BRDA:508,24,0,0
BRDA:508,24,1,0
BRDA:509,25,0,0
BRDA:509,25,1,0
BRDA:510,26,0,0
BRDA:510,26,1,0
BRDA:511,27,0,0
BRDA:511,27,1,0
BRDA:512,28,0,0
BRDA:512,28,1,0
BRDA:521,29,0,0
BRDA:561,30,0,0
BRDA:569,31,0,0
BRDA:569,31,1,0
BRDA:572,32,0,0
BRDA:589,33,0,0
BRDA:596,34,0,0
BRDA:599,35,0,0
BRDA:599,36,0,0
BRDA:599,36,1,0
BRDA:622,37,0,0
BRDA:622,37,1,0
BRDA:629,38,0,0
BRDA:629,38,1,0
BRDA:634,39,0,0
BRDA:634,39,1,0
BRDA:637,40,0,0
BRDA:637,40,1,0
BRDA:657,41,0,0
BRDA:679,42,0,0
BRDA:701,43,0,0
BRDA:701,43,1,0
BRDA:714,44,0,0
BRDA:714,45,0,0
BRDA:714,45,1,0
BRDA:753,46,0,0
BRDA:766,47,0,0
BRDA:766,48,0,0
BRDA:766,48,1,0
BRDA:766,48,2,0
BRDA:768,49,0,0
BRDA:768,49,1,0
BRDA:769,50,0,0
BRDA:815,51,0,0
BRDA:847,52,0,0
BRDA:847,52,1,0
BRDA:851,53,0,0
BRDA:851,53,1,0
BRDA:860,54,0,0
BRDA:879,55,0,0
BRDA:882,56,0,0
BRDA:891,57,0,0
BRDA:909,58,0,0
BRDA:909,59,0,0
BRDA:909,59,1,0
BRDA:909,59,2,0
BRDA:912,60,0,0
BRDA:912,61,0,0
BRDA:912,61,1,0
BRDA:912,61,2,0
BRDA:915,62,0,0
BRDA:915,63,0,0
BRDA:915,63,1,0
BRDA:915,63,2,0
BRDA:918,64,0,0
BRDA:918,65,0,0
BRDA:918,65,1,0
BRDA:918,65,2,0
BRDA:953,66,0,0
BRDA:953,66,1,0
BRDA:967,67,0,0
BRDA:967,67,1,0
BRDA:994,68,0,0
BRDA:1023,69,0,0
BRDA:1053,70,0,0
BRDA:1053,70,1,0
BRDA:1053,70,2,0
BRDA:1054,71,0,0
BRDA:1054,72,0,0
BRDA:1054,72,1,0
BRDA:1096,73,0,0
BRDA:1096,73,1,0
BRDA:1098,74,0,0
BRDA:1098,74,1,0
BRDA:1173,75,0,0
BRDA:1204,76,0,0
BRDA:1214,77,0,0
BRDA:1214,78,0,0
BRDA:1214,78,1,0
BRDA:1220,79,0,0
BRDA:1225,80,0,0
BRF:133
BRH:0
end_of_record
TN:
SF:src/hooks/trajectory-hooks.ts
FN:200,generateId
FN:205,safeJsonStringify
FN:214,extractSkillsFromText
FN:226,extractSkillsFromParams
FN:257,(anonymous_4)
FN:269,(anonymous_5)
FN:293,(anonymous_6)
FN:315,(anonymous_7)
FN:350,(anonymous_8)
FN:399,(anonymous_9)
FN:440,(anonymous_10)
FN:457,(anonymous_11)
FN:511,(anonymous_12)
FN:563,(anonymous_13)
FN:606,(anonymous_14)
FN:673,(anonymous_15)
FN:709,(anonymous_16)
FN:765,(anonymous_17)
FN:861,(anonymous_18)
FN:926,(anonymous_19)
FN:956,(anonymous_20)
FN:964,(anonymous_21)
FN:973,(anonymous_22)
FN:983,(anonymous_23)
FN:984,(anonymous_24)
FN:991,(anonymous_25)
FN:1000,(anonymous_26)
FN:1001,(anonymous_27)
FN:1007,(anonymous_28)
FN:1014,(anonymous_29)
FNF:30
FNH:0
FNDA:0,generateId
FNDA:0,safeJsonStringify
FNDA:0,extractSkillsFromText
FNDA:0,extractSkillsFromParams
FNDA:0,(anonymous_4)
FNDA:0,(anonymous_5)
FNDA:0,(anonymous_6)
FNDA:0,(anonymous_7)
FNDA:0,(anonymous_8)
FNDA:0,(anonymous_9)
FNDA:0,(anonymous_10)
FNDA:0,(anonymous_11)
FNDA:0,(anonymous_12)
FNDA:0,(anonymous_13)
FNDA:0,(anonymous_14)
FNDA:0,(anonymous_15)
FNDA:0,(anonymous_16)
FNDA:0,(anonymous_17)
FNDA:0,(anonymous_18)
FNDA:0,(anonymous_19)
FNDA:0,(anonymous_20)
FNDA:0,(anonymous_21)
FNDA:0,(anonymous_22)
FNDA:0,(anonymous_23)
FNDA:0,(anonymous_24)
FNDA:0,(anonymous_25)
FNDA:0,(anonymous_26)
FNDA:0,(anonymous_27)
FNDA:0,(anonymous_28)
FNDA:0,(anonymous_29)
DA:201,0
DA:206,0
DA:207,0
DA:209,0
DA:215,0
DA:217,0
DA:219,0
DA:220,0
DA:222,0
DA:227,0
DA:228,0
DA:246,0
DA:248,0
DA:249,0
DA:250,0
DA:251,0
DA:252,0
DA:255,0
DA:258,0
DA:270,0
DA:271,0
DA:274,0
DA:275,0
DA:276,0
DA:279,0
DA:280,0
DA:283,0
DA:284,0
DA:287,0
DA:294,0
DA:295,0
DA:297,0
DA:298,0
DA:300,0
DA:320,0
DA:324,0
DA:325,0
DA:328,0
DA:329,0
DA:330,0
DA:331,0
DA:334,0
DA:335,0
DA:337,0
DA:338,0
DA:341,0
DA:342,0
DA:344,0
DA:346,0
DA:347,0
DA:350,0
DA:352,0
DA:385,0
DA:386,0
DA:389,0
DA:403,0
DA:405,0
DA:406,0
DA:407,0
DA:408,0
DA:410,0
DA:412,0
DA:413,0
DA:416,0
DA:417,0
DA:419,0
DA:422,0
DA:425,0
DA:432,0
DA:433,0
DA:435,0
DA:436,0
DA:440,0
DA:441,0
DA:443,0
DA:444,0
DA:447,0
DA:461,0
DA:463,0
DA:464,0
DA:465,0
DA:467,0
DA:468,0
DA:470,0
DA:471,0
DA:474,0
DA:475,0
DA:477,0
DA:479,0
DA:481,0
DA:482,0
DA:485,0
DA:486,0
DA:494,0
DA:495,0
DA:496,0
DA:499,0
DA:516,0
DA:517,0
DA:518,0
DA:520,0
DA:521,0
DA:522,0
DA:523,0
DA:524,0
DA:526,0
DA:527,0
DA:528,0
DA:529,0
DA:530,0
DA:531,0
DA:539,0
DA:540,0
DA:543,0
DA:545,0
DA:546,0
DA:548,0
DA:549,0
DA:551,0
DA:552,0
DA:554,0
DA:555,0
DA:558,0
DA:560,0
DA:561,0
DA:562,0
DA:563,0
DA:565,0
DA:593,0
DA:594,0
DA:596,0
DA:610,0
DA:612,0
DA:613,0
DA:614,0
DA:615,0
DA:617,0
DA:618,0
DA:620,0
DA:621,0
DA:624,0
DA:625,0
DA:626,0
DA:628,0
DA:634,0
DA:636,0
DA:637,0
DA:641,0
DA:642,0
DA:649,0
DA:650,0
DA:651,0
DA:655,0
DA:656,0
DA:657,0
DA:659,0
DA:663,0
DA:677,0
DA:679,0
DA:680,0
DA:681,0
DA:682,0
DA:684,0
DA:695,0
DA:697,0
DA:699,0
DA:713,0
DA:715,0
DA:716,0
DA:717,0
DA:719,0
DA:721,0
DA:722,0
DA:725,0
DA:726,0
DA:727,0
DA:728,0
DA:729,0
DA:733,0
DA:734,0
DA:738,0
DA:749,0
DA:752,0
DA:753,0
DA:755,0
DA:771,0
DA:772,0
DA:773,0
DA:775,0
DA:776,0
DA:777,0
DA:778,0
DA:779,0
DA:781,0
DA:782,0
DA:783,0
DA:784,0
DA:785,0
DA:786,0
DA:794,0
DA:795,0
DA:798,0
DA:800,0
DA:801,0
DA:803,0
DA:804,0
DA:809,0
DA:810,0
DA:811,0
DA:812,0
DA:813,0
DA:815,0
DA:816,0
DA:846,0
DA:847,0
DA:851,0
DA:865,0
DA:867,0
DA:868,0
DA:870,0
DA:872,0
DA:873,0
DA:874,0
DA:875,0
DA:876,0
DA:878,0
DA:879,0
DA:880,0
DA:881,0
DA:882,0
DA:884,0
DA:886,0
DA:887,0
DA:890,0
DA:891,0
DA:899,0
DA:900,0
DA:901,0
DA:903,0
DA:911,0
DA:914,0
DA:927,0
DA:929,0
DA:930,0
DA:931,0
DA:941,0
DA:942,0
DA:945,0
DA:957,0
DA:965,0
DA:974,0
DA:984,0
DA:992,0
DA:1001,0
DA:1008,0
DA:1015,0
LF:256
LH:0
BRDA:270,0,0,0
BRDA:275,1,0,0
BRDA:283,2,0,0
BRDA:295,3,0,0
BRDA:298,4,0,0
BRDA:324,5,0,0
BRDA:324,6,0,0
BRDA:324,6,1,0
BRDA:330,7,0,0
BRDA:330,7,1,0
BRDA:335,8,0,0
BRDA:337,9,0,0
BRDA:342,10,0,0
BRDA:354,11,0,0
BRDA:354,11,1,0
BRDA:364,12,0,0
BRDA:364,12,1,0
BRDA:403,13,0,0
BRDA:406,14,0,0
BRDA:406,14,1,0
BRDA:410,15,0,0
BRDA:413,16,0,0
BRDA:413,17,0,0
BRDA:413,17,1,0
BRDA:419,18,0,0
BRDA:419,19,0,0
BRDA:419,19,1,0
BRDA:422,20,0,0
BRDA:432,21,0,0
BRDA:433,22,0,0
BRDA:433,22,1,0
BRDA:433,23,0,0
BRDA:433,23,1,0
BRDA:441,24,0,0
BRDA:441,24,1,0
BRDA:441,24,2,0
BRDA:443,25,0,0
BRDA:461,26,0,0
BRDA:464,27,0,0
BRDA:464,27,1,0
BRDA:465,28,0,0
BRDA:468,29,0,0
BRDA:471,30,0,0
BRDA:471,31,0,0
BRDA:471,31,1,0
BRDA:477,32,0,0
BRDA:479,33,0,0
BRDA:485,34,0,0
BRDA:485,34,1,0
BRDA:485,35,0,0
BRDA:485,35,1,0
BRDA:490,36,0,0
BRDA:490,36,1,0
BRDA:516,37,0,0
BRDA:516,37,1,0
BRDA:520,38,0,0
BRDA:520,39,0,0
BRDA:520,39,1,0
BRDA:522,40,0,0
BRDA:524,41,0,0
BRDA:529,42,0,0
BRDA:529,43,0,0
BRDA:529,43,1,0
BRDA:539,44,0,0
BRDA:543,45,0,0
BRDA:546,46,0,0
BRDA:549,47,0,0
BRDA:552,48,0,0
BRDA:554,49,0,0
BRDA:587,50,0,0
BRDA:587,50,1,0
BRDA:610,51,0,0
BRDA:613,52,0,0
BRDA:613,52,1,0
BRDA:615,53,0,0
BRDA:618,54,0,0
BRDA:621,55,0,0
BRDA:621,56,0,0
BRDA:621,56,1,0
BRDA:628,57,0,0
BRDA:628,58,0,0
BRDA:628,58,1,0
BRDA:628,58,2,0
BRDA:628,58,3,0
BRDA:634,59,0,0
BRDA:641,60,0,0
BRDA:641,60,1,0
BRDA:649,61,0,0
BRDA:649,62,0,0
BRDA:649,62,1,0
BRDA:677,63,0,0
BRDA:681,64,0,0
BRDA:681,64,1,0
BRDA:713,65,0,0
BRDA:716,66,0,0
BRDA:716,66,1,0
BRDA:716,66,2,0
BRDA:719,67,0,0
BRDA:722,68,0,0
BRDA:727,69,0,0
BRDA:727,70,0,0
BRDA:727,70,1,0
BRDA:740,71,0,0
BRDA:740,71,1,0
BRDA:740,71,2,0
BRDA:743,72,0,0
BRDA:743,72,1,0
BRDA:743,73,0,0
BRDA:743,73,1,0
BRDA:775,74,0,0
BRDA:775,75,0,0
BRDA:775,75,1,0
BRDA:777,76,0,0
BRDA:779,77,0,0
BRDA:784,78,0,0
BRDA:784,79,0,0
BRDA:784,79,1,0
BRDA:794,80,0,0
BRDA:798,81,0,0
BRDA:803,82,0,0
BRDA:809,83,0,0
BRDA:809,83,1,0
BRDA:810,84,0,0
BRDA:812,85,0,0
BRDA:812,86,0,0
BRDA:812,86,1,0
BRDA:865,87,0,0
BRDA:872,88,0,0
BRDA:874,89,0,0
BRDA:876,90,0,0
BRDA:880,91,0,0
BRDA:880,92,0,0
BRDA:880,92,1,0
BRDA:882,93,0,0
BRDA:882,94,0,0
BRDA:882,94,1,0
BRDA:884,95,0,0
BRDA:890,96,0,0
BRDA:890,96,1,0
BRDA:929,97,0,0
BRDA:934,98,0,0
BRDA:934,98,1,0
BRF:142
BRH:0
end_of_record
TN:
SF:src/validation/benchmark-gate.ts
FN:65,(anonymous_0)
FN:80,(anonymous_1)
FN:139,(anonymous_2)
FNF:3
FNH:3
FNDA:17,(anonymous_0)
FNDA:17,(anonymous_1)
FNDA:2,(anonymous_2)
DA:66,17
DA:67,17
DA:68,17
DA:69,17
DA:85,17
DA:88,17
DA:89,17
DA:90,17
DA:93,17
DA:94,2
DA:100,17
DA:101,7
DA:107,17
DA:108,5
DA:109,2
DA:111,12
DA:112,1
DA:117,17
DA:119,17
DA:144,2
LF:20
LH:20
BRDA:66,0,0,17
BRDA:66,0,1,12
BRDA:67,1,0,17
BRDA:67,1,1,12
BRDA:68,2,0,17
BRDA:68,2,1,12
BRDA:69,3,0,17
BRDA:69,3,1,9
BRDA:89,4,0,17
BRDA:89,4,1,5
BRDA:93,5,0,2
BRDA:93,6,0,17
BRDA:93,6,1,17
BRDA:95,7,0,2
BRDA:95,7,1,0
BRDA:100,8,0,7
BRDA:100,9,0,17
BRDA:100,9,1,16
BRDA:102,10,0,2
BRDA:102,10,1,5
BRDA:107,11,0,5
BRDA:107,11,1,12
BRDA:108,12,0,2
BRDA:111,13,0,1
BRF:24
BRH:23
end_of_record
TN:
SF:src/validation/constraint-validator.ts
FN:46,(anonymous_0)
FN:59,(anonymous_1)
FN:105,(anonymous_2)
FN:120,(anonymous_3)
FNF:4
FNH:0
FNDA:0,(anonymous_0)
FNDA:0,(anonymous_1)
FNDA:0,(anonymous_2)
FNDA:0,(anonymous_3)
DA:47,0
DA:48,0
DA:49,0
DA:63,0
DA:66,0
DA:67,0
DA:76,0
DA:77,0
DA:86,0
DA:87,0
DA:88,0
DA:98,0
DA:99,0
DA:105,0
DA:107,0
DA:122,0
DA:123,0
DA:127,0
DA:128,0
DA:132,0
DA:133,0
DA:134,0
DA:137,0
LF:23
LH:0
BRDA:70,0,0,0
BRDA:70,0,1,0
BRDA:80,1,0,0
BRDA:80,1,1,0
BRDA:86,2,0,0
BRDA:91,3,0,0
BRDA:91,3,1,0
BRDA:93,4,0,0
BRDA:93,4,1,0
BRDA:102,5,0,0
BRDA:102,5,1,0
BRDA:122,6,0,0
BRDA:122,7,0,0
BRDA:122,7,1,0
BRDA:127,8,0,0
BRDA:133,9,0,0
BRDA:133,10,0,0
BRDA:133,10,1,0
BRF:18
BRH:0
end_of_record
TN:
SF:src/validation/size-limits.ts
FN:23,(anonymous_0)
FN:37,(anonymous_1)
FN:61,(anonymous_2)
FN:85,(anonymous_3)
FN:94,(anonymous_4)
FN:107,(anonymous_5)
FN:134,(anonymous_6)
FNF:7
FNH:6
FNDA:34,(anonymous_0)
FNDA:19,(anonymous_1)
FNDA:16,(anonymous_2)
FNDA:15,(anonymous_3)
FNDA:15,(anonymous_4)
FNDA:0,(anonymous_5)
FNDA:15,(anonymous_6)
DA:24,34
DA:26,34
DA:28,34
DA:30,34
DA:45,19
DA:46,19
DA:48,19
DA:69,16
DA:70,16
DA:72,16
DA:86,15
DA:87,15
DA:88,15
DA:95,15
DA:96,15
DA:97,1
DA:99,14
DA:100,14
DA:116,0
DA:117,0
DA:118,0
DA:119,0
DA:121,0
DA:140,15
DA:143,15
DA:144,15
DA:145,1
DA:149,15
DA:150,15
DA:151,1
DA:157,15
DA:158,15
DA:159,13
DA:160,13
DA:161,1
DA:165,15
LF:36
LH:31
BRDA:24,0,0,34
BRDA:24,0,1,27
BRDA:27,1,0,3
BRDA:27,1,1,31
BRDA:29,2,0,4
BRDA:29,2,1,30
BRDA:31,3,0,2
BRDA:31,3,1,32
BRDA:52,4,0,17
BRDA:52,4,1,2
BRDA:76,5,0,14
BRDA:76,5,1,2
BRDA:88,6,0,14
BRDA:88,6,1,1
BRDA:96,7,0,1
BRDA:100,8,0,13
BRDA:100,8,1,1
BRDA:125,9,0,0
BRDA:125,9,1,0
BRDA:144,10,0,1
BRDA:144,11,0,15
BRDA:144,11,1,1
BRDA:150,12,0,1
BRDA:158,13,0,13
BRDA:160,14,0,1
BRDA:160,15,0,13
BRDA:160,15,1,1
BRF:27
BRH:25
end_of_record
TN:
SF:src/validation/skill-validator.ts
FN:63,(anonymous_0)
FN:70,(anonymous_1)
FN:77,(anonymous_2)
FN:142,(anonymous_3)
FN:180,(anonymous_4)
FN:198,(anonymous_5)
FNF:6
FNH:5
FNDA:21,(anonymous_0)
FNDA:0,(anonymous_1)
FNDA:9,(anonymous_2)
FNDA:15,(anonymous_3)
FNDA:12,(anonymous_4)
FNDA:16,(anonymous_5)
DA:26,2
DA:64,21
DA:71,0
DA:78,9
DA:79,9
DA:82,9
DA:85,9
DA:86,9
DA:87,1
DA:91,9
DA:92,9
DA:93,1
DA:97,9
DA:98,9
DA:99,1
DA:103,9
DA:104,9
DA:105,0
DA:109,9
DA:110,0
DA:114,9
DA:115,9
DA:116,8
DA:117,8
DA:118,1
DA:124,9
DA:145,15
DA:148,15
DA:149,3
DA:150,3
DA:154,12
DA:155,12
DA:156,0
DA:157,0
DA:160,12
DA:163,12
DA:164,12
DA:165,1
DA:169,12
DA:170,12
DA:171,2
DA:174,12
DA:183,12
DA:185,12
DA:186,12
DA:188,12
DA:189,3
DA:192,12
DA:201,16
DA:203,16
DA:204,96
DA:205,7
DA:209,16
LF:53
LH:48
BRDA:86,0,0,1
BRDA:92,1,0,1
BRDA:98,2,0,1
BRDA:104,3,0,0
BRDA:109,4,0,0
BRDA:115,5,0,8
BRDA:117,6,0,1
BRDA:117,7,0,8
BRDA:117,7,1,8
BRDA:148,8,0,3
BRDA:155,9,0,0
BRDA:164,10,0,1
BRDA:170,11,0,2
BRDA:188,12,0,3
BRDA:188,13,0,12
BRDA:188,13,1,9
BRDA:204,14,0,7
BRF:17
BRH:14
end_of_record
TN:
SF:src/validation/test-runner.ts
FN:95,(anonymous_0)
FN:108,(anonymous_1)
FN:121,(anonymous_2)
FN:122,(anonymous_3)
FN:141,(anonymous_4)
FN:182,(anonymous_5)
FN:186,(anonymous_6)
FN:197,(anonymous_7)
FN:226,(anonymous_8)
FN:242,(anonymous_9)
FN:252,(anonymous_10)
FN:277,(anonymous_11)
FN:287,(anonymous_12)
FN:320,(anonymous_13)
FN:326,(anonymous_14)
FNF:15
FNH:0
FNDA:0,(anonymous_0)
FNDA:0,(anonymous_1)
FNDA:0,(anonymous_2)
FNDA:0,(anonymous_3)
FNDA:0,(anonymous_4)
FNDA:0,(anonymous_5)
FNDA:0,(anonymous_6)
FNDA:0,(anonymous_7)
FNDA:0,(anonymous_8)
FNDA:0,(anonymous_9)
FNDA:0,(anonymous_10)
FNDA:0,(anonymous_11)
FNDA:0,(anonymous_12)
FNDA:0,(anonymous_13)
FNDA:0,(anonymous_14)
DA:96,0
DA:97,0
DA:98,0
DA:112,0
DA:113,0
DA:115,0
DA:116,0
DA:117,0
DA:120,0
DA:121,0
DA:122,0
DA:124,0
DA:145,0
DA:147,0
DA:150,0
DA:153,0
DA:154,0
DA:156,0
DA:164,0
DA:165,0
DA:183,0
DA:184,0
DA:186,0
DA:187,0
DA:201,0
DA:231,0
DA:232,0
DA:236,0
DA:243,0
DA:244,0
DA:245,0
DA:253,0
DA:254,0
DA:256,0
DA:257,0
DA:261,0
DA:265,0
DA:266,0
DA:267,0
DA:270,0
DA:271,0
DA:278,0
DA:288,0
DA:291,0
DA:292,0
DA:294,0
DA:295,0
DA:299,0
DA:300,0
DA:301,0
DA:302,0
DA:304,0
DA:313,0
DA:321,0
DA:322,0
DA:325,0
DA:326,0
DA:327,0
DA:328,0
DA:356,0
DA:357,0
DA:358,0
DA:363,0
DA:366,0
DA:367,0
DA:372,0
DA:373,0
DA:376,0
DA:377,0
DA:378,0
DA:381,0
DA:383,0
LF:72
LH:0
BRDA:97,0,0,0
BRDA:97,0,1,0
BRDA:164,1,0,0
BRDA:164,1,1,0
BRDA:183,2,0,0
BRDA:212,3,0,0
BRDA:212,3,1,0
BRDA:231,4,0,0
BRDA:256,5,0,0
BRDA:266,6,0,0
BRDA:301,7,0,0
BRDA:301,7,1,0
BRDA:321,8,0,0
BRDA:356,9,0,0
BRDA:366,10,0,0
BRDA:366,11,0,0
BRDA:366,11,1,0
BRDA:372,12,0,0
BRDA:377,13,0,0
BRF:19
BRH:0
end_of_record
